[0.076s] Invoking command in '/home/parallels/ros2_ws/build/ros2_shared': CMAKE_PREFIX_PATH=${CMAKE_PREFIX_PATH}:/home/parallels/ros2_ws/install/py_pubsub:/home/parallels/ros2_ws/install/opencv_tests:/opt/ros/humble /usr/bin/cmake --build /home/parallels/ros2_ws/build/ros2_shared -- -j2 -l2
[0.174s] Invoked command in '/home/parallels/ros2_ws/build/ros2_shared' returned '0': CMAKE_PREFIX_PATH=${CMAKE_PREFIX_PATH}:/home/parallels/ros2_ws/install/py_pubsub:/home/parallels/ros2_ws/install/opencv_tests:/opt/ros/humble /usr/bin/cmake --build /home/parallels/ros2_ws/build/ros2_shared -- -j2 -l2
[0.363s] Invoking command in '/home/parallels/ros2_ws/build/ros2_shared': CMAKE_PREFIX_PATH=${CMAKE_PREFIX_PATH}:/home/parallels/ros2_ws/install/py_pubsub:/home/parallels/ros2_ws/install/opencv_tests:/opt/ros/humble /usr/bin/cmake --install /home/parallels/ros2_ws/build/ros2_shared
[0.376s] -- Install configuration: ""
[0.378s] -- Execute custom install script
[0.380s] -- Up-to-date symlink: /home/parallels/ros2_ws/install/ros2_shared/include/ros2_shared/context_macros.hpp
[0.380s] -- Up-to-date symlink: /home/parallels/ros2_ws/install/ros2_shared/include/ros2_shared/param_macros.hpp
[0.381s] -- Up-to-date symlink: /home/parallels/ros2_ws/install/ros2_shared/include/ros2_shared/string_printf.hpp
[0.381s] -- Up-to-date symlink: /home/parallels/ros2_ws/install/ros2_shared/share/ament_index/resource_index/package_run_dependencies/ros2_shared
[0.381s] -- Up-to-date symlink: /home/parallels/ros2_ws/install/ros2_shared/share/ament_index/resource_index/parent_prefix_path/ros2_shared
[0.381s] -- Up-to-date symlink: /home/parallels/ros2_ws/install/ros2_shared/share/ros2_shared/environment/ament_prefix_path.sh
[0.381s] -- Up-to-date symlink: /home/parallels/ros2_ws/install/ros2_shared/share/ros2_shared/environment/ament_prefix_path.dsv
[0.386s] -- Up-to-date symlink: /home/parallels/ros2_ws/install/ros2_shared/share/ros2_shared/environment/path.sh
[0.386s] -- Up-to-date symlink: /home/parallels/ros2_ws/install/ros2_shared/share/ros2_shared/environment/path.dsv
[0.386s] -- Up-to-date symlink: /home/parallels/ros2_ws/install/ros2_shared/share/ros2_shared/local_setup.bash
[0.386s] -- Up-to-date symlink: /home/parallels/ros2_ws/install/ros2_shared/share/ros2_shared/local_setup.sh
[0.387s] -- Up-to-date symlink: /home/parallels/ros2_ws/install/ros2_shared/share/ros2_shared/local_setup.zsh
[0.387s] -- Up-to-date symlink: /home/parallels/ros2_ws/install/ros2_shared/share/ros2_shared/local_setup.dsv
[0.387s] -- Symlinking: /home/parallels/ros2_ws/install/ros2_shared/share/ros2_shared/package.dsv
[0.410s] -- Up-to-date symlink: /home/parallels/ros2_ws/install/ros2_shared/share/ament_index/resource_index/packages/ros2_shared
[0.411s] -- Up-to-date symlink: /home/parallels/ros2_ws/install/ros2_shared/share/ros2_shared/cmake/ament_cmake_export_targets-extras.cmake
[0.411s] -- Up-to-date symlink: /home/parallels/ros2_ws/install/ros2_shared/share/ros2_shared/cmake/ament_cmake_export_dependencies-extras.cmake
[0.411s] -- Up-to-date symlink: /home/parallels/ros2_ws/install/ros2_shared/share/ros2_shared/cmake/ros2_sharedConfig.cmake
[0.411s] -- Up-to-date symlink: /home/parallels/ros2_ws/install/ros2_shared/share/ros2_shared/cmake/ros2_sharedConfig-version.cmake
[0.411s] -- Up-to-date symlink: /home/parallels/ros2_ws/install/ros2_shared/share/ros2_shared/package.xml
[0.412s] -- Up-to-date: /home/parallels/ros2_ws/install/ros2_shared/share/ros2_shared/cmake/ros2_shared_targetsExport.cmake
[0.415s] Invoked command in '/home/parallels/ros2_ws/build/ros2_shared' returned '0': CMAKE_PREFIX_PATH=${CMAKE_PREFIX_PATH}:/home/parallels/ros2_ws/install/py_pubsub:/home/parallels/ros2_ws/install/opencv_tests:/opt/ros/humble /usr/bin/cmake --install /home/parallels/ros2_ws/build/ros2_shared
