[0.830s] Invoking command in '/home/parallels/ros2_ws/src/py_pubsub': PYTHONPATH=/home/parallels/ros2_ws/build/py_pubsub/prefix_override:/home/parallels/ros2_ws/install/py_pubsub/lib/python3.10/site-packages:${PYTHONPATH} /usr/bin/python3 setup.py egg_info --egg-base ../../build/py_pubsub build --build-base /home/parallels/ros2_ws/build/py_pubsub/build install --record /home/parallels/ros2_ws/build/py_pubsub/install.log --single-version-externally-managed
[1.155s] running egg_info
[1.156s] writing ../../build/py_pubsub/py_pubsub.egg-info/PKG-INFO
[1.156s] writing dependency_links to ../../build/py_pubsub/py_pubsub.egg-info/dependency_links.txt
[1.156s] writing entry points to ../../build/py_pubsub/py_pubsub.egg-info/entry_points.txt
[1.156s] writing requirements to ../../build/py_pubsub/py_pubsub.egg-info/requires.txt
[1.156s] writing top-level names to ../../build/py_pubsub/py_pubsub.egg-info/top_level.txt
[1.160s] reading manifest file '../../build/py_pubsub/py_pubsub.egg-info/SOURCES.txt'
[1.161s] adding license file 'LICENSE'
[1.161s] writing manifest file '../../build/py_pubsub/py_pubsub.egg-info/SOURCES.txt'
[1.161s] running build
[1.161s] running build_py
[1.162s] copying py_pubsub/subscriber_member_function.py -> /home/parallels/ros2_ws/build/py_pubsub/build/lib/py_pubsub
[1.162s] running install
[1.163s] /usr/lib/python3/dist-packages/setuptools/command/install.py:34: SetuptoolsDeprecationWarning: setup.py install is deprecated. Use build and pip and other standards-based tools.
[1.163s]   warnings.warn(
[1.163s] running install_lib
[1.164s] copying /home/parallels/ros2_ws/build/py_pubsub/build/lib/py_pubsub/subscriber_member_function.py -> /home/parallels/ros2_ws/install/py_pubsub/lib/python3.10/site-packages/py_pubsub
[1.168s] byte-compiling /home/parallels/ros2_ws/install/py_pubsub/lib/python3.10/site-packages/py_pubsub/subscriber_member_function.py to subscriber_member_function.cpython-310.pyc
[1.168s] running install_data
[1.168s] running install_egg_info
[1.168s] removing '/home/parallels/ros2_ws/install/py_pubsub/lib/python3.10/site-packages/py_pubsub-0.0.0-py3.10.egg-info' (and everything under it)
[1.185s] Copying ../../build/py_pubsub/py_pubsub.egg-info to /home/parallels/ros2_ws/install/py_pubsub/lib/python3.10/site-packages/py_pubsub-0.0.0-py3.10.egg-info
[1.190s] running install_scripts
[1.219s] Installing listener script to /home/parallels/ros2_ws/install/py_pubsub/lib/py_pubsub
[1.220s] Installing talker script to /home/parallels/ros2_ws/install/py_pubsub/lib/py_pubsub
[1.220s] writing list of installed files to '/home/parallels/ros2_ws/build/py_pubsub/install.log'
[1.521s] Invoked command in '/home/parallels/ros2_ws/src/py_pubsub' returned '0': PYTHONPATH=/home/parallels/ros2_ws/build/py_pubsub/prefix_override:/home/parallels/ros2_ws/install/py_pubsub/lib/python3.10/site-packages:${PYTHONPATH} /usr/bin/python3 setup.py egg_info --egg-base ../../build/py_pubsub build --build-base /home/parallels/ros2_ws/build/py_pubsub/build install --record /home/parallels/ros2_ws/build/py_pubsub/install.log --single-version-externally-managed
