[0.289s] Invoking command in '/home/parallels/ros2_ws/build/opencv_cam': CMAKE_PREFIX_PATH=/home/parallels/ros2_ws/install/ros2_shared:/home/parallels/ros2_ws/install/vision_opencv:/home/parallels/ros2_ws/install/turtlesim:/home/parallels/ros2_ws/install/opencv_cam:/home/parallels/ros2_ws/install/image_geometry:/home/parallels/ros2_ws/install/cv_bridge:/home/parallels/ros2_ws/install/py_pubsub:/home/parallels/ros2_ws/install/opencv_tests:/opt/ros/humble /usr/bin/cmake --build /home/parallels/ros2_ws/build/opencv_cam -- -j2 -l2
[0.502s] [ 25%] Built target subscriber_node
[0.537s] [ 50%] Built target opencv_cam_node
[0.662s] [ 75%] Built target ipc_test_main
[0.668s] [100%] Built target opencv_cam_main
[0.863s] Invoked command in '/home/parallels/ros2_ws/build/opencv_cam' returned '0': CMAKE_PREFIX_PATH=/home/parallels/ros2_ws/install/ros2_shared:/home/parallels/ros2_ws/install/vision_opencv:/home/parallels/ros2_ws/install/turtlesim:/home/parallels/ros2_ws/install/opencv_cam:/home/parallels/ros2_ws/install/image_geometry:/home/parallels/ros2_ws/install/cv_bridge:/home/parallels/ros2_ws/install/py_pubsub:/home/parallels/ros2_ws/install/opencv_tests:/opt/ros/humble /usr/bin/cmake --build /home/parallels/ros2_ws/build/opencv_cam -- -j2 -l2
[1.218s] Invoking command in '/home/parallels/ros2_ws/build/opencv_cam': CMAKE_PREFIX_PATH=/home/parallels/ros2_ws/install/ros2_shared:/home/parallels/ros2_ws/install/vision_opencv:/home/parallels/ros2_ws/install/turtlesim:/home/parallels/ros2_ws/install/opencv_cam:/home/parallels/ros2_ws/install/image_geometry:/home/parallels/ros2_ws/install/cv_bridge:/home/parallels/ros2_ws/install/py_pubsub:/home/parallels/ros2_ws/install/opencv_tests:/opt/ros/humble /usr/bin/cmake --install /home/parallels/ros2_ws/build/opencv_cam
[1.237s] -- Install configuration: ""
[1.238s] -- Execute custom install script
[1.238s] -- Up-to-date symlink: /home/parallels/ros2_ws/install/opencv_cam/share/opencv_cam/environment/library_path.sh
[1.239s] -- Up-to-date symlink: /home/parallels/ros2_ws/install/opencv_cam/share/opencv_cam/environment/library_path.dsv
[1.239s] -- Up-to-date symlink: /home/parallels/ros2_ws/install/opencv_cam/share/ament_index/resource_index/package_run_dependencies/opencv_cam
[1.239s] -- Up-to-date symlink: /home/parallels/ros2_ws/install/opencv_cam/share/ament_index/resource_index/parent_prefix_path/opencv_cam
[1.240s] -- Up-to-date symlink: /home/parallels/ros2_ws/install/opencv_cam/share/opencv_cam/environment/ament_prefix_path.sh
[1.241s] -- Up-to-date symlink: /home/parallels/ros2_ws/install/opencv_cam/share/opencv_cam/environment/ament_prefix_path.dsv
[1.241s] -- Up-to-date symlink: /home/parallels/ros2_ws/install/opencv_cam/share/opencv_cam/environment/path.sh
[1.241s] -- Up-to-date symlink: /home/parallels/ros2_ws/install/opencv_cam/share/opencv_cam/environment/path.dsv
[1.242s] -- Up-to-date symlink: /home/parallels/ros2_ws/install/opencv_cam/share/opencv_cam/local_setup.bash
[1.243s] -- Up-to-date symlink: /home/parallels/ros2_ws/install/opencv_cam/share/opencv_cam/local_setup.sh
[1.243s] -- Up-to-date symlink: /home/parallels/ros2_ws/install/opencv_cam/share/opencv_cam/local_setup.zsh
[1.243s] -- Up-to-date symlink: /home/parallels/ros2_ws/install/opencv_cam/share/opencv_cam/local_setup.dsv
[1.243s] -- Symlinking: /home/parallels/ros2_ws/install/opencv_cam/share/opencv_cam/package.dsv
[1.249s] -- Up-to-date symlink: /home/parallels/ros2_ws/install/opencv_cam/share/ament_index/resource_index/packages/opencv_cam
[1.249s] -- Up-to-date symlink: /home/parallels/ros2_ws/install/opencv_cam/share/ament_index/resource_index/rclcpp_components/opencv_cam
[1.249s] -- Up-to-date symlink: /home/parallels/ros2_ws/install/opencv_cam/share/opencv_cam/cmake/ament_cmake_export_dependencies-extras.cmake
[1.250s] -- Up-to-date symlink: /home/parallels/ros2_ws/install/opencv_cam/share/opencv_cam/cmake/ament_cmake_export_include_directories-extras.cmake
[1.250s] -- Up-to-date symlink: /home/parallels/ros2_ws/install/opencv_cam/share/opencv_cam/cmake/ament_cmake_export_targets-extras.cmake
[1.250s] -- Up-to-date symlink: /home/parallels/ros2_ws/install/opencv_cam/share/opencv_cam/cmake/ament_cmake_export_libraries-extras.cmake
[1.250s] -- Up-to-date symlink: /home/parallels/ros2_ws/install/opencv_cam/share/opencv_cam/cmake/opencv_camConfig.cmake
[1.250s] -- Up-to-date symlink: /home/parallels/ros2_ws/install/opencv_cam/share/opencv_cam/cmake/opencv_camConfig-version.cmake
[1.250s] -- Up-to-date symlink: /home/parallels/ros2_ws/install/opencv_cam/share/opencv_cam/package.xml
[1.254s] -- Up-to-date symlink: /home/parallels/ros2_ws/install/opencv_cam/lib/opencv_cam/opencv_cam_main
[1.254s] -- Up-to-date symlink: /home/parallels/ros2_ws/install/opencv_cam/lib/opencv_cam/ipc_test_main
[1.254s] -- Up-to-date symlink: /home/parallels/ros2_ws/install/opencv_cam/share/opencv_cam/launch/composition_launch.py
[1.261s] -- Up-to-date: /home/parallels/ros2_ws/install/opencv_cam/share/opencv_cam/cmake/export_opencv_cam_nodeExport.cmake
[1.261s] -- Up-to-date: /home/parallels/ros2_ws/install/opencv_cam/share/opencv_cam/cmake/export_opencv_cam_nodeExport-noconfig.cmake
[1.261s] -- Up-to-date: /home/parallels/ros2_ws/install/opencv_cam/share/opencv_cam/cmake/export_subscriber_nodeExport.cmake
[1.262s] -- Up-to-date: /home/parallels/ros2_ws/install/opencv_cam/share/opencv_cam/cmake/export_subscriber_nodeExport-noconfig.cmake
[1.263s] -- Up-to-date: /home/parallels/ros2_ws/install/opencv_cam/lib/libopencv_cam_node.so
[1.265s] -- Up-to-date: /home/parallels/ros2_ws/install/opencv_cam/lib/libsubscriber_node.so
[1.270s] Invoked command in '/home/parallels/ros2_ws/build/opencv_cam' returned '0': CMAKE_PREFIX_PATH=/home/parallels/ros2_ws/install/ros2_shared:/home/parallels/ros2_ws/install/vision_opencv:/home/parallels/ros2_ws/install/turtlesim:/home/parallels/ros2_ws/install/opencv_cam:/home/parallels/ros2_ws/install/image_geometry:/home/parallels/ros2_ws/install/cv_bridge:/home/parallels/ros2_ws/install/py_pubsub:/home/parallels/ros2_ws/install/opencv_tests:/opt/ros/humble /usr/bin/cmake --install /home/parallels/ros2_ws/build/opencv_cam
