[0.014s] Invoking command in '/home/parallels/ros2_ws/build/image_geometry': /usr/bin/cmake /home/parallels/ros2_ws/src/vision_opencv/image_geometry -DCMAKE_INSTALL_PREFIX=/home/parallels/ros2_ws/install/image_geometry
[0.059s] -- Found ament_cmake_python: 1.3.7 (/opt/ros/humble/share/ament_cmake_python/cmake)
[0.060s] -- Found ament_cmake_ros: 0.10.0 (/opt/ros/humble/share/ament_cmake_ros/cmake)
[0.241s] Traceback (most recent call last):
[0.241s]   File "/opt/ros/humble/share/ament_cmake_core/cmake/package_templates/templates_2_cmake.py", line 21, in <module>
[0.242s]     from ament_package.templates import get_environment_hook_template_path
[0.242s] ModuleNotFoundError: No module named 'ament_package'
[0.255s] [31mCMake Error at /opt/ros/humble/share/ament_cmake_core/cmake/ament_cmake_package_templates-extras.cmake:41 (message):
[0.255s]   execute_process(/usr/bin/python3.10
[0.255s]   /opt/ros/humble/share/ament_cmake_core/cmake/package_templates/templates_2_cmake.py
[0.255s]   /home/parallels/ros2_ws/build/image_geometry/ament_cmake_package_templates/templates.cmake)
[0.255s]   returned error code 1
[0.255s] Call Stack (most recent call first):
[0.255s]   /opt/ros/humble/share/ament_cmake_core/cmake/ament_cmake_coreConfig.cmake:41 (include)
[0.255s]   /opt/ros/humble/share/ament_cmake_test/cmake/ament_cmake_test-extras.cmake:39 (find_package)
[0.255s]   /opt/ros/humble/share/ament_cmake_test/cmake/ament_cmake_testConfig.cmake:41 (include)
[0.255s]   /opt/ros/humble/share/ament_cmake_pytest/cmake/ament_cmake_pytest-extras.cmake:17 (find_package)
[0.255s]   /opt/ros/humble/share/ament_cmake_pytest/cmake/ament_cmake_pytestConfig.cmake:41 (include)
[0.255s]   /opt/ros/humble/share/ament_cmake_ros/cmake/ament_cmake_ros-extras.cmake:19 (find_package)
[0.255s]   /opt/ros/humble/share/ament_cmake_ros/cmake/ament_cmake_rosConfig.cmake:41 (include)
[0.255s]   CMakeLists.txt:5 (find_package)
[0.255s] 
[0.255s] [0m
[0.256s] -- Configuring incomplete, errors occurred!
[0.256s] See also "/home/parallels/ros2_ws/build/image_geometry/CMakeFiles/CMakeOutput.log".
[0.267s] Invoked command in '/home/parallels/ros2_ws/build/image_geometry' returned '1': /usr/bin/cmake /home/parallels/ros2_ws/src/vision_opencv/image_geometry -DCMAKE_INSTALL_PREFIX=/home/parallels/ros2_ws/install/image_geometry
