[0.339s] DEBUG:colcon:Command line arguments: ['/usr/bin/colcon', 'build']
[0.339s] DEBUG:colcon:Parsed command line arguments: Namespace(log_base=None, log_level=None, verb_name='build', build_base='build', install_base='install', merge_install=False, symlink_install=False, test_result_base=None, continue_on_error=False, executor='parallel', parallel_workers=2, event_handlers=None, ignore_user_meta=False, metas=['./colcon.meta'], base_paths=['.'], packages_ignore=None, packages_ignore_regex=None, paths=None, packages_up_to=None, packages_up_to_regex=None, packages_above=None, packages_above_and_dependencies=None, packages_above_depth=None, packages_select_by_dep=None, packages_skip_by_dep=None, packages_skip_up_to=None, packages_select_build_failed=False, packages_skip_build_finished=False, packages_select_test_failures=False, packages_skip_test_passed=False, packages_select=None, packages_skip=None, packages_select_regex=None, packages_skip_regex=None, packages_start=None, packages_end=None, allow_overriding=[], cmake_args=None, cmake_target=None, cmake_target_skip_unavailable=False, cmake_clean_cache=False, cmake_clean_first=False, cmake_force_configure=False, ament_cmake_args=None, catkin_cmake_args=None, catkin_skip_building_tests=False, verb_parser=<colcon_defaults.argument_parser.defaults.DefaultArgumentsDecorator object at 0xffff84394e20>, verb_extension=<colcon_core.verb.build.BuildVerb object at 0xffff843944c0>, main=<bound method BuildVerb.main of <colcon_core.verb.build.BuildVerb object at 0xffff843944c0>>)
[0.363s] Level 1:colcon.colcon_core.package_discovery:discover_packages(colcon_meta) check parameters
[0.363s] Level 1:colcon.colcon_core.package_discovery:discover_packages(recursive) check parameters
[0.363s] Level 1:colcon.colcon_core.package_discovery:discover_packages(ignore) check parameters
[0.363s] Level 1:colcon.colcon_core.package_discovery:discover_packages(path) check parameters
[0.363s] Level 1:colcon.colcon_core.package_discovery:discover_packages(colcon_meta) discover
[0.363s] Level 1:colcon.colcon_core.package_discovery:discover_packages(recursive) discover
[0.363s] INFO:colcon.colcon_core.package_discovery:Crawling recursively for packages in '/home/parallels/ros2_ws'
[0.363s] Level 1:colcon.colcon_core.package_identification:_identify(.) by extensions ['ignore', 'ignore_ament_install']
[0.363s] Level 1:colcon.colcon_core.package_identification:_identify(.) by extension 'ignore'
[0.364s] Level 1:colcon.colcon_core.package_identification:_identify(.) by extension 'ignore_ament_install'
[0.364s] Level 1:colcon.colcon_core.package_identification:_identify(.) by extensions ['colcon_pkg']
[0.364s] Level 1:colcon.colcon_core.package_identification:_identify(.) by extension 'colcon_pkg'
[0.364s] Level 1:colcon.colcon_core.package_identification:_identify(.) by extensions ['colcon_meta']
[0.364s] Level 1:colcon.colcon_core.package_identification:_identify(.) by extension 'colcon_meta'
[0.364s] Level 1:colcon.colcon_core.package_identification:_identify(.) by extensions ['ros']
[0.364s] Level 1:colcon.colcon_core.package_identification:_identify(.) by extension 'ros'
[0.373s] Level 1:colcon.colcon_core.package_identification:_identify(.) by extensions ['cmake', 'python']
[0.373s] Level 1:colcon.colcon_core.package_identification:_identify(.) by extension 'cmake'
[0.373s] Level 1:colcon.colcon_core.package_identification:_identify(.) by extension 'python'
[0.373s] Level 1:colcon.colcon_core.package_identification:_identify(.) by extensions ['python_setup_py']
[0.373s] Level 1:colcon.colcon_core.package_identification:_identify(.) by extension 'python_setup_py'
[0.373s] Level 1:colcon.colcon_core.package_identification:_identify(build) by extensions ['ignore', 'ignore_ament_install']
[0.373s] Level 1:colcon.colcon_core.package_identification:_identify(build) by extension 'ignore'
[0.373s] Level 1:colcon.colcon_core.package_identification:_identify(build) ignored
[0.373s] Level 1:colcon.colcon_core.package_identification:_identify(install) by extensions ['ignore', 'ignore_ament_install']
[0.373s] Level 1:colcon.colcon_core.package_identification:_identify(install) by extension 'ignore'
[0.373s] Level 1:colcon.colcon_core.package_identification:_identify(install) ignored
[0.373s] Level 1:colcon.colcon_core.package_identification:_identify(log) by extensions ['ignore', 'ignore_ament_install']
[0.373s] Level 1:colcon.colcon_core.package_identification:_identify(log) by extension 'ignore'
[0.373s] Level 1:colcon.colcon_core.package_identification:_identify(log) ignored
[0.374s] Level 1:colcon.colcon_core.package_identification:_identify(src) by extensions ['ignore', 'ignore_ament_install']
[0.374s] Level 1:colcon.colcon_core.package_identification:_identify(src) by extension 'ignore'
[0.374s] Level 1:colcon.colcon_core.package_identification:_identify(src) by extension 'ignore_ament_install'
[0.374s] Level 1:colcon.colcon_core.package_identification:_identify(src) by extensions ['colcon_pkg']
[0.374s] Level 1:colcon.colcon_core.package_identification:_identify(src) by extension 'colcon_pkg'
[0.374s] Level 1:colcon.colcon_core.package_identification:_identify(src) by extensions ['colcon_meta']
[0.374s] Level 1:colcon.colcon_core.package_identification:_identify(src) by extension 'colcon_meta'
[0.374s] Level 1:colcon.colcon_core.package_identification:_identify(src) by extensions ['ros']
[0.374s] Level 1:colcon.colcon_core.package_identification:_identify(src) by extension 'ros'
[0.374s] Level 1:colcon.colcon_core.package_identification:_identify(src) by extensions ['cmake', 'python']
[0.374s] Level 1:colcon.colcon_core.package_identification:_identify(src) by extension 'cmake'
[0.374s] Level 1:colcon.colcon_core.package_identification:_identify(src) by extension 'python'
[0.374s] Level 1:colcon.colcon_core.package_identification:_identify(src) by extensions ['python_setup_py']
[0.374s] Level 1:colcon.colcon_core.package_identification:_identify(src) by extension 'python_setup_py'
[0.374s] Level 1:colcon.colcon_core.package_identification:_identify(src/Ros2VisualIdentifier) by extensions ['ignore', 'ignore_ament_install']
[0.374s] Level 1:colcon.colcon_core.package_identification:_identify(src/Ros2VisualIdentifier) by extension 'ignore'
[0.374s] Level 1:colcon.colcon_core.package_identification:_identify(src/Ros2VisualIdentifier) by extension 'ignore_ament_install'
[0.374s] Level 1:colcon.colcon_core.package_identification:_identify(src/Ros2VisualIdentifier) by extensions ['colcon_pkg']
[0.374s] Level 1:colcon.colcon_core.package_identification:_identify(src/Ros2VisualIdentifier) by extension 'colcon_pkg'
[0.374s] Level 1:colcon.colcon_core.package_identification:_identify(src/Ros2VisualIdentifier) by extensions ['colcon_meta']
[0.374s] Level 1:colcon.colcon_core.package_identification:_identify(src/Ros2VisualIdentifier) by extension 'colcon_meta'
[0.374s] Level 1:colcon.colcon_core.package_identification:_identify(src/Ros2VisualIdentifier) by extensions ['ros']
[0.374s] Level 1:colcon.colcon_core.package_identification:_identify(src/Ros2VisualIdentifier) by extension 'ros'
[0.374s] Level 1:colcon.colcon_core.package_identification:_identify(src/Ros2VisualIdentifier) by extensions ['cmake', 'python']
[0.374s] Level 1:colcon.colcon_core.package_identification:_identify(src/Ros2VisualIdentifier) by extension 'cmake'
[0.374s] Level 1:colcon.colcon_core.package_identification:_identify(src/Ros2VisualIdentifier) by extension 'python'
[0.374s] Level 1:colcon.colcon_core.package_identification:_identify(src/Ros2VisualIdentifier) by extensions ['python_setup_py']
[0.374s] Level 1:colcon.colcon_core.package_identification:_identify(src/Ros2VisualIdentifier) by extension 'python_setup_py'
[0.375s] Level 1:colcon.colcon_core.package_identification:_identify(src/Ros2VisualIdentifier/VisionImage) by extensions ['ignore', 'ignore_ament_install']
[0.375s] Level 1:colcon.colcon_core.package_identification:_identify(src/Ros2VisualIdentifier/VisionImage) by extension 'ignore'
[0.375s] Level 1:colcon.colcon_core.package_identification:_identify(src/Ros2VisualIdentifier/VisionImage) by extension 'ignore_ament_install'
[0.375s] Level 1:colcon.colcon_core.package_identification:_identify(src/Ros2VisualIdentifier/VisionImage) by extensions ['colcon_pkg']
[0.375s] Level 1:colcon.colcon_core.package_identification:_identify(src/Ros2VisualIdentifier/VisionImage) by extension 'colcon_pkg'
[0.375s] Level 1:colcon.colcon_core.package_identification:_identify(src/Ros2VisualIdentifier/VisionImage) by extensions ['colcon_meta']
[0.375s] Level 1:colcon.colcon_core.package_identification:_identify(src/Ros2VisualIdentifier/VisionImage) by extension 'colcon_meta'
[0.375s] Level 1:colcon.colcon_core.package_identification:_identify(src/Ros2VisualIdentifier/VisionImage) by extensions ['ros']
[0.375s] Level 1:colcon.colcon_core.package_identification:_identify(src/Ros2VisualIdentifier/VisionImage) by extension 'ros'
[0.375s] Level 1:colcon.colcon_core.package_identification:_identify(src/Ros2VisualIdentifier/VisionImage) by extensions ['cmake', 'python']
[0.375s] Level 1:colcon.colcon_core.package_identification:_identify(src/Ros2VisualIdentifier/VisionImage) by extension 'cmake'
[0.375s] Level 1:colcon.colcon_core.package_identification:_identify(src/Ros2VisualIdentifier/VisionImage) by extension 'python'
[0.375s] Level 1:colcon.colcon_core.package_identification:_identify(src/Ros2VisualIdentifier/VisionImage) by extensions ['python_setup_py']
[0.375s] Level 1:colcon.colcon_core.package_identification:_identify(src/Ros2VisualIdentifier/VisionImage) by extension 'python_setup_py'
[0.375s] Level 1:colcon.colcon_core.package_identification:_identify(src/opencv_cam) by extensions ['ignore', 'ignore_ament_install']
[0.375s] Level 1:colcon.colcon_core.package_identification:_identify(src/opencv_cam) by extension 'ignore'
[0.375s] Level 1:colcon.colcon_core.package_identification:_identify(src/opencv_cam) by extension 'ignore_ament_install'
[0.375s] Level 1:colcon.colcon_core.package_identification:_identify(src/opencv_cam) by extensions ['colcon_pkg']
[0.375s] Level 1:colcon.colcon_core.package_identification:_identify(src/opencv_cam) by extension 'colcon_pkg'
[0.375s] Level 1:colcon.colcon_core.package_identification:_identify(src/opencv_cam) by extensions ['colcon_meta']
[0.375s] Level 1:colcon.colcon_core.package_identification:_identify(src/opencv_cam) by extension 'colcon_meta'
[0.375s] Level 1:colcon.colcon_core.package_identification:_identify(src/opencv_cam) by extensions ['ros']
[0.375s] Level 1:colcon.colcon_core.package_identification:_identify(src/opencv_cam) by extension 'ros'
[0.377s] DEBUG:colcon.colcon_core.package_identification:Package 'src/opencv_cam' with type 'ros.ament_cmake' and name 'opencv_cam'
[0.377s] Level 1:colcon.colcon_core.package_identification:_identify(src/py_pubsub) by extensions ['ignore', 'ignore_ament_install']
[0.377s] Level 1:colcon.colcon_core.package_identification:_identify(src/py_pubsub) by extension 'ignore'
[0.377s] Level 1:colcon.colcon_core.package_identification:_identify(src/py_pubsub) by extension 'ignore_ament_install'
[0.377s] Level 1:colcon.colcon_core.package_identification:_identify(src/py_pubsub) by extensions ['colcon_pkg']
[0.377s] Level 1:colcon.colcon_core.package_identification:_identify(src/py_pubsub) by extension 'colcon_pkg'
[0.378s] Level 1:colcon.colcon_core.package_identification:_identify(src/py_pubsub) by extensions ['colcon_meta']
[0.378s] Level 1:colcon.colcon_core.package_identification:_identify(src/py_pubsub) by extension 'colcon_meta'
[0.378s] Level 1:colcon.colcon_core.package_identification:_identify(src/py_pubsub) by extensions ['ros']
[0.378s] Level 1:colcon.colcon_core.package_identification:_identify(src/py_pubsub) by extension 'ros'
[0.378s] DEBUG:colcon.colcon_core.package_identification:Package 'src/py_pubsub' with type 'ros.ament_python' and name 'py_pubsub'
[0.378s] Level 1:colcon.colcon_core.package_identification:_identify(src/ros2_shared) by extensions ['ignore', 'ignore_ament_install']
[0.378s] Level 1:colcon.colcon_core.package_identification:_identify(src/ros2_shared) by extension 'ignore'
[0.378s] Level 1:colcon.colcon_core.package_identification:_identify(src/ros2_shared) by extension 'ignore_ament_install'
[0.378s] Level 1:colcon.colcon_core.package_identification:_identify(src/ros2_shared) by extensions ['colcon_pkg']
[0.378s] Level 1:colcon.colcon_core.package_identification:_identify(src/ros2_shared) by extension 'colcon_pkg'
[0.378s] Level 1:colcon.colcon_core.package_identification:_identify(src/ros2_shared) by extensions ['colcon_meta']
[0.379s] Level 1:colcon.colcon_core.package_identification:_identify(src/ros2_shared) by extension 'colcon_meta'
[0.379s] Level 1:colcon.colcon_core.package_identification:_identify(src/ros2_shared) by extensions ['ros']
[0.379s] Level 1:colcon.colcon_core.package_identification:_identify(src/ros2_shared) by extension 'ros'
[0.379s] DEBUG:colcon.colcon_core.package_identification:Package 'src/ros2_shared' with type 'ros.ament_cmake' and name 'ros2_shared'
[0.379s] Level 1:colcon.colcon_core.package_identification:_identify(src/ros_tutorials) by extensions ['ignore', 'ignore_ament_install']
[0.379s] Level 1:colcon.colcon_core.package_identification:_identify(src/ros_tutorials) by extension 'ignore'
[0.379s] Level 1:colcon.colcon_core.package_identification:_identify(src/ros_tutorials) by extension 'ignore_ament_install'
[0.379s] Level 1:colcon.colcon_core.package_identification:_identify(src/ros_tutorials) by extensions ['colcon_pkg']
[0.379s] Level 1:colcon.colcon_core.package_identification:_identify(src/ros_tutorials) by extension 'colcon_pkg'
[0.379s] Level 1:colcon.colcon_core.package_identification:_identify(src/ros_tutorials) by extensions ['colcon_meta']
[0.379s] Level 1:colcon.colcon_core.package_identification:_identify(src/ros_tutorials) by extension 'colcon_meta'
[0.379s] Level 1:colcon.colcon_core.package_identification:_identify(src/ros_tutorials) by extensions ['ros']
[0.379s] Level 1:colcon.colcon_core.package_identification:_identify(src/ros_tutorials) by extension 'ros'
[0.379s] Level 1:colcon.colcon_core.package_identification:_identify(src/ros_tutorials) by extensions ['cmake', 'python']
[0.379s] Level 1:colcon.colcon_core.package_identification:_identify(src/ros_tutorials) by extension 'cmake'
[0.379s] Level 1:colcon.colcon_core.package_identification:_identify(src/ros_tutorials) by extension 'python'
[0.379s] Level 1:colcon.colcon_core.package_identification:_identify(src/ros_tutorials) by extensions ['python_setup_py']
[0.379s] Level 1:colcon.colcon_core.package_identification:_identify(src/ros_tutorials) by extension 'python_setup_py'
[0.380s] Level 1:colcon.colcon_core.package_identification:_identify(src/ros_tutorials/ros_tutorials) by extensions ['ignore', 'ignore_ament_install']
[0.380s] Level 1:colcon.colcon_core.package_identification:_identify(src/ros_tutorials/ros_tutorials) by extension 'ignore'
[0.380s] Level 1:colcon.colcon_core.package_identification:_identify(src/ros_tutorials/ros_tutorials) ignored
[0.380s] Level 1:colcon.colcon_core.package_identification:_identify(src/ros_tutorials/roscpp_tutorials) by extensions ['ignore', 'ignore_ament_install']
[0.380s] Level 1:colcon.colcon_core.package_identification:_identify(src/ros_tutorials/roscpp_tutorials) by extension 'ignore'
[0.380s] Level 1:colcon.colcon_core.package_identification:_identify(src/ros_tutorials/roscpp_tutorials) ignored
[0.380s] Level 1:colcon.colcon_core.package_identification:_identify(src/ros_tutorials/rospy_tutorials) by extensions ['ignore', 'ignore_ament_install']
[0.380s] Level 1:colcon.colcon_core.package_identification:_identify(src/ros_tutorials/rospy_tutorials) by extension 'ignore'
[0.380s] Level 1:colcon.colcon_core.package_identification:_identify(src/ros_tutorials/rospy_tutorials) ignored
[0.380s] Level 1:colcon.colcon_core.package_identification:_identify(src/vision_opencv) by extensions ['ignore', 'ignore_ament_install']
[0.380s] Level 1:colcon.colcon_core.package_identification:_identify(src/vision_opencv) by extension 'ignore'
[0.380s] Level 1:colcon.colcon_core.package_identification:_identify(src/vision_opencv) by extension 'ignore_ament_install'
[0.380s] Level 1:colcon.colcon_core.package_identification:_identify(src/vision_opencv) by extensions ['colcon_pkg']
[0.380s] Level 1:colcon.colcon_core.package_identification:_identify(src/vision_opencv) by extension 'colcon_pkg'
[0.380s] Level 1:colcon.colcon_core.package_identification:_identify(src/vision_opencv) by extensions ['colcon_meta']
[0.380s] Level 1:colcon.colcon_core.package_identification:_identify(src/vision_opencv) by extension 'colcon_meta'
[0.380s] Level 1:colcon.colcon_core.package_identification:_identify(src/vision_opencv) by extensions ['ros']
[0.380s] Level 1:colcon.colcon_core.package_identification:_identify(src/vision_opencv) by extension 'ros'
[0.380s] Level 1:colcon.colcon_core.package_identification:_identify(src/vision_opencv) by extensions ['cmake', 'python']
[0.380s] Level 1:colcon.colcon_core.package_identification:_identify(src/vision_opencv) by extension 'cmake'
[0.380s] Level 1:colcon.colcon_core.package_identification:_identify(src/vision_opencv) by extension 'python'
[0.380s] Level 1:colcon.colcon_core.package_identification:_identify(src/vision_opencv) by extensions ['python_setup_py']
[0.380s] Level 1:colcon.colcon_core.package_identification:_identify(src/vision_opencv) by extension 'python_setup_py'
[0.380s] Level 1:colcon.colcon_core.package_identification:_identify(src/vision_opencv/cv_bridge) by extensions ['ignore', 'ignore_ament_install']
[0.380s] Level 1:colcon.colcon_core.package_identification:_identify(src/vision_opencv/cv_bridge) by extension 'ignore'
[0.381s] Level 1:colcon.colcon_core.package_identification:_identify(src/vision_opencv/cv_bridge) by extension 'ignore_ament_install'
[0.381s] Level 1:colcon.colcon_core.package_identification:_identify(src/vision_opencv/cv_bridge) by extensions ['colcon_pkg']
[0.381s] Level 1:colcon.colcon_core.package_identification:_identify(src/vision_opencv/cv_bridge) by extension 'colcon_pkg'
[0.381s] Level 1:colcon.colcon_core.package_identification:_identify(src/vision_opencv/cv_bridge) by extensions ['colcon_meta']
[0.381s] Level 1:colcon.colcon_core.package_identification:_identify(src/vision_opencv/cv_bridge) by extension 'colcon_meta'
[0.381s] Level 1:colcon.colcon_core.package_identification:_identify(src/vision_opencv/cv_bridge) by extensions ['ros']
[0.381s] Level 1:colcon.colcon_core.package_identification:_identify(src/vision_opencv/cv_bridge) by extension 'ros'
[0.381s] DEBUG:colcon.colcon_core.package_identification:Package 'src/vision_opencv/cv_bridge' with type 'ros.ament_cmake' and name 'cv_bridge'
[0.381s] Level 1:colcon.colcon_core.package_identification:_identify(src/vision_opencv/image_geometry) by extensions ['ignore', 'ignore_ament_install']
[0.381s] Level 1:colcon.colcon_core.package_identification:_identify(src/vision_opencv/image_geometry) by extension 'ignore'
[0.382s] Level 1:colcon.colcon_core.package_identification:_identify(src/vision_opencv/image_geometry) by extension 'ignore_ament_install'
[0.382s] Level 1:colcon.colcon_core.package_identification:_identify(src/vision_opencv/image_geometry) by extensions ['colcon_pkg']
[0.382s] Level 1:colcon.colcon_core.package_identification:_identify(src/vision_opencv/image_geometry) by extension 'colcon_pkg'
[0.382s] Level 1:colcon.colcon_core.package_identification:_identify(src/vision_opencv/image_geometry) by extensions ['colcon_meta']
[0.382s] Level 1:colcon.colcon_core.package_identification:_identify(src/vision_opencv/image_geometry) by extension 'colcon_meta'
[0.382s] Level 1:colcon.colcon_core.package_identification:_identify(src/vision_opencv/image_geometry) by extensions ['ros']
[0.382s] Level 1:colcon.colcon_core.package_identification:_identify(src/vision_opencv/image_geometry) by extension 'ros'
[0.382s] DEBUG:colcon.colcon_core.package_identification:Package 'src/vision_opencv/image_geometry' with type 'ros.ament_cmake' and name 'image_geometry'
[0.382s] Level 1:colcon.colcon_core.package_identification:_identify(src/vision_opencv/opencv_tests) by extensions ['ignore', 'ignore_ament_install']
[0.382s] Level 1:colcon.colcon_core.package_identification:_identify(src/vision_opencv/opencv_tests) by extension 'ignore'
[0.382s] Level 1:colcon.colcon_core.package_identification:_identify(src/vision_opencv/opencv_tests) by extension 'ignore_ament_install'
[0.382s] Level 1:colcon.colcon_core.package_identification:_identify(src/vision_opencv/opencv_tests) by extensions ['colcon_pkg']
[0.382s] Level 1:colcon.colcon_core.package_identification:_identify(src/vision_opencv/opencv_tests) by extension 'colcon_pkg'
[0.382s] Level 1:colcon.colcon_core.package_identification:_identify(src/vision_opencv/opencv_tests) by extensions ['colcon_meta']
[0.382s] Level 1:colcon.colcon_core.package_identification:_identify(src/vision_opencv/opencv_tests) by extension 'colcon_meta'
[0.382s] Level 1:colcon.colcon_core.package_identification:_identify(src/vision_opencv/opencv_tests) by extensions ['ros']
[0.382s] Level 1:colcon.colcon_core.package_identification:_identify(src/vision_opencv/opencv_tests) by extension 'ros'
[0.383s] DEBUG:colcon.colcon_core.package_identification:Package 'src/vision_opencv/opencv_tests' with type 'ros.ament_python' and name 'opencv_tests'
[0.383s] Level 1:colcon.colcon_core.package_identification:_identify(src/vision_opencv/vision_opencv) by extensions ['ignore', 'ignore_ament_install']
[0.383s] Level 1:colcon.colcon_core.package_identification:_identify(src/vision_opencv/vision_opencv) by extension 'ignore'
[0.383s] Level 1:colcon.colcon_core.package_identification:_identify(src/vision_opencv/vision_opencv) by extension 'ignore_ament_install'
[0.383s] Level 1:colcon.colcon_core.package_identification:_identify(src/vision_opencv/vision_opencv) by extensions ['colcon_pkg']
[0.383s] Level 1:colcon.colcon_core.package_identification:_identify(src/vision_opencv/vision_opencv) by extension 'colcon_pkg'
[0.383s] Level 1:colcon.colcon_core.package_identification:_identify(src/vision_opencv/vision_opencv) by extensions ['colcon_meta']
[0.383s] Level 1:colcon.colcon_core.package_identification:_identify(src/vision_opencv/vision_opencv) by extension 'colcon_meta'
[0.383s] Level 1:colcon.colcon_core.package_identification:_identify(src/vision_opencv/vision_opencv) by extensions ['ros']
[0.383s] Level 1:colcon.colcon_core.package_identification:_identify(src/vision_opencv/vision_opencv) by extension 'ros'
[0.383s] DEBUG:colcon.colcon_core.package_identification:Package 'src/vision_opencv/vision_opencv' with type 'ros.ament_cmake' and name 'vision_opencv'
[0.383s] Level 1:colcon.colcon_core.package_discovery:discover_packages(recursive) using defaults
[0.384s] Level 1:colcon.colcon_core.package_discovery:discover_packages(ignore) discover
[0.384s] Level 1:colcon.colcon_core.package_discovery:discover_packages(ignore) using defaults
[0.384s] Level 1:colcon.colcon_core.package_discovery:discover_packages(path) discover
[0.384s] Level 1:colcon.colcon_core.package_discovery:discover_packages(path) using defaults
[0.425s] Level 1:colcon.colcon_core.package_discovery:discover_packages(prefix_path) check parameters
[0.425s] Level 1:colcon.colcon_core.package_discovery:discover_packages(prefix_path) discover
[0.429s] Level 1:colcon.colcon_core.package_discovery:discover_packages(prefix_path) using defaults
[0.437s] Level 5:colcon.colcon_core.verb:set package 'cv_bridge' build argument 'cmake_args' from command line to 'None'
[0.437s] Level 5:colcon.colcon_core.verb:set package 'cv_bridge' build argument 'cmake_target' from command line to 'None'
[0.437s] Level 5:colcon.colcon_core.verb:set package 'cv_bridge' build argument 'cmake_target_skip_unavailable' from command line to 'False'
[0.437s] Level 5:colcon.colcon_core.verb:set package 'cv_bridge' build argument 'cmake_clean_cache' from command line to 'False'
[0.437s] Level 5:colcon.colcon_core.verb:set package 'cv_bridge' build argument 'cmake_clean_first' from command line to 'False'
[0.437s] Level 5:colcon.colcon_core.verb:set package 'cv_bridge' build argument 'cmake_force_configure' from command line to 'False'
[0.437s] Level 5:colcon.colcon_core.verb:set package 'cv_bridge' build argument 'ament_cmake_args' from command line to 'None'
[0.437s] Level 5:colcon.colcon_core.verb:set package 'cv_bridge' build argument 'catkin_cmake_args' from command line to 'None'
[0.437s] Level 5:colcon.colcon_core.verb:set package 'cv_bridge' build argument 'catkin_skip_building_tests' from command line to 'False'
[0.437s] DEBUG:colcon.colcon_core.verb:Building package 'cv_bridge' with the following arguments: {'ament_cmake_args': None, 'build_base': '/home/parallels/ros2_ws/build/cv_bridge', 'catkin_cmake_args': None, 'catkin_skip_building_tests': False, 'cmake_args': None, 'cmake_clean_cache': False, 'cmake_clean_first': False, 'cmake_force_configure': False, 'cmake_target': None, 'cmake_target_skip_unavailable': False, 'install_base': '/home/parallels/ros2_ws/install/cv_bridge', 'merge_install': False, 'path': '/home/parallels/ros2_ws/src/vision_opencv/cv_bridge', 'symlink_install': False, 'test_result_base': None}
[0.440s] Level 5:colcon.colcon_core.verb:set package 'image_geometry' build argument 'cmake_args' from command line to 'None'
[0.440s] Level 5:colcon.colcon_core.verb:set package 'image_geometry' build argument 'cmake_target' from command line to 'None'
[0.440s] Level 5:colcon.colcon_core.verb:set package 'image_geometry' build argument 'cmake_target_skip_unavailable' from command line to 'False'
[0.441s] Level 5:colcon.colcon_core.verb:set package 'image_geometry' build argument 'cmake_clean_cache' from command line to 'False'
[0.441s] Level 5:colcon.colcon_core.verb:set package 'image_geometry' build argument 'cmake_clean_first' from command line to 'False'
[0.441s] Level 5:colcon.colcon_core.verb:set package 'image_geometry' build argument 'cmake_force_configure' from command line to 'False'
[0.441s] Level 5:colcon.colcon_core.verb:set package 'image_geometry' build argument 'ament_cmake_args' from command line to 'None'
[0.441s] Level 5:colcon.colcon_core.verb:set package 'image_geometry' build argument 'catkin_cmake_args' from command line to 'None'
[0.441s] Level 5:colcon.colcon_core.verb:set package 'image_geometry' build argument 'catkin_skip_building_tests' from command line to 'False'
[0.441s] DEBUG:colcon.colcon_core.verb:Building package 'image_geometry' with the following arguments: {'ament_cmake_args': None, 'build_base': '/home/parallels/ros2_ws/build/image_geometry', 'catkin_cmake_args': None, 'catkin_skip_building_tests': False, 'cmake_args': None, 'cmake_clean_cache': False, 'cmake_clean_first': False, 'cmake_force_configure': False, 'cmake_target': None, 'cmake_target_skip_unavailable': False, 'install_base': '/home/parallels/ros2_ws/install/image_geometry', 'merge_install': False, 'path': '/home/parallels/ros2_ws/src/vision_opencv/image_geometry', 'symlink_install': False, 'test_result_base': None}
[0.444s] Level 5:colcon.colcon_core.verb:set package 'py_pubsub' build argument 'cmake_args' from command line to 'None'
[0.444s] Level 5:colcon.colcon_core.verb:set package 'py_pubsub' build argument 'cmake_target' from command line to 'None'
[0.445s] Level 5:colcon.colcon_core.verb:set package 'py_pubsub' build argument 'cmake_target_skip_unavailable' from command line to 'False'
[0.445s] Level 5:colcon.colcon_core.verb:set package 'py_pubsub' build argument 'cmake_clean_cache' from command line to 'False'
[0.445s] Level 5:colcon.colcon_core.verb:set package 'py_pubsub' build argument 'cmake_clean_first' from command line to 'False'
[0.445s] Level 5:colcon.colcon_core.verb:set package 'py_pubsub' build argument 'cmake_force_configure' from command line to 'False'
[0.445s] Level 5:colcon.colcon_core.verb:set package 'py_pubsub' build argument 'ament_cmake_args' from command line to 'None'
[0.445s] Level 5:colcon.colcon_core.verb:set package 'py_pubsub' build argument 'catkin_cmake_args' from command line to 'None'
[0.445s] Level 5:colcon.colcon_core.verb:set package 'py_pubsub' build argument 'catkin_skip_building_tests' from command line to 'False'
[0.445s] DEBUG:colcon.colcon_core.verb:Building package 'py_pubsub' with the following arguments: {'ament_cmake_args': None, 'build_base': '/home/parallels/ros2_ws/build/py_pubsub', 'catkin_cmake_args': None, 'catkin_skip_building_tests': False, 'cmake_args': None, 'cmake_clean_cache': False, 'cmake_clean_first': False, 'cmake_force_configure': False, 'cmake_target': None, 'cmake_target_skip_unavailable': False, 'install_base': '/home/parallels/ros2_ws/install/py_pubsub', 'merge_install': False, 'path': '/home/parallels/ros2_ws/src/py_pubsub', 'symlink_install': False, 'test_result_base': None}
[0.448s] Level 5:colcon.colcon_core.verb:set package 'ros2_shared' build argument 'cmake_args' from command line to 'None'
[0.448s] Level 5:colcon.colcon_core.verb:set package 'ros2_shared' build argument 'cmake_target' from command line to 'None'
[0.448s] Level 5:colcon.colcon_core.verb:set package 'ros2_shared' build argument 'cmake_target_skip_unavailable' from command line to 'False'
[0.448s] Level 5:colcon.colcon_core.verb:set package 'ros2_shared' build argument 'cmake_clean_cache' from command line to 'False'
[0.448s] Level 5:colcon.colcon_core.verb:set package 'ros2_shared' build argument 'cmake_clean_first' from command line to 'False'
[0.448s] Level 5:colcon.colcon_core.verb:set package 'ros2_shared' build argument 'cmake_force_configure' from command line to 'False'
[0.448s] Level 5:colcon.colcon_core.verb:set package 'ros2_shared' build argument 'ament_cmake_args' from command line to 'None'
[0.448s] Level 5:colcon.colcon_core.verb:set package 'ros2_shared' build argument 'catkin_cmake_args' from command line to 'None'
[0.448s] Level 5:colcon.colcon_core.verb:set package 'ros2_shared' build argument 'catkin_skip_building_tests' from command line to 'False'
[0.448s] DEBUG:colcon.colcon_core.verb:Building package 'ros2_shared' with the following arguments: {'ament_cmake_args': None, 'build_base': '/home/parallels/ros2_ws/build/ros2_shared', 'catkin_cmake_args': None, 'catkin_skip_building_tests': False, 'cmake_args': None, 'cmake_clean_cache': False, 'cmake_clean_first': False, 'cmake_force_configure': False, 'cmake_target': None, 'cmake_target_skip_unavailable': False, 'install_base': '/home/parallels/ros2_ws/install/ros2_shared', 'merge_install': False, 'path': '/home/parallels/ros2_ws/src/ros2_shared', 'symlink_install': False, 'test_result_base': None}
[0.452s] Level 5:colcon.colcon_core.verb:set package 'opencv_cam' build argument 'cmake_args' from command line to 'None'
[0.452s] Level 5:colcon.colcon_core.verb:set package 'opencv_cam' build argument 'cmake_target' from command line to 'None'
[0.452s] Level 5:colcon.colcon_core.verb:set package 'opencv_cam' build argument 'cmake_target_skip_unavailable' from command line to 'False'
[0.452s] Level 5:colcon.colcon_core.verb:set package 'opencv_cam' build argument 'cmake_clean_cache' from command line to 'False'
[0.452s] Level 5:colcon.colcon_core.verb:set package 'opencv_cam' build argument 'cmake_clean_first' from command line to 'False'
[0.452s] Level 5:colcon.colcon_core.verb:set package 'opencv_cam' build argument 'cmake_force_configure' from command line to 'False'
[0.452s] Level 5:colcon.colcon_core.verb:set package 'opencv_cam' build argument 'ament_cmake_args' from command line to 'None'
[0.452s] Level 5:colcon.colcon_core.verb:set package 'opencv_cam' build argument 'catkin_cmake_args' from command line to 'None'
[0.452s] Level 5:colcon.colcon_core.verb:set package 'opencv_cam' build argument 'catkin_skip_building_tests' from command line to 'False'
[0.452s] DEBUG:colcon.colcon_core.verb:Building package 'opencv_cam' with the following arguments: {'ament_cmake_args': None, 'build_base': '/home/parallels/ros2_ws/build/opencv_cam', 'catkin_cmake_args': None, 'catkin_skip_building_tests': False, 'cmake_args': None, 'cmake_clean_cache': False, 'cmake_clean_first': False, 'cmake_force_configure': False, 'cmake_target': None, 'cmake_target_skip_unavailable': False, 'install_base': '/home/parallels/ros2_ws/install/opencv_cam', 'merge_install': False, 'path': '/home/parallels/ros2_ws/src/opencv_cam', 'symlink_install': False, 'test_result_base': None}
[0.456s] Level 5:colcon.colcon_core.verb:set package 'opencv_tests' build argument 'cmake_args' from command line to 'None'
[0.456s] Level 5:colcon.colcon_core.verb:set package 'opencv_tests' build argument 'cmake_target' from command line to 'None'
[0.456s] Level 5:colcon.colcon_core.verb:set package 'opencv_tests' build argument 'cmake_target_skip_unavailable' from command line to 'False'
[0.456s] Level 5:colcon.colcon_core.verb:set package 'opencv_tests' build argument 'cmake_clean_cache' from command line to 'False'
[0.456s] Level 5:colcon.colcon_core.verb:set package 'opencv_tests' build argument 'cmake_clean_first' from command line to 'False'
[0.456s] Level 5:colcon.colcon_core.verb:set package 'opencv_tests' build argument 'cmake_force_configure' from command line to 'False'
[0.456s] Level 5:colcon.colcon_core.verb:set package 'opencv_tests' build argument 'ament_cmake_args' from command line to 'None'
[0.456s] Level 5:colcon.colcon_core.verb:set package 'opencv_tests' build argument 'catkin_cmake_args' from command line to 'None'
[0.456s] Level 5:colcon.colcon_core.verb:set package 'opencv_tests' build argument 'catkin_skip_building_tests' from command line to 'False'
[0.456s] DEBUG:colcon.colcon_core.verb:Building package 'opencv_tests' with the following arguments: {'ament_cmake_args': None, 'build_base': '/home/parallels/ros2_ws/build/opencv_tests', 'catkin_cmake_args': None, 'catkin_skip_building_tests': False, 'cmake_args': None, 'cmake_clean_cache': False, 'cmake_clean_first': False, 'cmake_force_configure': False, 'cmake_target': None, 'cmake_target_skip_unavailable': False, 'install_base': '/home/parallels/ros2_ws/install/opencv_tests', 'merge_install': False, 'path': '/home/parallels/ros2_ws/src/vision_opencv/opencv_tests', 'symlink_install': False, 'test_result_base': None}
[0.460s] Level 5:colcon.colcon_core.verb:set package 'vision_opencv' build argument 'cmake_args' from command line to 'None'
[0.460s] Level 5:colcon.colcon_core.verb:set package 'vision_opencv' build argument 'cmake_target' from command line to 'None'
[0.460s] Level 5:colcon.colcon_core.verb:set package 'vision_opencv' build argument 'cmake_target_skip_unavailable' from command line to 'False'
[0.460s] Level 5:colcon.colcon_core.verb:set package 'vision_opencv' build argument 'cmake_clean_cache' from command line to 'False'
[0.460s] Level 5:colcon.colcon_core.verb:set package 'vision_opencv' build argument 'cmake_clean_first' from command line to 'False'
[0.460s] Level 5:colcon.colcon_core.verb:set package 'vision_opencv' build argument 'cmake_force_configure' from command line to 'False'
[0.460s] Level 5:colcon.colcon_core.verb:set package 'vision_opencv' build argument 'ament_cmake_args' from command line to 'None'
[0.460s] Level 5:colcon.colcon_core.verb:set package 'vision_opencv' build argument 'catkin_cmake_args' from command line to 'None'
[0.460s] Level 5:colcon.colcon_core.verb:set package 'vision_opencv' build argument 'catkin_skip_building_tests' from command line to 'False'
[0.460s] DEBUG:colcon.colcon_core.verb:Building package 'vision_opencv' with the following arguments: {'ament_cmake_args': None, 'build_base': '/home/parallels/ros2_ws/build/vision_opencv', 'catkin_cmake_args': None, 'catkin_skip_building_tests': False, 'cmake_args': None, 'cmake_clean_cache': False, 'cmake_clean_first': False, 'cmake_force_configure': False, 'cmake_target': None, 'cmake_target_skip_unavailable': False, 'install_base': '/home/parallels/ros2_ws/install/vision_opencv', 'merge_install': False, 'path': '/home/parallels/ros2_ws/src/vision_opencv/vision_opencv', 'symlink_install': False, 'test_result_base': None}
[0.464s] INFO:colcon.colcon_core.executor:Executing jobs using 'parallel' executor
[0.468s] DEBUG:colcon.colcon_parallel_executor.executor.parallel:run_until_complete
[0.468s] INFO:colcon.colcon_ros.task.ament_cmake.build:Building ROS package in '/home/parallels/ros2_ws/src/vision_opencv/cv_bridge' with build type 'ament_cmake'
[0.468s] INFO:colcon.colcon_cmake.task.cmake.build:Building CMake package in '/home/parallels/ros2_ws/src/vision_opencv/cv_bridge'
[0.476s] INFO:colcon.colcon_core.plugin_system:Skipping extension 'colcon_core.shell.bat': Not used on non-Windows systems
[0.476s] INFO:colcon.colcon_core.shell:Skip shell extension 'powershell' for command environment: Not usable outside of PowerShell
[0.476s] DEBUG:colcon.colcon_core.shell:Skip shell extension 'dsv' for command environment
[0.485s] INFO:colcon.colcon_ros.task.ament_cmake.build:Building ROS package in '/home/parallels/ros2_ws/src/vision_opencv/image_geometry' with build type 'ament_cmake'
[0.485s] INFO:colcon.colcon_cmake.task.cmake.build:Building CMake package in '/home/parallels/ros2_ws/src/vision_opencv/image_geometry'
[0.489s] INFO:colcon.colcon_core.shell:Skip shell extension 'powershell' for command environment: Not usable outside of PowerShell
[0.489s] DEBUG:colcon.colcon_core.shell:Skip shell extension 'dsv' for command environment
[0.501s] DEBUG:colcon.colcon_core.event_handler.log_command:Invoking command in '/home/parallels/ros2_ws/build/cv_bridge': /usr/bin/cmake --build /home/parallels/ros2_ws/build/cv_bridge -- -j2 -l2
[0.526s] DEBUG:colcon.colcon_core.event_handler.log_command:Invoking command in '/home/parallels/ros2_ws/build/image_geometry': /usr/bin/cmake --build /home/parallels/ros2_ws/build/image_geometry -- -j2 -l2
[1.123s] DEBUG:colcon.colcon_core.event_handler.log_command:Invoked command in '/home/parallels/ros2_ws/build/cv_bridge' returned '0': /usr/bin/cmake --build /home/parallels/ros2_ws/build/cv_bridge -- -j2 -l2
[1.148s] DEBUG:colcon.colcon_core.event_handler.log_command:Invoked command in '/home/parallels/ros2_ws/build/image_geometry' returned '0': /usr/bin/cmake --build /home/parallels/ros2_ws/build/image_geometry -- -j2 -l2
[1.167s] DEBUG:colcon.colcon_core.event_handler.log_command:Invoking command in '/home/parallels/ros2_ws/build/cv_bridge': /usr/bin/cmake --install /home/parallels/ros2_ws/build/cv_bridge
[1.176s] DEBUG:colcon.colcon_core.event_handler.log_command:Invoking command in '/home/parallels/ros2_ws/build/image_geometry': /usr/bin/cmake --install /home/parallels/ros2_ws/build/image_geometry
[1.227s] Level 1:colcon.colcon_core.environment:create_environment_scripts_only(image_geometry)
[1.231s] DEBUG:colcon.colcon_core.event_handler.log_command:Invoked command in '/home/parallels/ros2_ws/build/image_geometry' returned '0': /usr/bin/cmake --install /home/parallels/ros2_ws/build/image_geometry
[1.240s] Level 1:colcon.colcon_core.environment:checking '/home/parallels/ros2_ws/install/image_geometry' for CMake module files
[1.241s] Level 1:colcon.colcon_core.environment:checking '/home/parallels/ros2_ws/install/image_geometry' for CMake config files
[1.242s] Level 1:colcon.colcon_core.shell:create_environment_hook('image_geometry', 'cmake_prefix_path')
[1.250s] INFO:colcon.colcon_core.shell:Creating environment hook '/home/parallels/ros2_ws/install/image_geometry/share/image_geometry/hook/cmake_prefix_path.ps1'
[1.251s] INFO:colcon.colcon_core.shell:Creating environment descriptor '/home/parallels/ros2_ws/install/image_geometry/share/image_geometry/hook/cmake_prefix_path.dsv'
[1.252s] INFO:colcon.colcon_core.shell:Creating environment hook '/home/parallels/ros2_ws/install/image_geometry/share/image_geometry/hook/cmake_prefix_path.sh'
[1.253s] Level 1:colcon.colcon_core.environment:checking '/home/parallels/ros2_ws/install/image_geometry/lib'
[1.253s] Level 1:colcon.colcon_core.shell:create_environment_hook('image_geometry', 'ld_library_path_lib')
[1.258s] INFO:colcon.colcon_core.shell:Creating environment hook '/home/parallels/ros2_ws/install/image_geometry/share/image_geometry/hook/ld_library_path_lib.ps1'
[1.258s] INFO:colcon.colcon_core.shell:Creating environment descriptor '/home/parallels/ros2_ws/install/image_geometry/share/image_geometry/hook/ld_library_path_lib.dsv'
[1.258s] INFO:colcon.colcon_core.shell:Creating environment hook '/home/parallels/ros2_ws/install/image_geometry/share/image_geometry/hook/ld_library_path_lib.sh'
[1.259s] Level 1:colcon.colcon_core.environment:checking '/home/parallels/ros2_ws/install/image_geometry/bin'
[1.259s] Level 1:colcon.colcon_core.environment:checking '/home/parallels/ros2_ws/install/image_geometry/lib/pkgconfig/image_geometry.pc'
[1.260s] Level 1:colcon.colcon_core.environment:checking '/home/parallels/ros2_ws/install/image_geometry/lib/python3.10/site-packages'
[1.260s] Level 1:colcon.colcon_core.environment:checking '/home/parallels/ros2_ws/install/image_geometry/bin'
[1.265s] INFO:colcon.colcon_core.shell:Creating package script '/home/parallels/ros2_ws/install/image_geometry/share/image_geometry/package.ps1'
[1.266s] INFO:colcon.colcon_core.shell:Creating package descriptor '/home/parallels/ros2_ws/install/image_geometry/share/image_geometry/package.dsv'
[1.267s] INFO:colcon.colcon_core.shell:Creating package script '/home/parallels/ros2_ws/install/image_geometry/share/image_geometry/package.sh'
[1.267s] INFO:colcon.colcon_core.shell:Creating package script '/home/parallels/ros2_ws/install/image_geometry/share/image_geometry/package.bash'
[1.290s] INFO:colcon.colcon_core.shell:Creating package script '/home/parallels/ros2_ws/install/image_geometry/share/image_geometry/package.zsh'
[1.291s] Level 1:colcon.colcon_core.environment:create_file_with_runtime_dependencies(/home/parallels/ros2_ws/install/image_geometry/share/colcon-core/packages/image_geometry)
[1.293s] Level 1:colcon.colcon_core.environment:create_environment_scripts_only(cv_bridge)
[1.293s] DEBUG:colcon.colcon_core.event_handler.log_command:Invoked command in '/home/parallels/ros2_ws/build/cv_bridge' returned '0': /usr/bin/cmake --install /home/parallels/ros2_ws/build/cv_bridge
[1.299s] Level 1:colcon.colcon_core.environment:checking '/home/parallels/ros2_ws/install/cv_bridge' for CMake module files
[1.299s] Level 1:colcon.colcon_core.environment:checking '/home/parallels/ros2_ws/install/cv_bridge' for CMake config files
[1.300s] Level 1:colcon.colcon_core.shell:create_environment_hook('cv_bridge', 'cmake_prefix_path')
[1.304s] INFO:colcon.colcon_core.shell:Creating environment hook '/home/parallels/ros2_ws/install/cv_bridge/share/cv_bridge/hook/cmake_prefix_path.ps1'
[1.305s] INFO:colcon.colcon_core.shell:Creating environment descriptor '/home/parallels/ros2_ws/install/cv_bridge/share/cv_bridge/hook/cmake_prefix_path.dsv'
[1.305s] INFO:colcon.colcon_core.shell:Creating environment hook '/home/parallels/ros2_ws/install/cv_bridge/share/cv_bridge/hook/cmake_prefix_path.sh'
[1.306s] Level 1:colcon.colcon_core.environment:checking '/home/parallels/ros2_ws/install/cv_bridge/lib'
[1.306s] Level 1:colcon.colcon_core.shell:create_environment_hook('cv_bridge', 'ld_library_path_lib')
[1.319s] INFO:colcon.colcon_core.shell:Creating environment hook '/home/parallels/ros2_ws/install/cv_bridge/share/cv_bridge/hook/ld_library_path_lib.ps1'
[1.323s] INFO:colcon.colcon_core.shell:Creating environment descriptor '/home/parallels/ros2_ws/install/cv_bridge/share/cv_bridge/hook/ld_library_path_lib.dsv'
[1.324s] INFO:colcon.colcon_core.shell:Creating environment hook '/home/parallels/ros2_ws/install/cv_bridge/share/cv_bridge/hook/ld_library_path_lib.sh'
[1.326s] Level 1:colcon.colcon_core.environment:checking '/home/parallels/ros2_ws/install/cv_bridge/bin'
[1.326s] Level 1:colcon.colcon_core.environment:checking '/home/parallels/ros2_ws/install/cv_bridge/lib/pkgconfig/cv_bridge.pc'
[1.326s] Level 1:colcon.colcon_core.environment:checking '/home/parallels/ros2_ws/install/cv_bridge/lib/python3.10/site-packages'
[1.326s] Level 1:colcon.colcon_core.environment:checking '/home/parallels/ros2_ws/install/cv_bridge/bin'
[1.335s] INFO:colcon.colcon_core.shell:Creating package script '/home/parallels/ros2_ws/install/cv_bridge/share/cv_bridge/package.ps1'
[1.335s] INFO:colcon.colcon_core.shell:Creating package descriptor '/home/parallels/ros2_ws/install/cv_bridge/share/cv_bridge/package.dsv'
[1.336s] INFO:colcon.colcon_core.shell:Creating package script '/home/parallels/ros2_ws/install/cv_bridge/share/cv_bridge/package.sh'
[1.339s] INFO:colcon.colcon_core.shell:Creating package script '/home/parallels/ros2_ws/install/cv_bridge/share/cv_bridge/package.bash'
[1.339s] INFO:colcon.colcon_core.shell:Creating package script '/home/parallels/ros2_ws/install/cv_bridge/share/cv_bridge/package.zsh'
[1.340s] Level 1:colcon.colcon_core.environment:create_file_with_runtime_dependencies(/home/parallels/ros2_ws/install/cv_bridge/share/colcon-core/packages/cv_bridge)
[1.349s] Level 1:colcon.colcon_core.environment:create_environment_scripts_only(image_geometry)
[1.366s] Level 1:colcon.colcon_core.environment:checking '/home/parallels/ros2_ws/install/image_geometry' for CMake module files
[1.369s] Level 1:colcon.colcon_core.environment:checking '/home/parallels/ros2_ws/install/image_geometry' for CMake config files
[1.371s] Level 1:colcon.colcon_core.shell:create_environment_hook('image_geometry', 'cmake_prefix_path')
[1.378s] INFO:colcon.colcon_core.shell:Creating environment hook '/home/parallels/ros2_ws/install/image_geometry/share/image_geometry/hook/cmake_prefix_path.ps1'
[1.378s] INFO:colcon.colcon_core.shell:Creating environment descriptor '/home/parallels/ros2_ws/install/image_geometry/share/image_geometry/hook/cmake_prefix_path.dsv'
[1.379s] INFO:colcon.colcon_core.shell:Creating environment hook '/home/parallels/ros2_ws/install/image_geometry/share/image_geometry/hook/cmake_prefix_path.sh'
[1.379s] Level 1:colcon.colcon_core.environment:checking '/home/parallels/ros2_ws/install/image_geometry/lib'
[1.379s] Level 1:colcon.colcon_core.shell:create_environment_hook('image_geometry', 'ld_library_path_lib')
[1.384s] INFO:colcon.colcon_core.shell:Creating environment hook '/home/parallels/ros2_ws/install/image_geometry/share/image_geometry/hook/ld_library_path_lib.ps1'
[1.384s] INFO:colcon.colcon_core.shell:Creating environment descriptor '/home/parallels/ros2_ws/install/image_geometry/share/image_geometry/hook/ld_library_path_lib.dsv'
[1.385s] INFO:colcon.colcon_core.shell:Creating environment hook '/home/parallels/ros2_ws/install/image_geometry/share/image_geometry/hook/ld_library_path_lib.sh'
[1.385s] Level 1:colcon.colcon_core.environment:checking '/home/parallels/ros2_ws/install/image_geometry/bin'
[1.385s] Level 1:colcon.colcon_core.environment:checking '/home/parallels/ros2_ws/install/image_geometry/lib/pkgconfig/image_geometry.pc'
[1.385s] Level 1:colcon.colcon_core.environment:checking '/home/parallels/ros2_ws/install/image_geometry/lib/python3.10/site-packages'
[1.386s] Level 1:colcon.colcon_core.environment:checking '/home/parallels/ros2_ws/install/image_geometry/bin'
[1.389s] INFO:colcon.colcon_core.shell:Creating package script '/home/parallels/ros2_ws/install/image_geometry/share/image_geometry/package.ps1'
[1.390s] INFO:colcon.colcon_core.shell:Creating package descriptor '/home/parallels/ros2_ws/install/image_geometry/share/image_geometry/package.dsv'
[1.390s] INFO:colcon.colcon_core.shell:Creating package script '/home/parallels/ros2_ws/install/image_geometry/share/image_geometry/package.sh'
[1.391s] INFO:colcon.colcon_core.shell:Creating package script '/home/parallels/ros2_ws/install/image_geometry/share/image_geometry/package.bash'
[1.391s] INFO:colcon.colcon_core.shell:Creating package script '/home/parallels/ros2_ws/install/image_geometry/share/image_geometry/package.zsh'
[1.391s] Level 1:colcon.colcon_core.environment:create_file_with_runtime_dependencies(/home/parallels/ros2_ws/install/image_geometry/share/colcon-core/packages/image_geometry)
[1.392s] INFO:colcon.colcon_ros.task.ament_cmake.build:Building ROS package in '/home/parallels/ros2_ws/src/ros2_shared' with build type 'ament_cmake'
[1.392s] INFO:colcon.colcon_cmake.task.cmake.build:Building CMake package in '/home/parallels/ros2_ws/src/ros2_shared'
[1.396s] INFO:colcon.colcon_core.shell:Skip shell extension 'powershell' for command environment: Not usable outside of PowerShell
[1.396s] DEBUG:colcon.colcon_core.shell:Skip shell extension 'dsv' for command environment
[1.409s] Level 1:colcon.colcon_core.environment:create_environment_scripts_only(cv_bridge)
[1.414s] Level 1:colcon.colcon_core.environment:checking '/home/parallels/ros2_ws/install/cv_bridge' for CMake module files
[1.415s] Level 1:colcon.colcon_core.environment:checking '/home/parallels/ros2_ws/install/cv_bridge' for CMake config files
[1.415s] Level 1:colcon.colcon_core.shell:create_environment_hook('cv_bridge', 'cmake_prefix_path')
[1.419s] INFO:colcon.colcon_core.shell:Creating environment hook '/home/parallels/ros2_ws/install/cv_bridge/share/cv_bridge/hook/cmake_prefix_path.ps1'
[1.420s] INFO:colcon.colcon_core.shell:Creating environment descriptor '/home/parallels/ros2_ws/install/cv_bridge/share/cv_bridge/hook/cmake_prefix_path.dsv'
[1.420s] INFO:colcon.colcon_core.shell:Creating environment hook '/home/parallels/ros2_ws/install/cv_bridge/share/cv_bridge/hook/cmake_prefix_path.sh'
[1.421s] Level 1:colcon.colcon_core.environment:checking '/home/parallels/ros2_ws/install/cv_bridge/lib'
[1.421s] Level 1:colcon.colcon_core.shell:create_environment_hook('cv_bridge', 'ld_library_path_lib')
[1.425s] INFO:colcon.colcon_core.shell:Creating environment hook '/home/parallels/ros2_ws/install/cv_bridge/share/cv_bridge/hook/ld_library_path_lib.ps1'
[1.426s] INFO:colcon.colcon_core.shell:Creating environment descriptor '/home/parallels/ros2_ws/install/cv_bridge/share/cv_bridge/hook/ld_library_path_lib.dsv'
[1.426s] INFO:colcon.colcon_core.shell:Creating environment hook '/home/parallels/ros2_ws/install/cv_bridge/share/cv_bridge/hook/ld_library_path_lib.sh'
[1.426s] Level 1:colcon.colcon_core.environment:checking '/home/parallels/ros2_ws/install/cv_bridge/bin'
[1.426s] Level 1:colcon.colcon_core.environment:checking '/home/parallels/ros2_ws/install/cv_bridge/lib/pkgconfig/cv_bridge.pc'
[1.426s] Level 1:colcon.colcon_core.environment:checking '/home/parallels/ros2_ws/install/cv_bridge/lib/python3.10/site-packages'
[1.427s] Level 1:colcon.colcon_core.environment:checking '/home/parallels/ros2_ws/install/cv_bridge/bin'
[1.430s] INFO:colcon.colcon_core.shell:Creating package script '/home/parallels/ros2_ws/install/cv_bridge/share/cv_bridge/package.ps1'
[1.431s] INFO:colcon.colcon_core.shell:Creating package descriptor '/home/parallels/ros2_ws/install/cv_bridge/share/cv_bridge/package.dsv'
[1.431s] INFO:colcon.colcon_core.shell:Creating package script '/home/parallels/ros2_ws/install/cv_bridge/share/cv_bridge/package.sh'
[1.432s] INFO:colcon.colcon_core.shell:Creating package script '/home/parallels/ros2_ws/install/cv_bridge/share/cv_bridge/package.bash'
[1.432s] INFO:colcon.colcon_core.shell:Creating package script '/home/parallels/ros2_ws/install/cv_bridge/share/cv_bridge/package.zsh'
[1.432s] Level 1:colcon.colcon_core.environment:create_file_with_runtime_dependencies(/home/parallels/ros2_ws/install/cv_bridge/share/colcon-core/packages/cv_bridge)
[1.433s] INFO:colcon.colcon_ros.task.ament_python.build:Building ROS package in '/home/parallels/ros2_ws/src/py_pubsub' with build type 'ament_python'
[1.434s] Level 1:colcon.colcon_core.shell:create_environment_hook('py_pubsub', 'ament_prefix_path')
[1.438s] INFO:colcon.colcon_core.shell:Creating environment hook '/home/parallels/ros2_ws/install/py_pubsub/share/py_pubsub/hook/ament_prefix_path.ps1'
[1.440s] INFO:colcon.colcon_core.shell:Creating environment descriptor '/home/parallels/ros2_ws/install/py_pubsub/share/py_pubsub/hook/ament_prefix_path.dsv'
[1.441s] INFO:colcon.colcon_core.shell:Creating environment hook '/home/parallels/ros2_ws/install/py_pubsub/share/py_pubsub/hook/ament_prefix_path.sh'
[1.445s] INFO:colcon.colcon_core.shell:Skip shell extension 'powershell' for command environment: Not usable outside of PowerShell
[1.445s] DEBUG:colcon.colcon_core.shell:Skip shell extension 'dsv' for command environment
[1.451s] DEBUG:colcon.colcon_core.event_handler.log_command:Invoking command in '/home/parallels/ros2_ws/build/ros2_shared': /usr/bin/cmake --build /home/parallels/ros2_ws/build/ros2_shared -- -j2 -l2
[1.693s] INFO:colcon.colcon_core.task.python.build:Building Python package in '/home/parallels/ros2_ws/src/py_pubsub'
[1.698s] INFO:colcon.colcon_core.shell:Skip shell extension 'powershell' for command environment: Not usable outside of PowerShell
[1.698s] DEBUG:colcon.colcon_core.shell:Skip shell extension 'dsv' for command environment
[1.726s] DEBUG:colcon.colcon_core.event_handler.log_command:Invoked command in '/home/parallels/ros2_ws/build/ros2_shared' returned '0': /usr/bin/cmake --build /home/parallels/ros2_ws/build/ros2_shared -- -j2 -l2
[1.786s] DEBUG:colcon.colcon_core.event_handler.log_command:Invoking command in '/home/parallels/ros2_ws/build/ros2_shared': /usr/bin/cmake --install /home/parallels/ros2_ws/build/ros2_shared
[1.823s] Level 1:colcon.colcon_core.environment:create_environment_scripts_only(ros2_shared)
[1.823s] DEBUG:colcon.colcon_core.event_handler.log_command:Invoked command in '/home/parallels/ros2_ws/build/ros2_shared' returned '0': /usr/bin/cmake --install /home/parallels/ros2_ws/build/ros2_shared
[1.827s] Level 1:colcon.colcon_core.environment:checking '/home/parallels/ros2_ws/install/ros2_shared' for CMake module files
[1.827s] Level 1:colcon.colcon_core.environment:checking '/home/parallels/ros2_ws/install/ros2_shared' for CMake config files
[1.827s] Level 1:colcon.colcon_core.shell:create_environment_hook('ros2_shared', 'cmake_prefix_path')
[1.837s] INFO:colcon.colcon_core.shell:Creating environment hook '/home/parallels/ros2_ws/install/ros2_shared/share/ros2_shared/hook/cmake_prefix_path.ps1'
[1.837s] INFO:colcon.colcon_core.shell:Creating environment descriptor '/home/parallels/ros2_ws/install/ros2_shared/share/ros2_shared/hook/cmake_prefix_path.dsv'
[1.837s] INFO:colcon.colcon_core.shell:Creating environment hook '/home/parallels/ros2_ws/install/ros2_shared/share/ros2_shared/hook/cmake_prefix_path.sh'
[1.837s] Level 1:colcon.colcon_core.environment:checking '/home/parallels/ros2_ws/install/ros2_shared/bin'
[1.838s] Level 1:colcon.colcon_core.environment:checking '/home/parallels/ros2_ws/install/ros2_shared/lib/pkgconfig/ros2_shared.pc'
[1.838s] Level 1:colcon.colcon_core.environment:checking '/home/parallels/ros2_ws/install/ros2_shared/lib/python3.10/site-packages'
[1.838s] Level 1:colcon.colcon_core.environment:checking '/home/parallels/ros2_ws/install/ros2_shared/bin'
[1.849s] INFO:colcon.colcon_core.shell:Creating package script '/home/parallels/ros2_ws/install/ros2_shared/share/ros2_shared/package.ps1'
[1.849s] INFO:colcon.colcon_core.shell:Creating package descriptor '/home/parallels/ros2_ws/install/ros2_shared/share/ros2_shared/package.dsv'
[1.853s] INFO:colcon.colcon_core.shell:Creating package script '/home/parallels/ros2_ws/install/ros2_shared/share/ros2_shared/package.sh'
[1.854s] INFO:colcon.colcon_core.shell:Creating package script '/home/parallels/ros2_ws/install/ros2_shared/share/ros2_shared/package.bash'
[1.854s] INFO:colcon.colcon_core.shell:Creating package script '/home/parallels/ros2_ws/install/ros2_shared/share/ros2_shared/package.zsh'
[1.854s] Level 1:colcon.colcon_core.environment:create_file_with_runtime_dependencies(/home/parallels/ros2_ws/install/ros2_shared/share/colcon-core/packages/ros2_shared)
[1.914s] Level 1:colcon.colcon_core.environment:create_environment_scripts_only(ros2_shared)
[1.953s] Level 1:colcon.colcon_core.environment:checking '/home/parallels/ros2_ws/install/ros2_shared' for CMake module files
[1.954s] Level 1:colcon.colcon_core.environment:checking '/home/parallels/ros2_ws/install/ros2_shared' for CMake config files
[1.955s] Level 1:colcon.colcon_core.shell:create_environment_hook('ros2_shared', 'cmake_prefix_path')
[1.961s] INFO:colcon.colcon_core.shell:Creating environment hook '/home/parallels/ros2_ws/install/ros2_shared/share/ros2_shared/hook/cmake_prefix_path.ps1'
[1.963s] INFO:colcon.colcon_core.shell:Creating environment descriptor '/home/parallels/ros2_ws/install/ros2_shared/share/ros2_shared/hook/cmake_prefix_path.dsv'
[1.964s] INFO:colcon.colcon_core.shell:Creating environment hook '/home/parallels/ros2_ws/install/ros2_shared/share/ros2_shared/hook/cmake_prefix_path.sh'
[1.966s] Level 1:colcon.colcon_core.environment:checking '/home/parallels/ros2_ws/install/ros2_shared/bin'
[1.966s] Level 1:colcon.colcon_core.environment:checking '/home/parallels/ros2_ws/install/ros2_shared/lib/pkgconfig/ros2_shared.pc'
[1.966s] Level 1:colcon.colcon_core.environment:checking '/home/parallels/ros2_ws/install/ros2_shared/lib/python3.10/site-packages'
[1.966s] Level 1:colcon.colcon_core.environment:checking '/home/parallels/ros2_ws/install/ros2_shared/bin'
[1.993s] INFO:colcon.colcon_core.shell:Creating package script '/home/parallels/ros2_ws/install/ros2_shared/share/ros2_shared/package.ps1'
[1.994s] INFO:colcon.colcon_core.shell:Creating package descriptor '/home/parallels/ros2_ws/install/ros2_shared/share/ros2_shared/package.dsv'
[1.995s] INFO:colcon.colcon_core.shell:Creating package script '/home/parallels/ros2_ws/install/ros2_shared/share/ros2_shared/package.sh'
[1.995s] INFO:colcon.colcon_core.shell:Creating package script '/home/parallels/ros2_ws/install/ros2_shared/share/ros2_shared/package.bash'
[1.996s] INFO:colcon.colcon_core.shell:Creating package script '/home/parallels/ros2_ws/install/ros2_shared/share/ros2_shared/package.zsh'
[1.997s] Level 1:colcon.colcon_core.environment:create_file_with_runtime_dependencies(/home/parallels/ros2_ws/install/ros2_shared/share/colcon-core/packages/ros2_shared)
[1.997s] INFO:colcon.colcon_ros.task.ament_cmake.build:Building ROS package in '/home/parallels/ros2_ws/src/opencv_cam' with build type 'ament_cmake'
[1.997s] INFO:colcon.colcon_cmake.task.cmake.build:Building CMake package in '/home/parallels/ros2_ws/src/opencv_cam'
[2.005s] INFO:colcon.colcon_core.shell:Skip shell extension 'powershell' for command environment: Not usable outside of PowerShell
[2.005s] DEBUG:colcon.colcon_core.shell:Skip shell extension 'dsv' for command environment
[2.049s] DEBUG:colcon.colcon_core.event_handler.log_command:Invoking command in '/home/parallels/ros2_ws/build/opencv_cam': AMENT_PREFIX_PATH=/home/parallels/ros2_ws/install/ros2_shared CMAKE_PREFIX_PATH=/home/parallels/ros2_ws/install/ros2_shared /usr/bin/cmake --build /home/parallels/ros2_ws/build/opencv_cam -- -j2 -l2
[2.390s] DEBUG:colcon.colcon_core.event_handler.log_command:Invoking command in '/home/parallels/ros2_ws/src/py_pubsub': PYTHONPATH=/home/parallels/ros2_ws/build/py_pubsub/prefix_override:/home/parallels/ros2_ws/install/py_pubsub/lib/python3.10/site-packages: /usr/bin/python3 setup.py egg_info --egg-base ../../build/py_pubsub build --build-base /home/parallels/ros2_ws/build/py_pubsub/build install --record /home/parallels/ros2_ws/build/py_pubsub/install.log --single-version-externally-managed
[2.632s] DEBUG:colcon.colcon_core.event_handler.log_command:Invoked command in '/home/parallels/ros2_ws/build/opencv_cam' returned '0': AMENT_PREFIX_PATH=/home/parallels/ros2_ws/install/ros2_shared CMAKE_PREFIX_PATH=/home/parallels/ros2_ws/install/ros2_shared /usr/bin/cmake --build /home/parallels/ros2_ws/build/opencv_cam -- -j2 -l2
[2.765s] DEBUG:colcon.colcon_core.event_handler.log_command:Invoked command in '/home/parallels/ros2_ws/src/py_pubsub' returned '0': PYTHONPATH=/home/parallels/ros2_ws/build/py_pubsub/prefix_override:/home/parallels/ros2_ws/install/py_pubsub/lib/python3.10/site-packages: /usr/bin/python3 setup.py egg_info --egg-base ../../build/py_pubsub build --build-base /home/parallels/ros2_ws/build/py_pubsub/build install --record /home/parallels/ros2_ws/build/py_pubsub/install.log --single-version-externally-managed
[2.769s] Level 1:colcon.colcon_core.environment:checking '/home/parallels/ros2_ws/install/py_pubsub' for CMake module files
[2.769s] Level 1:colcon.colcon_core.environment:checking '/home/parallels/ros2_ws/install/py_pubsub' for CMake config files
[2.770s] Level 1:colcon.colcon_core.environment:checking '/home/parallels/ros2_ws/install/py_pubsub/lib'
[2.770s] Level 1:colcon.colcon_core.environment:checking '/home/parallels/ros2_ws/install/py_pubsub/bin'
[2.770s] Level 1:colcon.colcon_core.environment:checking '/home/parallels/ros2_ws/install/py_pubsub/lib/pkgconfig/py_pubsub.pc'
[2.770s] Level 1:colcon.colcon_core.environment:checking '/home/parallels/ros2_ws/install/py_pubsub/lib/python3.10/site-packages'
[2.770s] Level 1:colcon.colcon_core.shell:create_environment_hook('py_pubsub', 'pythonpath')
[2.790s] INFO:colcon.colcon_core.shell:Creating environment hook '/home/parallels/ros2_ws/install/py_pubsub/share/py_pubsub/hook/pythonpath.ps1'
[2.790s] INFO:colcon.colcon_core.shell:Creating environment descriptor '/home/parallels/ros2_ws/install/py_pubsub/share/py_pubsub/hook/pythonpath.dsv'
[2.791s] INFO:colcon.colcon_core.shell:Creating environment hook '/home/parallels/ros2_ws/install/py_pubsub/share/py_pubsub/hook/pythonpath.sh'
[2.791s] Level 1:colcon.colcon_core.environment:checking '/home/parallels/ros2_ws/install/py_pubsub/bin'
[2.791s] Level 1:colcon.colcon_core.environment:create_environment_scripts_only(py_pubsub)
[2.804s] INFO:colcon.colcon_core.shell:Creating package script '/home/parallels/ros2_ws/install/py_pubsub/share/py_pubsub/package.ps1'
[2.811s] INFO:colcon.colcon_core.shell:Creating package descriptor '/home/parallels/ros2_ws/install/py_pubsub/share/py_pubsub/package.dsv'
[2.813s] INFO:colcon.colcon_core.shell:Creating package script '/home/parallels/ros2_ws/install/py_pubsub/share/py_pubsub/package.sh'
[2.813s] INFO:colcon.colcon_core.shell:Creating package script '/home/parallels/ros2_ws/install/py_pubsub/share/py_pubsub/package.bash'
[2.813s] INFO:colcon.colcon_core.shell:Creating package script '/home/parallels/ros2_ws/install/py_pubsub/share/py_pubsub/package.zsh'
[2.813s] Level 1:colcon.colcon_core.environment:create_file_with_runtime_dependencies(/home/parallels/ros2_ws/install/py_pubsub/share/colcon-core/packages/py_pubsub)
[2.813s] INFO:colcon.colcon_ros.task.ament_python.build:Building ROS package in '/home/parallels/ros2_ws/src/vision_opencv/opencv_tests' with build type 'ament_python'
[2.814s] Level 1:colcon.colcon_core.shell:create_environment_hook('opencv_tests', 'ament_prefix_path')
[2.828s] INFO:colcon.colcon_core.shell:Creating environment hook '/home/parallels/ros2_ws/install/opencv_tests/share/opencv_tests/hook/ament_prefix_path.ps1'
[2.828s] INFO:colcon.colcon_core.shell:Creating environment descriptor '/home/parallels/ros2_ws/install/opencv_tests/share/opencv_tests/hook/ament_prefix_path.dsv'
[2.829s] INFO:colcon.colcon_core.shell:Creating environment hook '/home/parallels/ros2_ws/install/opencv_tests/share/opencv_tests/hook/ament_prefix_path.sh'
[2.836s] INFO:colcon.colcon_core.shell:Skip shell extension 'powershell' for command environment: Not usable outside of PowerShell
[2.836s] DEBUG:colcon.colcon_core.shell:Skip shell extension 'dsv' for command environment
[2.866s] DEBUG:colcon.colcon_core.event_handler.log_command:Invoking command in '/home/parallels/ros2_ws/build/opencv_cam': AMENT_PREFIX_PATH=/home/parallels/ros2_ws/install/ros2_shared CMAKE_PREFIX_PATH=/home/parallels/ros2_ws/install/ros2_shared /usr/bin/cmake --install /home/parallels/ros2_ws/build/opencv_cam
[3.158s] INFO:colcon.colcon_core.task.python.build:Building Python package in '/home/parallels/ros2_ws/src/vision_opencv/opencv_tests'
[3.163s] INFO:colcon.colcon_core.shell:Skip shell extension 'powershell' for command environment: Not usable outside of PowerShell
[3.165s] DEBUG:colcon.colcon_core.shell:Skip shell extension 'dsv' for command environment
[3.174s] Level 1:colcon.colcon_core.environment:create_environment_scripts_only(opencv_cam)
[3.175s] DEBUG:colcon.colcon_core.event_handler.log_command:Invoked command in '/home/parallels/ros2_ws/build/opencv_cam' returned '0': AMENT_PREFIX_PATH=/home/parallels/ros2_ws/install/ros2_shared CMAKE_PREFIX_PATH=/home/parallels/ros2_ws/install/ros2_shared /usr/bin/cmake --install /home/parallels/ros2_ws/build/opencv_cam
[3.180s] Level 1:colcon.colcon_core.environment:checking '/home/parallels/ros2_ws/install/opencv_cam' for CMake module files
[3.181s] Level 1:colcon.colcon_core.environment:checking '/home/parallels/ros2_ws/install/opencv_cam' for CMake config files
[3.181s] Level 1:colcon.colcon_core.shell:create_environment_hook('opencv_cam', 'cmake_prefix_path')
[3.201s] INFO:colcon.colcon_core.shell:Creating environment hook '/home/parallels/ros2_ws/install/opencv_cam/share/opencv_cam/hook/cmake_prefix_path.ps1'
[3.203s] INFO:colcon.colcon_core.shell:Creating environment descriptor '/home/parallels/ros2_ws/install/opencv_cam/share/opencv_cam/hook/cmake_prefix_path.dsv'
[3.206s] INFO:colcon.colcon_core.shell:Creating environment hook '/home/parallels/ros2_ws/install/opencv_cam/share/opencv_cam/hook/cmake_prefix_path.sh'
[3.208s] Level 1:colcon.colcon_core.environment:checking '/home/parallels/ros2_ws/install/opencv_cam/lib'
[3.208s] Level 1:colcon.colcon_core.shell:create_environment_hook('opencv_cam', 'ld_library_path_lib')
[3.219s] INFO:colcon.colcon_core.shell:Creating environment hook '/home/parallels/ros2_ws/install/opencv_cam/share/opencv_cam/hook/ld_library_path_lib.ps1'
[3.220s] INFO:colcon.colcon_core.shell:Creating environment descriptor '/home/parallels/ros2_ws/install/opencv_cam/share/opencv_cam/hook/ld_library_path_lib.dsv'
[3.220s] INFO:colcon.colcon_core.shell:Creating environment hook '/home/parallels/ros2_ws/install/opencv_cam/share/opencv_cam/hook/ld_library_path_lib.sh'
[3.227s] Level 1:colcon.colcon_core.environment:checking '/home/parallels/ros2_ws/install/opencv_cam/bin'
[3.227s] Level 1:colcon.colcon_core.environment:checking '/home/parallels/ros2_ws/install/opencv_cam/lib/pkgconfig/opencv_cam.pc'
[3.227s] Level 1:colcon.colcon_core.environment:checking '/home/parallels/ros2_ws/install/opencv_cam/lib/python3.10/site-packages'
[3.227s] Level 1:colcon.colcon_core.environment:checking '/home/parallels/ros2_ws/install/opencv_cam/bin'
[3.232s] INFO:colcon.colcon_core.shell:Creating package script '/home/parallels/ros2_ws/install/opencv_cam/share/opencv_cam/package.ps1'
[3.232s] INFO:colcon.colcon_core.shell:Creating package descriptor '/home/parallels/ros2_ws/install/opencv_cam/share/opencv_cam/package.dsv'
[3.233s] INFO:colcon.colcon_core.shell:Creating package script '/home/parallels/ros2_ws/install/opencv_cam/share/opencv_cam/package.sh'
[3.233s] INFO:colcon.colcon_core.shell:Creating package script '/home/parallels/ros2_ws/install/opencv_cam/share/opencv_cam/package.bash'
[3.233s] INFO:colcon.colcon_core.shell:Creating package script '/home/parallels/ros2_ws/install/opencv_cam/share/opencv_cam/package.zsh'
[3.234s] Level 1:colcon.colcon_core.environment:create_file_with_runtime_dependencies(/home/parallels/ros2_ws/install/opencv_cam/share/colcon-core/packages/opencv_cam)
[3.333s] Level 1:colcon.colcon_core.environment:create_environment_scripts_only(opencv_cam)
[3.336s] Level 1:colcon.colcon_core.environment:checking '/home/parallels/ros2_ws/install/opencv_cam' for CMake module files
[3.337s] Level 1:colcon.colcon_core.environment:checking '/home/parallels/ros2_ws/install/opencv_cam' for CMake config files
[3.337s] Level 1:colcon.colcon_core.shell:create_environment_hook('opencv_cam', 'cmake_prefix_path')
[3.343s] INFO:colcon.colcon_core.shell:Creating environment hook '/home/parallels/ros2_ws/install/opencv_cam/share/opencv_cam/hook/cmake_prefix_path.ps1'
[3.344s] INFO:colcon.colcon_core.shell:Creating environment descriptor '/home/parallels/ros2_ws/install/opencv_cam/share/opencv_cam/hook/cmake_prefix_path.dsv'
[3.344s] INFO:colcon.colcon_core.shell:Creating environment hook '/home/parallels/ros2_ws/install/opencv_cam/share/opencv_cam/hook/cmake_prefix_path.sh'
[3.344s] Level 1:colcon.colcon_core.environment:checking '/home/parallels/ros2_ws/install/opencv_cam/lib'
[3.345s] Level 1:colcon.colcon_core.shell:create_environment_hook('opencv_cam', 'ld_library_path_lib')
[3.348s] INFO:colcon.colcon_core.shell:Creating environment hook '/home/parallels/ros2_ws/install/opencv_cam/share/opencv_cam/hook/ld_library_path_lib.ps1'
[3.350s] INFO:colcon.colcon_core.shell:Creating environment descriptor '/home/parallels/ros2_ws/install/opencv_cam/share/opencv_cam/hook/ld_library_path_lib.dsv'
[3.351s] INFO:colcon.colcon_core.shell:Creating environment hook '/home/parallels/ros2_ws/install/opencv_cam/share/opencv_cam/hook/ld_library_path_lib.sh'
[3.351s] Level 1:colcon.colcon_core.environment:checking '/home/parallels/ros2_ws/install/opencv_cam/bin'
[3.351s] Level 1:colcon.colcon_core.environment:checking '/home/parallels/ros2_ws/install/opencv_cam/lib/pkgconfig/opencv_cam.pc'
[3.351s] Level 1:colcon.colcon_core.environment:checking '/home/parallels/ros2_ws/install/opencv_cam/lib/python3.10/site-packages'
[3.351s] Level 1:colcon.colcon_core.environment:checking '/home/parallels/ros2_ws/install/opencv_cam/bin'
[3.355s] INFO:colcon.colcon_core.shell:Creating package script '/home/parallels/ros2_ws/install/opencv_cam/share/opencv_cam/package.ps1'
[3.356s] INFO:colcon.colcon_core.shell:Creating package descriptor '/home/parallels/ros2_ws/install/opencv_cam/share/opencv_cam/package.dsv'
[3.356s] INFO:colcon.colcon_core.shell:Creating package script '/home/parallels/ros2_ws/install/opencv_cam/share/opencv_cam/package.sh'
[3.357s] INFO:colcon.colcon_core.shell:Creating package script '/home/parallels/ros2_ws/install/opencv_cam/share/opencv_cam/package.bash'
[3.358s] INFO:colcon.colcon_core.shell:Creating package script '/home/parallels/ros2_ws/install/opencv_cam/share/opencv_cam/package.zsh'
[3.359s] Level 1:colcon.colcon_core.environment:create_file_with_runtime_dependencies(/home/parallels/ros2_ws/install/opencv_cam/share/colcon-core/packages/opencv_cam)
[3.360s] INFO:colcon.colcon_ros.task.ament_cmake.build:Building ROS package in '/home/parallels/ros2_ws/src/vision_opencv/vision_opencv' with build type 'ament_cmake'
[3.360s] INFO:colcon.colcon_cmake.task.cmake.build:Building CMake package in '/home/parallels/ros2_ws/src/vision_opencv/vision_opencv'
[3.365s] INFO:colcon.colcon_core.shell:Skip shell extension 'powershell' for command environment: Not usable outside of PowerShell
[3.365s] DEBUG:colcon.colcon_core.shell:Skip shell extension 'dsv' for command environment
[3.381s] DEBUG:colcon.colcon_core.event_handler.log_command:Invoking command in '/home/parallels/ros2_ws/build/vision_opencv': AMENT_PREFIX_PATH=/home/parallels/ros2_ws/install/image_geometry:/home/parallels/ros2_ws/install/cv_bridge CMAKE_PREFIX_PATH=/home/parallels/ros2_ws/install/image_geometry:/home/parallels/ros2_ws/install/cv_bridge LD_LIBRARY_PATH=/home/parallels/ros2_ws/install/image_geometry/lib:/home/parallels/ros2_ws/install/cv_bridge/lib PYTHONPATH=/home/parallels/ros2_ws/install/image_geometry/local/lib/python3.10/dist-packages:/home/parallels/ros2_ws/install/cv_bridge/local/lib/python3.10/dist-packages /usr/bin/cmake --build /home/parallels/ros2_ws/build/vision_opencv -- -j2 -l2
[3.418s] DEBUG:colcon.colcon_core.event_handler.log_command:Invoked command in '/home/parallels/ros2_ws/build/vision_opencv' returned '0': AMENT_PREFIX_PATH=/home/parallels/ros2_ws/install/image_geometry:/home/parallels/ros2_ws/install/cv_bridge CMAKE_PREFIX_PATH=/home/parallels/ros2_ws/install/image_geometry:/home/parallels/ros2_ws/install/cv_bridge LD_LIBRARY_PATH=/home/parallels/ros2_ws/install/image_geometry/lib:/home/parallels/ros2_ws/install/cv_bridge/lib PYTHONPATH=/home/parallels/ros2_ws/install/image_geometry/local/lib/python3.10/dist-packages:/home/parallels/ros2_ws/install/cv_bridge/local/lib/python3.10/dist-packages /usr/bin/cmake --build /home/parallels/ros2_ws/build/vision_opencv -- -j2 -l2
[3.430s] DEBUG:colcon.colcon_core.event_handler.log_command:Invoking command in '/home/parallels/ros2_ws/build/vision_opencv': AMENT_PREFIX_PATH=/home/parallels/ros2_ws/install/image_geometry:/home/parallels/ros2_ws/install/cv_bridge CMAKE_PREFIX_PATH=/home/parallels/ros2_ws/install/image_geometry:/home/parallels/ros2_ws/install/cv_bridge LD_LIBRARY_PATH=/home/parallels/ros2_ws/install/image_geometry/lib:/home/parallels/ros2_ws/install/cv_bridge/lib PYTHONPATH=/home/parallels/ros2_ws/install/image_geometry/local/lib/python3.10/dist-packages:/home/parallels/ros2_ws/install/cv_bridge/local/lib/python3.10/dist-packages /usr/bin/cmake --install /home/parallels/ros2_ws/build/vision_opencv
[3.446s] Level 1:colcon.colcon_core.environment:create_environment_scripts_only(vision_opencv)
[3.450s] DEBUG:colcon.colcon_core.event_handler.log_command:Invoked command in '/home/parallels/ros2_ws/build/vision_opencv' returned '0': AMENT_PREFIX_PATH=/home/parallels/ros2_ws/install/image_geometry:/home/parallels/ros2_ws/install/cv_bridge CMAKE_PREFIX_PATH=/home/parallels/ros2_ws/install/image_geometry:/home/parallels/ros2_ws/install/cv_bridge LD_LIBRARY_PATH=/home/parallels/ros2_ws/install/image_geometry/lib:/home/parallels/ros2_ws/install/cv_bridge/lib PYTHONPATH=/home/parallels/ros2_ws/install/image_geometry/local/lib/python3.10/dist-packages:/home/parallels/ros2_ws/install/cv_bridge/local/lib/python3.10/dist-packages /usr/bin/cmake --install /home/parallels/ros2_ws/build/vision_opencv
[3.452s] Level 1:colcon.colcon_core.environment:checking '/home/parallels/ros2_ws/install/vision_opencv' for CMake module files
[3.452s] Level 1:colcon.colcon_core.environment:checking '/home/parallels/ros2_ws/install/vision_opencv' for CMake config files
[3.453s] Level 1:colcon.colcon_core.shell:create_environment_hook('vision_opencv', 'cmake_prefix_path')
[3.458s] INFO:colcon.colcon_core.shell:Creating environment hook '/home/parallels/ros2_ws/install/vision_opencv/share/vision_opencv/hook/cmake_prefix_path.ps1'
[3.459s] INFO:colcon.colcon_core.shell:Creating environment descriptor '/home/parallels/ros2_ws/install/vision_opencv/share/vision_opencv/hook/cmake_prefix_path.dsv'
[3.459s] INFO:colcon.colcon_core.shell:Creating environment hook '/home/parallels/ros2_ws/install/vision_opencv/share/vision_opencv/hook/cmake_prefix_path.sh'
[3.459s] Level 1:colcon.colcon_core.environment:checking '/home/parallels/ros2_ws/install/vision_opencv/bin'
[3.460s] Level 1:colcon.colcon_core.environment:checking '/home/parallels/ros2_ws/install/vision_opencv/lib/pkgconfig/vision_opencv.pc'
[3.460s] Level 1:colcon.colcon_core.environment:checking '/home/parallels/ros2_ws/install/vision_opencv/lib/python3.10/site-packages'
[3.460s] Level 1:colcon.colcon_core.environment:checking '/home/parallels/ros2_ws/install/vision_opencv/bin'
[3.464s] INFO:colcon.colcon_core.shell:Creating package script '/home/parallels/ros2_ws/install/vision_opencv/share/vision_opencv/package.ps1'
[3.464s] INFO:colcon.colcon_core.shell:Creating package descriptor '/home/parallels/ros2_ws/install/vision_opencv/share/vision_opencv/package.dsv'
[3.465s] INFO:colcon.colcon_core.shell:Creating package script '/home/parallels/ros2_ws/install/vision_opencv/share/vision_opencv/package.sh'
[3.465s] INFO:colcon.colcon_core.shell:Creating package script '/home/parallels/ros2_ws/install/vision_opencv/share/vision_opencv/package.bash'
[3.465s] INFO:colcon.colcon_core.shell:Creating package script '/home/parallels/ros2_ws/install/vision_opencv/share/vision_opencv/package.zsh'
[3.465s] Level 1:colcon.colcon_core.environment:create_file_with_runtime_dependencies(/home/parallels/ros2_ws/install/vision_opencv/share/colcon-core/packages/vision_opencv)
[3.472s] DEBUG:colcon.colcon_core.event_handler.log_command:Invoking command in '/home/parallels/ros2_ws/src/vision_opencv/opencv_tests': AMENT_PREFIX_PATH=/home/parallels/ros2_ws/install/cv_bridge CMAKE_PREFIX_PATH=/home/parallels/ros2_ws/install/cv_bridge LD_LIBRARY_PATH=/home/parallels/ros2_ws/install/cv_bridge/lib PYTHONPATH=/home/parallels/ros2_ws/build/opencv_tests/prefix_override:/home/parallels/ros2_ws/install/opencv_tests/lib/python3.10/site-packages:/home/parallels/ros2_ws/install/cv_bridge/local/lib/python3.10/dist-packages /usr/bin/python3 setup.py egg_info --egg-base ../../../build/opencv_tests build --build-base /home/parallels/ros2_ws/build/opencv_tests/build install --record /home/parallels/ros2_ws/build/opencv_tests/install.log --single-version-externally-managed
[3.515s] Level 1:colcon.colcon_core.environment:create_environment_scripts_only(vision_opencv)
[3.520s] Level 1:colcon.colcon_core.environment:checking '/home/parallels/ros2_ws/install/vision_opencv' for CMake module files
[3.520s] Level 1:colcon.colcon_core.environment:checking '/home/parallels/ros2_ws/install/vision_opencv' for CMake config files
[3.520s] Level 1:colcon.colcon_core.shell:create_environment_hook('vision_opencv', 'cmake_prefix_path')
[3.524s] INFO:colcon.colcon_core.shell:Creating environment hook '/home/parallels/ros2_ws/install/vision_opencv/share/vision_opencv/hook/cmake_prefix_path.ps1'
[3.525s] INFO:colcon.colcon_core.shell:Creating environment descriptor '/home/parallels/ros2_ws/install/vision_opencv/share/vision_opencv/hook/cmake_prefix_path.dsv'
[3.525s] INFO:colcon.colcon_core.shell:Creating environment hook '/home/parallels/ros2_ws/install/vision_opencv/share/vision_opencv/hook/cmake_prefix_path.sh'
[3.525s] Level 1:colcon.colcon_core.environment:checking '/home/parallels/ros2_ws/install/vision_opencv/bin'
[3.526s] Level 1:colcon.colcon_core.environment:checking '/home/parallels/ros2_ws/install/vision_opencv/lib/pkgconfig/vision_opencv.pc'
[3.526s] Level 1:colcon.colcon_core.environment:checking '/home/parallels/ros2_ws/install/vision_opencv/lib/python3.10/site-packages'
[3.526s] Level 1:colcon.colcon_core.environment:checking '/home/parallels/ros2_ws/install/vision_opencv/bin'
[3.538s] INFO:colcon.colcon_core.shell:Creating package script '/home/parallels/ros2_ws/install/vision_opencv/share/vision_opencv/package.ps1'
[3.539s] INFO:colcon.colcon_core.shell:Creating package descriptor '/home/parallels/ros2_ws/install/vision_opencv/share/vision_opencv/package.dsv'
[3.542s] INFO:colcon.colcon_core.shell:Creating package script '/home/parallels/ros2_ws/install/vision_opencv/share/vision_opencv/package.sh'
[3.543s] INFO:colcon.colcon_core.shell:Creating package script '/home/parallels/ros2_ws/install/vision_opencv/share/vision_opencv/package.bash'
[3.543s] INFO:colcon.colcon_core.shell:Creating package script '/home/parallels/ros2_ws/install/vision_opencv/share/vision_opencv/package.zsh'
[3.545s] Level 1:colcon.colcon_core.environment:create_file_with_runtime_dependencies(/home/parallels/ros2_ws/install/vision_opencv/share/colcon-core/packages/vision_opencv)
[3.630s] DEBUG:colcon.colcon_core.event_handler.log_command:Invoked command in '/home/parallels/ros2_ws/src/vision_opencv/opencv_tests' returned '0': AMENT_PREFIX_PATH=/home/parallels/ros2_ws/install/cv_bridge CMAKE_PREFIX_PATH=/home/parallels/ros2_ws/install/cv_bridge LD_LIBRARY_PATH=/home/parallels/ros2_ws/install/cv_bridge/lib PYTHONPATH=/home/parallels/ros2_ws/build/opencv_tests/prefix_override:/home/parallels/ros2_ws/install/opencv_tests/lib/python3.10/site-packages:/home/parallels/ros2_ws/install/cv_bridge/local/lib/python3.10/dist-packages /usr/bin/python3 setup.py egg_info --egg-base ../../../build/opencv_tests build --build-base /home/parallels/ros2_ws/build/opencv_tests/build install --record /home/parallels/ros2_ws/build/opencv_tests/install.log --single-version-externally-managed
[3.632s] Level 1:colcon.colcon_core.environment:checking '/home/parallels/ros2_ws/install/opencv_tests' for CMake module files
[3.632s] Level 1:colcon.colcon_core.environment:checking '/home/parallels/ros2_ws/install/opencv_tests' for CMake config files
[3.633s] Level 1:colcon.colcon_core.environment:checking '/home/parallels/ros2_ws/install/opencv_tests/lib'
[3.633s] Level 1:colcon.colcon_core.environment:checking '/home/parallels/ros2_ws/install/opencv_tests/bin'
[3.633s] Level 1:colcon.colcon_core.environment:checking '/home/parallels/ros2_ws/install/opencv_tests/lib/pkgconfig/opencv_tests.pc'
[3.633s] Level 1:colcon.colcon_core.environment:checking '/home/parallels/ros2_ws/install/opencv_tests/lib/python3.10/site-packages'
[3.633s] Level 1:colcon.colcon_core.shell:create_environment_hook('opencv_tests', 'pythonpath')
[3.637s] INFO:colcon.colcon_core.shell:Creating environment hook '/home/parallels/ros2_ws/install/opencv_tests/share/opencv_tests/hook/pythonpath.ps1'
[3.637s] INFO:colcon.colcon_core.shell:Creating environment descriptor '/home/parallels/ros2_ws/install/opencv_tests/share/opencv_tests/hook/pythonpath.dsv'
[3.637s] INFO:colcon.colcon_core.shell:Creating environment hook '/home/parallels/ros2_ws/install/opencv_tests/share/opencv_tests/hook/pythonpath.sh'
[3.637s] Level 1:colcon.colcon_core.environment:checking '/home/parallels/ros2_ws/install/opencv_tests/bin'
[3.637s] Level 1:colcon.colcon_core.environment:create_environment_scripts_only(opencv_tests)
[3.641s] INFO:colcon.colcon_core.shell:Creating package script '/home/parallels/ros2_ws/install/opencv_tests/share/opencv_tests/package.ps1'
[3.641s] INFO:colcon.colcon_core.shell:Creating package descriptor '/home/parallels/ros2_ws/install/opencv_tests/share/opencv_tests/package.dsv'
[3.642s] INFO:colcon.colcon_core.shell:Creating package script '/home/parallels/ros2_ws/install/opencv_tests/share/opencv_tests/package.sh'
[3.642s] INFO:colcon.colcon_core.shell:Creating package script '/home/parallels/ros2_ws/install/opencv_tests/share/opencv_tests/package.bash'
[3.642s] INFO:colcon.colcon_core.shell:Creating package script '/home/parallels/ros2_ws/install/opencv_tests/share/opencv_tests/package.zsh'
[3.642s] Level 1:colcon.colcon_core.environment:create_file_with_runtime_dependencies(/home/parallels/ros2_ws/install/opencv_tests/share/colcon-core/packages/opencv_tests)
[3.642s] DEBUG:colcon.colcon_parallel_executor.executor.parallel:closing loop
[3.642s] DEBUG:colcon.colcon_parallel_executor.executor.parallel:loop closed
[3.643s] DEBUG:colcon.colcon_parallel_executor.executor.parallel:run_until_complete finished with '0'
[3.643s] DEBUG:colcon.colcon_core.event_reactor:joining thread
[3.663s] INFO:colcon.colcon_core.plugin_system:Skipping extension 'colcon_notification.desktop_notification.terminal_notifier': Not used on non-Darwin systems
[3.663s] INFO:colcon.colcon_core.plugin_system:Skipping extension 'colcon_notification.desktop_notification.win32': Not used on non-Windows systems
[3.663s] INFO:colcon.colcon_notification.desktop_notification:Sending desktop notification using 'notify2'
[3.683s] DEBUG:colcon.colcon_core.event_reactor:joined thread
[3.688s] INFO:colcon.colcon_core.shell:Creating prefix script '/home/parallels/ros2_ws/install/local_setup.ps1'
[3.688s] INFO:colcon.colcon_core.shell:Creating prefix util module '/home/parallels/ros2_ws/install/_local_setup_util_ps1.py'
[3.689s] INFO:colcon.colcon_core.shell:Creating prefix chain script '/home/parallels/ros2_ws/install/setup.ps1'
[3.694s] INFO:colcon.colcon_core.shell:Creating prefix script '/home/parallels/ros2_ws/install/local_setup.sh'
[3.695s] INFO:colcon.colcon_core.shell:Creating prefix util module '/home/parallels/ros2_ws/install/_local_setup_util_sh.py'
[3.695s] INFO:colcon.colcon_core.shell:Creating prefix chain script '/home/parallels/ros2_ws/install/setup.sh'
[3.699s] INFO:colcon.colcon_core.shell:Creating prefix script '/home/parallels/ros2_ws/install/local_setup.bash'
[3.700s] INFO:colcon.colcon_core.shell:Creating prefix chain script '/home/parallels/ros2_ws/install/setup.bash'
[3.704s] INFO:colcon.colcon_core.shell:Creating prefix script '/home/parallels/ros2_ws/install/local_setup.zsh'
[3.705s] INFO:colcon.colcon_core.shell:Creating prefix chain script '/home/parallels/ros2_ws/install/setup.zsh'
