[0.289s] Invoking command in '/home/parallels/ros2_ws/src/py_pubsub': PYTHONPATH=/home/parallels/ros2_ws/build/py_pubsub/prefix_override:/home/parallels/ros2_ws/install/py_pubsub/lib/python3.10/site-packages:${PYTHONPATH} /usr/bin/python3 setup.py egg_info --egg-base ../../build/py_pubsub build --build-base /home/parallels/ros2_ws/build/py_pubsub/build install --record /home/parallels/ros2_ws/build/py_pubsub/install.log --single-version-externally-managed
[0.384s] running egg_info
[0.384s] writing ../../build/py_pubsub/py_pubsub.egg-info/PKG-INFO
[0.385s] writing dependency_links to ../../build/py_pubsub/py_pubsub.egg-info/dependency_links.txt
[0.385s] writing entry points to ../../build/py_pubsub/py_pubsub.egg-info/entry_points.txt
[0.385s] writing requirements to ../../build/py_pubsub/py_pubsub.egg-info/requires.txt
[0.385s] writing top-level names to ../../build/py_pubsub/py_pubsub.egg-info/top_level.txt
[0.386s] reading manifest file '../../build/py_pubsub/py_pubsub.egg-info/SOURCES.txt'
[0.386s] adding license file 'LICENSE'
[0.386s] writing manifest file '../../build/py_pubsub/py_pubsub.egg-info/SOURCES.txt'
[0.386s] running build
[0.386s] running build_py
[0.386s] running install
[0.386s] running install_lib
[0.386s] running install_data
[0.387s] running install_egg_info
[0.387s] removing '/home/parallels/ros2_ws/install/py_pubsub/lib/python3.10/site-packages/py_pubsub-0.0.0-py3.10.egg-info' (and everything under it)
[0.387s] Copying ../../build/py_pubsub/py_pubsub.egg-info to /home/parallels/ros2_ws/install/py_pubsub/lib/python3.10/site-packages/py_pubsub-0.0.0-py3.10.egg-info
[0.388s] /usr/lib/python3/dist-packages/setuptools/command/install.py:34: SetuptoolsDeprecationWarning: setup.py install is deprecated. Use build and pip and other standards-based tools.
[0.388s]   warnings.warn(
[0.388s] running install_scripts
[0.398s] Installing listener script to /home/parallels/ros2_ws/install/py_pubsub/lib/py_pubsub
[0.398s] Installing talker script to /home/parallels/ros2_ws/install/py_pubsub/lib/py_pubsub
[0.398s] writing list of installed files to '/home/parallels/ros2_ws/build/py_pubsub/install.log'
[0.412s] Invoked command in '/home/parallels/ros2_ws/src/py_pubsub' returned '0': PYTHONPATH=/home/parallels/ros2_ws/build/py_pubsub/prefix_override:/home/parallels/ros2_ws/install/py_pubsub/lib/python3.10/site-packages:${PYTHONPATH} /usr/bin/python3 setup.py egg_info --egg-base ../../build/py_pubsub build --build-base /home/parallels/ros2_ws/build/py_pubsub/build install --record /home/parallels/ros2_ws/build/py_pubsub/install.log --single-version-externally-managed
