[0.955s] Invoking command in '/home/parallels/ros2_ws/src/py_pubsub': PYTHONPATH=/home/parallels/ros2_ws/build/py_pubsub/prefix_override:/home/parallels/ros2_ws/install/py_pubsub/lib/python3.10/site-packages:${PYTHONPATH} /usr/bin/python3 setup.py egg_info --egg-base ../../build/py_pubsub build --build-base /home/parallels/ros2_ws/build/py_pubsub/build install --record /home/parallels/ros2_ws/build/py_pubsub/install.log --single-version-externally-managed
[1.362s] running egg_info
[1.363s] writing ../../build/py_pubsub/py_pubsub.egg-info/PKG-INFO
[1.363s] writing dependency_links to ../../build/py_pubsub/py_pubsub.egg-info/dependency_links.txt
[1.364s] writing entry points to ../../build/py_pubsub/py_pubsub.egg-info/entry_points.txt
[1.364s] writing requirements to ../../build/py_pubsub/py_pubsub.egg-info/requires.txt
[1.364s] writing top-level names to ../../build/py_pubsub/py_pubsub.egg-info/top_level.txt
[1.373s] reading manifest file '../../build/py_pubsub/py_pubsub.egg-info/SOURCES.txt'
[1.373s] adding license file 'LICENSE'
[1.374s] writing manifest file '../../build/py_pubsub/py_pubsub.egg-info/SOURCES.txt'
[1.374s] running build
[1.375s] running build_py
[1.375s] running install
[1.376s] /usr/lib/python3/dist-packages/setuptools/command/install.py:34: SetuptoolsDeprecationWarning: setup.py install is deprecated. Use build and pip and other standards-based tools.
[1.376s]   warnings.warn(
[1.377s] running install_lib
[1.405s] running install_data
[1.406s] running install_egg_info
[1.410s] removing '/home/parallels/ros2_ws/install/py_pubsub/lib/python3.10/site-packages/py_pubsub-0.0.0-py3.10.egg-info' (and everything under it)
[1.423s] Copying ../../build/py_pubsub/py_pubsub.egg-info to /home/parallels/ros2_ws/install/py_pubsub/lib/python3.10/site-packages/py_pubsub-0.0.0-py3.10.egg-info
[1.429s] running install_scripts
[1.469s] Installing listener script to /home/parallels/ros2_ws/install/py_pubsub/lib/py_pubsub
[1.476s] Installing talker script to /home/parallels/ros2_ws/install/py_pubsub/lib/py_pubsub
[1.477s] writing list of installed files to '/home/parallels/ros2_ws/build/py_pubsub/install.log'
[1.514s] Invoked command in '/home/parallels/ros2_ws/src/py_pubsub' returned '0': PYTHONPATH=/home/parallels/ros2_ws/build/py_pubsub/prefix_override:/home/parallels/ros2_ws/install/py_pubsub/lib/python3.10/site-packages:${PYTHONPATH} /usr/bin/python3 setup.py egg_info --egg-base ../../build/py_pubsub build --build-base /home/parallels/ros2_ws/build/py_pubsub/build install --record /home/parallels/ros2_ws/build/py_pubsub/install.log --single-version-externally-managed
