[0.026s] Invoking command in '/home/parallels/ros2_ws/build/image_geometry': CMAKE_PREFIX_PATH=/opt/ros/humble /usr/bin/cmake /home/parallels/ros2_ws/src/vision_opencv/image_geometry -DAMENT_CMAKE_SYMLINK_INSTALL=1 -DCMAKE_INSTALL_PREFIX=/home/parallels/ros2_ws/install/image_geometry
[0.237s] -- The C compiler identification is GNU 11.4.0
[0.323s] -- The CXX compiler identification is GNU 11.4.0
[0.329s] -- Detecting C compiler ABI info
[0.487s] -- Detecting C compiler ABI info - done
[0.492s] -- Check for working C compiler: /usr/bin/cc - skipped
[0.493s] -- Detecting C compile features
[0.494s] -- Detecting C compile features - done
[0.497s] -- Detecting CXX compiler ABI info
[0.582s] -- Detecting CXX compiler ABI info - done
[0.586s] -- Check for working CXX compiler: /usr/bin/c++ - skipped
[0.586s] -- Detecting CXX compile features
[0.587s] -- Detecting CXX compile features - done
[0.600s] -- Found ament_cmake_python: 1.3.7 (/opt/ros/humble/share/ament_cmake_python/cmake)
[0.601s] -- Found ament_cmake_ros: 0.10.0 (/opt/ros/humble/share/ament_cmake_ros/cmake)
[0.741s] -- Found Python3: /usr/bin/python3.10 (found version "3.10.12") found components: Interpreter 
[0.778s] -- Override CMake install command with custom implementation using symlinks instead of copying resources
[0.865s] -- Found OpenCV: /usr (found version "4.5.4") found components: calib3d core highgui imgproc 
[0.867s] -- Found sensor_msgs: 4.2.3 (/opt/ros/humble/share/sensor_msgs/cmake)
[0.904s] -- Found rosidl_generator_c: 3.1.5 (/opt/ros/humble/share/rosidl_generator_c/cmake)
[0.909s] -- Found rosidl_adapter: 3.1.5 (/opt/ros/humble/share/rosidl_adapter/cmake)
[0.918s] -- Found rosidl_generator_cpp: 3.1.5 (/opt/ros/humble/share/rosidl_generator_cpp/cmake)
[0.933s] -- Using all available rosidl_typesupport_c: rosidl_typesupport_fastrtps_c;rosidl_typesupport_introspection_c
[0.950s] -- Using all available rosidl_typesupport_cpp: rosidl_typesupport_fastrtps_cpp;rosidl_typesupport_introspection_cpp
[1.147s] -- Found gtest sources under '/opt/ros/humble/src/gtest_vendor': C++ tests using 'Google Test' will be built
[1.150s] -- Looking for pthread.h
[1.264s] -- Looking for pthread.h - found
[1.264s] -- Performing Test CMAKE_HAVE_LIBC_PTHREAD
[1.360s] -- Performing Test CMAKE_HAVE_LIBC_PTHREAD - Success
[1.360s] -- Found Threads: TRUE  
[1.424s] -- Configuring done
[1.442s] -- Generating done
[1.444s] -- Build files have been written to: /home/parallels/ros2_ws/build/image_geometry
[1.457s] Invoked command in '/home/parallels/ros2_ws/build/image_geometry' returned '0': CMAKE_PREFIX_PATH=/opt/ros/humble /usr/bin/cmake /home/parallels/ros2_ws/src/vision_opencv/image_geometry -DAMENT_CMAKE_SYMLINK_INSTALL=1 -DCMAKE_INSTALL_PREFIX=/home/parallels/ros2_ws/install/image_geometry
[1.458s] Invoking command in '/home/parallels/ros2_ws/build/image_geometry': CMAKE_PREFIX_PATH=/opt/ros/humble /usr/bin/cmake --build /home/parallels/ros2_ws/build/image_geometry -- -j2 -l2
[1.498s] [ 11%] [32mBuilding CXX object CMakeFiles/image_geometry.dir/src/pinhole_camera_model.cpp.o[0m
[1.506s] [ 11%] Built target ament_cmake_python_symlink_image_geometry
[1.533s] [ 22%] [32mBuilding CXX object gtest/CMakeFiles/gtest_main.dir/src/gtest_main.cc.o[0m
[2.160s] [ 33%] [32m[1mLinking CXX static library libgtest_main.a[0m
[2.204s] [ 33%] Built target gtest_main
[2.239s] [ 44%] [32mBuilding CXX object gtest/CMakeFiles/gtest.dir/src/gtest-all.cc.o[0m
[3.158s] [ 55%] [32mBuilding CXX object CMakeFiles/image_geometry.dir/src/stereo_camera_model.cpp.o[0m
[4.821s] [ 66%] [32m[1mLinking CXX shared library libimage_geometry.so[0m
[5.062s] [ 66%] Built target image_geometry
[5.473s] running egg_info
[5.473s] creating image_geometry.egg-info
[5.473s] writing image_geometry.egg-info/PKG-INFO
[5.473s] writing dependency_links to image_geometry.egg-info/dependency_links.txt
[5.473s] writing top-level names to image_geometry.egg-info/top_level.txt
[5.473s] writing manifest file 'image_geometry.egg-info/SOURCES.txt'
[5.474s] reading manifest file 'image_geometry.egg-info/SOURCES.txt'
[5.474s] writing manifest file 'image_geometry.egg-info/SOURCES.txt'
[5.518s] [ 66%] Built target ament_cmake_python_build_image_geometry_egg
[5.548s] [ 77%] [32m[1mLinking CXX static library libgtest.a[0m
[6.186s] [ 77%] Built target gtest
[6.260s] [ 88%] [32mBuilding CXX object CMakeFiles/image_geometry-utest.dir/test/utest.cpp.o[0m
[12.451s] [100%] [32m[1mLinking CXX executable image_geometry-utest[0m
[12.831s] [100%] Built target image_geometry-utest
[12.865s] Invoked command in '/home/parallels/ros2_ws/build/image_geometry' returned '0': CMAKE_PREFIX_PATH=/opt/ros/humble /usr/bin/cmake --build /home/parallels/ros2_ws/build/image_geometry -- -j2 -l2
[12.906s] Invoking command in '/home/parallels/ros2_ws/build/image_geometry': CMAKE_PREFIX_PATH=/opt/ros/humble /usr/bin/cmake --install /home/parallels/ros2_ws/build/image_geometry
[12.911s] -- Install configuration: ""
[12.912s] -- Execute custom install script
[12.913s] -- Symlinking: /home/parallels/ros2_ws/install/image_geometry/share/image_geometry/environment/pythonpath.sh
[12.921s] -- Symlinking: /home/parallels/ros2_ws/install/image_geometry/share/image_geometry/environment/pythonpath.dsv
[12.925s] -- Symlinking: /home/parallels/ros2_ws/install/image_geometry/local/lib/python3.10/dist-packages/image_geometry-3.2.1-py3.10.egg-info/PKG-INFO
[12.930s] -- Symlinking: /home/parallels/ros2_ws/install/image_geometry/local/lib/python3.10/dist-packages/image_geometry-3.2.1-py3.10.egg-info/SOURCES.txt
[12.934s] -- Symlinking: /home/parallels/ros2_ws/install/image_geometry/local/lib/python3.10/dist-packages/image_geometry-3.2.1-py3.10.egg-info/dependency_links.txt
[12.938s] -- Symlinking: /home/parallels/ros2_ws/install/image_geometry/local/lib/python3.10/dist-packages/image_geometry-3.2.1-py3.10.egg-info/top_level.txt
[12.943s] -- Symlinking: /home/parallels/ros2_ws/install/image_geometry/local/lib/python3.10/dist-packages/image_geometry/__init__.py
[12.947s] -- Symlinking: /home/parallels/ros2_ws/install/image_geometry/local/lib/python3.10/dist-packages/image_geometry/cameramodels.py
[12.952s] -- Symlinking: /home/parallels/ros2_ws/install/image_geometry/include/image_geometry/image_geometry/pinhole_camera_model.h
[12.956s] -- Symlinking: /home/parallels/ros2_ws/install/image_geometry/include/image_geometry/image_geometry/stereo_camera_model.h
[12.961s] -- Symlinking: /home/parallels/ros2_ws/install/image_geometry/include/image_geometry/image_geometry/visibility_control.hpp
[12.964s] -- Symlinking: /home/parallels/ros2_ws/install/image_geometry/share/ament_index/resource_index/package_run_dependencies/image_geometry
[12.969s] -- Symlinking: /home/parallels/ros2_ws/install/image_geometry/share/ament_index/resource_index/parent_prefix_path/image_geometry
[12.975s] -- Symlinking: /home/parallels/ros2_ws/install/image_geometry/share/image_geometry/environment/ament_prefix_path.sh
[12.980s] -- Symlinking: /home/parallels/ros2_ws/install/image_geometry/share/image_geometry/environment/ament_prefix_path.dsv
[12.984s] -- Symlinking: /home/parallels/ros2_ws/install/image_geometry/share/image_geometry/environment/path.sh
[12.988s] -- Symlinking: /home/parallels/ros2_ws/install/image_geometry/share/image_geometry/environment/path.dsv
[12.992s] -- Symlinking: /home/parallels/ros2_ws/install/image_geometry/share/image_geometry/local_setup.bash
[12.998s] -- Symlinking: /home/parallels/ros2_ws/install/image_geometry/share/image_geometry/local_setup.sh
[13.003s] -- Symlinking: /home/parallels/ros2_ws/install/image_geometry/share/image_geometry/local_setup.zsh
[13.007s] -- Symlinking: /home/parallels/ros2_ws/install/image_geometry/share/image_geometry/local_setup.dsv
[13.012s] -- Symlinking: /home/parallels/ros2_ws/install/image_geometry/share/image_geometry/package.dsv
[13.016s] -- Symlinking: /home/parallels/ros2_ws/install/image_geometry/share/ament_index/resource_index/packages/image_geometry
[13.020s] -- Symlinking: /home/parallels/ros2_ws/install/image_geometry/share/image_geometry/cmake/ament_cmake_export_targets-extras.cmake
[13.024s] -- Symlinking: /home/parallels/ros2_ws/install/image_geometry/share/image_geometry/cmake/ament_cmake_export_dependencies-extras.cmake
[13.029s] -- Symlinking: /home/parallels/ros2_ws/install/image_geometry/share/image_geometry/cmake/image_geometryConfig.cmake
[13.033s] -- Symlinking: /home/parallels/ros2_ws/install/image_geometry/share/image_geometry/cmake/image_geometryConfig-version.cmake
[13.037s] -- Symlinking: /home/parallels/ros2_ws/install/image_geometry/share/image_geometry/package.xml
[13.101s] Listing '/home/parallels/ros2_ws/install/image_geometry/local/lib/python3.10/dist-packages/image_geometry'...
[13.101s] Compiling '/home/parallels/ros2_ws/install/image_geometry/local/lib/python3.10/dist-packages/image_geometry/__init__.py'...
[13.101s] Compiling '/home/parallels/ros2_ws/install/image_geometry/local/lib/python3.10/dist-packages/image_geometry/cameramodels.py'...
[13.105s] -- Installing: /home/parallels/ros2_ws/install/image_geometry/lib/libimage_geometry.so
[13.105s] -- Set runtime path of "/home/parallels/ros2_ws/install/image_geometry/lib/libimage_geometry.so" to ""
[13.110s] -- Installing: /home/parallels/ros2_ws/install/image_geometry/share/image_geometry/cmake/export_image_geometryExport.cmake
[13.110s] -- Installing: /home/parallels/ros2_ws/install/image_geometry/share/image_geometry/cmake/export_image_geometryExport-noconfig.cmake
[13.124s] Invoked command in '/home/parallels/ros2_ws/build/image_geometry' returned '0': CMAKE_PREFIX_PATH=/opt/ros/humble /usr/bin/cmake --install /home/parallels/ros2_ws/build/image_geometry
