[1.265s] DEBUG:colcon:Command line arguments: ['/usr/bin/colcon', 'list', '-p', '--base-paths', '/home/parallels/ros2_ws']
[1.265s] DEBUG:colcon:Parsed command line arguments: Namespace(log_base=None, log_level=None, verb_name='list', build_base='build', ignore_user_meta=False, metas=['./colcon.meta'], base_paths=['/home/parallels/ros2_ws'], packages_ignore=None, packages_ignore_regex=None, paths=None, packages_up_to=None, packages_up_to_regex=None, packages_above=None, packages_above_and_dependencies=None, packages_above_depth=None, packages_select_by_dep=None, packages_skip_by_dep=None, packages_skip_up_to=None, packages_select_build_failed=False, packages_skip_build_finished=False, packages_select_test_failures=False, packages_skip_test_passed=False, packages_select=None, packages_skip=None, packages_select_regex=None, packages_skip_regex=None, packages_start=None, packages_end=None, allow_overriding=[], topological_order=False, names_only=False, paths_only=True, topological_graph=False, topological_graph_dot=False, topological_graph_density=False, topological_graph_legend=False, topological_graph_dot_cluster=False, topological_graph_dot_include_skipped=False, verb_parser=<colcon_defaults.argument_parser.defaults.DefaultArgumentsDecorator object at 0xffff948ec1f0>, verb_extension=<colcon_package_information.verb.list.ListVerb object at 0xffff94ddfa60>, main=<bound method ListVerb.main of <colcon_package_information.verb.list.ListVerb object at 0xffff94ddfa60>>)
[1.357s] Level 1:colcon.colcon_core.package_discovery:discover_packages(colcon_meta) check parameters
[1.357s] Level 1:colcon.colcon_core.package_discovery:discover_packages(recursive) check parameters
[1.357s] Level 1:colcon.colcon_core.package_discovery:discover_packages(ignore) check parameters
[1.357s] Level 1:colcon.colcon_core.package_discovery:discover_packages(path) check parameters
[1.357s] Level 1:colcon.colcon_core.package_discovery:discover_packages(recursive) discover
[1.357s] INFO:colcon.colcon_core.package_discovery:Crawling recursively for packages in '/home/parallels/ros2_ws'
[1.357s] Level 1:colcon.colcon_core.package_identification:_identify(/home/parallels/ros2_ws) by extensions ['ignore', 'ignore_ament_install']
[1.357s] Level 1:colcon.colcon_core.package_identification:_identify(/home/parallels/ros2_ws) by extension 'ignore'
[1.357s] Level 1:colcon.colcon_core.package_identification:_identify(/home/parallels/ros2_ws) by extension 'ignore_ament_install'
[1.357s] Level 1:colcon.colcon_core.package_identification:_identify(/home/parallels/ros2_ws) by extensions ['colcon_pkg']
[1.357s] Level 1:colcon.colcon_core.package_identification:_identify(/home/parallels/ros2_ws) by extension 'colcon_pkg'
[1.357s] Level 1:colcon.colcon_core.package_identification:_identify(/home/parallels/ros2_ws) by extensions ['colcon_meta']
[1.357s] Level 1:colcon.colcon_core.package_identification:_identify(/home/parallels/ros2_ws) by extension 'colcon_meta'
[1.357s] Level 1:colcon.colcon_core.package_identification:_identify(/home/parallels/ros2_ws) by extensions ['ros']
[1.357s] Level 1:colcon.colcon_core.package_identification:_identify(/home/parallels/ros2_ws) by extension 'ros'
[1.379s] Level 1:colcon.colcon_core.package_identification:_identify(/home/parallels/ros2_ws) by extensions ['cmake', 'python']
[1.379s] Level 1:colcon.colcon_core.package_identification:_identify(/home/parallels/ros2_ws) by extension 'cmake'
[1.379s] Level 1:colcon.colcon_core.package_identification:_identify(/home/parallels/ros2_ws) by extension 'python'
[1.379s] Level 1:colcon.colcon_core.package_identification:_identify(/home/parallels/ros2_ws) by extensions ['python_setup_py']
[1.379s] Level 1:colcon.colcon_core.package_identification:_identify(/home/parallels/ros2_ws) by extension 'python_setup_py'
[1.379s] Level 1:colcon.colcon_core.package_identification:_identify(/home/parallels/ros2_ws/build) by extensions ['ignore', 'ignore_ament_install']
[1.379s] Level 1:colcon.colcon_core.package_identification:_identify(/home/parallels/ros2_ws/build) by extension 'ignore'
[1.379s] Level 1:colcon.colcon_core.package_identification:_identify(/home/parallels/ros2_ws/build) ignored
[1.380s] Level 1:colcon.colcon_core.package_identification:_identify(/home/parallels/ros2_ws/install) by extensions ['ignore', 'ignore_ament_install']
[1.380s] Level 1:colcon.colcon_core.package_identification:_identify(/home/parallels/ros2_ws/install) by extension 'ignore'
[1.380s] Level 1:colcon.colcon_core.package_identification:_identify(/home/parallels/ros2_ws/install) ignored
[1.381s] Level 1:colcon.colcon_core.package_identification:_identify(/home/parallels/ros2_ws/log) by extensions ['ignore', 'ignore_ament_install']
[1.382s] Level 1:colcon.colcon_core.package_identification:_identify(/home/parallels/ros2_ws/log) by extension 'ignore'
[1.382s] Level 1:colcon.colcon_core.package_identification:_identify(/home/parallels/ros2_ws/log) ignored
[1.382s] Level 1:colcon.colcon_core.package_identification:_identify(/home/parallels/ros2_ws/src) by extensions ['ignore', 'ignore_ament_install']
[1.382s] Level 1:colcon.colcon_core.package_identification:_identify(/home/parallels/ros2_ws/src) by extension 'ignore'
[1.382s] Level 1:colcon.colcon_core.package_identification:_identify(/home/parallels/ros2_ws/src) by extension 'ignore_ament_install'
[1.382s] Level 1:colcon.colcon_core.package_identification:_identify(/home/parallels/ros2_ws/src) by extensions ['colcon_pkg']
[1.382s] Level 1:colcon.colcon_core.package_identification:_identify(/home/parallels/ros2_ws/src) by extension 'colcon_pkg'
[1.382s] Level 1:colcon.colcon_core.package_identification:_identify(/home/parallels/ros2_ws/src) by extensions ['colcon_meta']
[1.382s] Level 1:colcon.colcon_core.package_identification:_identify(/home/parallels/ros2_ws/src) by extension 'colcon_meta'
[1.382s] Level 1:colcon.colcon_core.package_identification:_identify(/home/parallels/ros2_ws/src) by extensions ['ros']
[1.382s] Level 1:colcon.colcon_core.package_identification:_identify(/home/parallels/ros2_ws/src) by extension 'ros'
[1.382s] Level 1:colcon.colcon_core.package_identification:_identify(/home/parallels/ros2_ws/src) by extensions ['cmake', 'python']
[1.382s] Level 1:colcon.colcon_core.package_identification:_identify(/home/parallels/ros2_ws/src) by extension 'cmake'
[1.382s] Level 1:colcon.colcon_core.package_identification:_identify(/home/parallels/ros2_ws/src) by extension 'python'
[1.382s] Level 1:colcon.colcon_core.package_identification:_identify(/home/parallels/ros2_ws/src) by extensions ['python_setup_py']
[1.382s] Level 1:colcon.colcon_core.package_identification:_identify(/home/parallels/ros2_ws/src) by extension 'python_setup_py'
[1.382s] Level 1:colcon.colcon_core.package_identification:_identify(/home/parallels/ros2_ws/src/opencv_cam) by extensions ['ignore', 'ignore_ament_install']
[1.382s] Level 1:colcon.colcon_core.package_identification:_identify(/home/parallels/ros2_ws/src/opencv_cam) by extension 'ignore'
[1.382s] Level 1:colcon.colcon_core.package_identification:_identify(/home/parallels/ros2_ws/src/opencv_cam) by extension 'ignore_ament_install'
[1.382s] Level 1:colcon.colcon_core.package_identification:_identify(/home/parallels/ros2_ws/src/opencv_cam) by extensions ['colcon_pkg']
[1.382s] Level 1:colcon.colcon_core.package_identification:_identify(/home/parallels/ros2_ws/src/opencv_cam) by extension 'colcon_pkg'
[1.382s] Level 1:colcon.colcon_core.package_identification:_identify(/home/parallels/ros2_ws/src/opencv_cam) by extensions ['colcon_meta']
[1.382s] Level 1:colcon.colcon_core.package_identification:_identify(/home/parallels/ros2_ws/src/opencv_cam) by extension 'colcon_meta'
[1.382s] Level 1:colcon.colcon_core.package_identification:_identify(/home/parallels/ros2_ws/src/opencv_cam) by extensions ['ros']
[1.382s] Level 1:colcon.colcon_core.package_identification:_identify(/home/parallels/ros2_ws/src/opencv_cam) by extension 'ros'
[1.394s] DEBUG:colcon.colcon_core.package_identification:Package '/home/parallels/ros2_ws/src/opencv_cam' with type 'ros.ament_cmake' and name 'opencv_cam'
[1.394s] Level 1:colcon.colcon_core.package_identification:_identify(/home/parallels/ros2_ws/src/py_pubsub) by extensions ['ignore', 'ignore_ament_install']
[1.394s] Level 1:colcon.colcon_core.package_identification:_identify(/home/parallels/ros2_ws/src/py_pubsub) by extension 'ignore'
[1.394s] Level 1:colcon.colcon_core.package_identification:_identify(/home/parallels/ros2_ws/src/py_pubsub) by extension 'ignore_ament_install'
[1.394s] Level 1:colcon.colcon_core.package_identification:_identify(/home/parallels/ros2_ws/src/py_pubsub) by extensions ['colcon_pkg']
[1.394s] Level 1:colcon.colcon_core.package_identification:_identify(/home/parallels/ros2_ws/src/py_pubsub) by extension 'colcon_pkg'
[1.394s] Level 1:colcon.colcon_core.package_identification:_identify(/home/parallels/ros2_ws/src/py_pubsub) by extensions ['colcon_meta']
[1.394s] Level 1:colcon.colcon_core.package_identification:_identify(/home/parallels/ros2_ws/src/py_pubsub) by extension 'colcon_meta'
[1.394s] Level 1:colcon.colcon_core.package_identification:_identify(/home/parallels/ros2_ws/src/py_pubsub) by extensions ['ros']
[1.394s] Level 1:colcon.colcon_core.package_identification:_identify(/home/parallels/ros2_ws/src/py_pubsub) by extension 'ros'
[1.401s] DEBUG:colcon.colcon_core.package_identification:Package '/home/parallels/ros2_ws/src/py_pubsub' with type 'ros.ament_python' and name 'py_pubsub'
[1.401s] Level 1:colcon.colcon_core.package_identification:_identify(/home/parallels/ros2_ws/src/ros2_shared) by extensions ['ignore', 'ignore_ament_install']
[1.401s] Level 1:colcon.colcon_core.package_identification:_identify(/home/parallels/ros2_ws/src/ros2_shared) by extension 'ignore'
[1.401s] Level 1:colcon.colcon_core.package_identification:_identify(/home/parallels/ros2_ws/src/ros2_shared) by extension 'ignore_ament_install'
[1.401s] Level 1:colcon.colcon_core.package_identification:_identify(/home/parallels/ros2_ws/src/ros2_shared) by extensions ['colcon_pkg']
[1.401s] Level 1:colcon.colcon_core.package_identification:_identify(/home/parallels/ros2_ws/src/ros2_shared) by extension 'colcon_pkg'
[1.401s] Level 1:colcon.colcon_core.package_identification:_identify(/home/parallels/ros2_ws/src/ros2_shared) by extensions ['colcon_meta']
[1.401s] Level 1:colcon.colcon_core.package_identification:_identify(/home/parallels/ros2_ws/src/ros2_shared) by extension 'colcon_meta'
[1.401s] Level 1:colcon.colcon_core.package_identification:_identify(/home/parallels/ros2_ws/src/ros2_shared) by extensions ['ros']
[1.401s] Level 1:colcon.colcon_core.package_identification:_identify(/home/parallels/ros2_ws/src/ros2_shared) by extension 'ros'
[1.401s] DEBUG:colcon.colcon_core.package_identification:Package '/home/parallels/ros2_ws/src/ros2_shared' with type 'ros.ament_cmake' and name 'ros2_shared'
[1.401s] Level 1:colcon.colcon_core.package_identification:_identify(/home/parallels/ros2_ws/src/ros_tutorials) by extensions ['ignore', 'ignore_ament_install']
[1.401s] Level 1:colcon.colcon_core.package_identification:_identify(/home/parallels/ros2_ws/src/ros_tutorials) by extension 'ignore'
[1.402s] Level 1:colcon.colcon_core.package_identification:_identify(/home/parallels/ros2_ws/src/ros_tutorials) by extension 'ignore_ament_install'
[1.402s] Level 1:colcon.colcon_core.package_identification:_identify(/home/parallels/ros2_ws/src/ros_tutorials) by extensions ['colcon_pkg']
[1.402s] Level 1:colcon.colcon_core.package_identification:_identify(/home/parallels/ros2_ws/src/ros_tutorials) by extension 'colcon_pkg'
[1.402s] Level 1:colcon.colcon_core.package_identification:_identify(/home/parallels/ros2_ws/src/ros_tutorials) by extensions ['colcon_meta']
[1.402s] Level 1:colcon.colcon_core.package_identification:_identify(/home/parallels/ros2_ws/src/ros_tutorials) by extension 'colcon_meta'
[1.402s] Level 1:colcon.colcon_core.package_identification:_identify(/home/parallels/ros2_ws/src/ros_tutorials) by extensions ['ros']
[1.402s] Level 1:colcon.colcon_core.package_identification:_identify(/home/parallels/ros2_ws/src/ros_tutorials) by extension 'ros'
[1.402s] Level 1:colcon.colcon_core.package_identification:_identify(/home/parallels/ros2_ws/src/ros_tutorials) by extensions ['cmake', 'python']
[1.402s] Level 1:colcon.colcon_core.package_identification:_identify(/home/parallels/ros2_ws/src/ros_tutorials) by extension 'cmake'
[1.402s] Level 1:colcon.colcon_core.package_identification:_identify(/home/parallels/ros2_ws/src/ros_tutorials) by extension 'python'
[1.402s] Level 1:colcon.colcon_core.package_identification:_identify(/home/parallels/ros2_ws/src/ros_tutorials) by extensions ['python_setup_py']
[1.402s] Level 1:colcon.colcon_core.package_identification:_identify(/home/parallels/ros2_ws/src/ros_tutorials) by extension 'python_setup_py'
[1.402s] Level 1:colcon.colcon_core.package_identification:_identify(/home/parallels/ros2_ws/src/ros_tutorials/ros_tutorials) by extensions ['ignore', 'ignore_ament_install']
[1.402s] Level 1:colcon.colcon_core.package_identification:_identify(/home/parallels/ros2_ws/src/ros_tutorials/ros_tutorials) by extension 'ignore'
[1.402s] Level 1:colcon.colcon_core.package_identification:_identify(/home/parallels/ros2_ws/src/ros_tutorials/ros_tutorials) ignored
[1.402s] Level 1:colcon.colcon_core.package_identification:_identify(/home/parallels/ros2_ws/src/ros_tutorials/roscpp_tutorials) by extensions ['ignore', 'ignore_ament_install']
[1.402s] Level 1:colcon.colcon_core.package_identification:_identify(/home/parallels/ros2_ws/src/ros_tutorials/roscpp_tutorials) by extension 'ignore'
[1.402s] Level 1:colcon.colcon_core.package_identification:_identify(/home/parallels/ros2_ws/src/ros_tutorials/roscpp_tutorials) ignored
[1.402s] Level 1:colcon.colcon_core.package_identification:_identify(/home/parallels/ros2_ws/src/ros_tutorials/rospy_tutorials) by extensions ['ignore', 'ignore_ament_install']
[1.402s] Level 1:colcon.colcon_core.package_identification:_identify(/home/parallels/ros2_ws/src/ros_tutorials/rospy_tutorials) by extension 'ignore'
[1.402s] Level 1:colcon.colcon_core.package_identification:_identify(/home/parallels/ros2_ws/src/ros_tutorials/rospy_tutorials) ignored
[1.402s] Level 1:colcon.colcon_core.package_identification:_identify(/home/parallels/ros2_ws/src/vision_opencv) by extensions ['ignore', 'ignore_ament_install']
[1.402s] Level 1:colcon.colcon_core.package_identification:_identify(/home/parallels/ros2_ws/src/vision_opencv) by extension 'ignore'
[1.402s] Level 1:colcon.colcon_core.package_identification:_identify(/home/parallels/ros2_ws/src/vision_opencv) by extension 'ignore_ament_install'
[1.402s] Level 1:colcon.colcon_core.package_identification:_identify(/home/parallels/ros2_ws/src/vision_opencv) by extensions ['colcon_pkg']
[1.402s] Level 1:colcon.colcon_core.package_identification:_identify(/home/parallels/ros2_ws/src/vision_opencv) by extension 'colcon_pkg'
[1.402s] Level 1:colcon.colcon_core.package_identification:_identify(/home/parallels/ros2_ws/src/vision_opencv) by extensions ['colcon_meta']
[1.402s] Level 1:colcon.colcon_core.package_identification:_identify(/home/parallels/ros2_ws/src/vision_opencv) by extension 'colcon_meta'
[1.402s] Level 1:colcon.colcon_core.package_identification:_identify(/home/parallels/ros2_ws/src/vision_opencv) by extensions ['ros']
[1.402s] Level 1:colcon.colcon_core.package_identification:_identify(/home/parallels/ros2_ws/src/vision_opencv) by extension 'ros'
[1.402s] Level 1:colcon.colcon_core.package_identification:_identify(/home/parallels/ros2_ws/src/vision_opencv) by extensions ['cmake', 'python']
[1.402s] Level 1:colcon.colcon_core.package_identification:_identify(/home/parallels/ros2_ws/src/vision_opencv) by extension 'cmake'
[1.402s] Level 1:colcon.colcon_core.package_identification:_identify(/home/parallels/ros2_ws/src/vision_opencv) by extension 'python'
[1.402s] Level 1:colcon.colcon_core.package_identification:_identify(/home/parallels/ros2_ws/src/vision_opencv) by extensions ['python_setup_py']
[1.402s] Level 1:colcon.colcon_core.package_identification:_identify(/home/parallels/ros2_ws/src/vision_opencv) by extension 'python_setup_py'
[1.402s] Level 1:colcon.colcon_core.package_identification:_identify(/home/parallels/ros2_ws/src/vision_opencv/cv_bridge) by extensions ['ignore', 'ignore_ament_install']
[1.402s] Level 1:colcon.colcon_core.package_identification:_identify(/home/parallels/ros2_ws/src/vision_opencv/cv_bridge) by extension 'ignore'
[1.402s] Level 1:colcon.colcon_core.package_identification:_identify(/home/parallels/ros2_ws/src/vision_opencv/cv_bridge) by extension 'ignore_ament_install'
[1.403s] Level 1:colcon.colcon_core.package_identification:_identify(/home/parallels/ros2_ws/src/vision_opencv/cv_bridge) by extensions ['colcon_pkg']
[1.403s] Level 1:colcon.colcon_core.package_identification:_identify(/home/parallels/ros2_ws/src/vision_opencv/cv_bridge) by extension 'colcon_pkg'
[1.403s] Level 1:colcon.colcon_core.package_identification:_identify(/home/parallels/ros2_ws/src/vision_opencv/cv_bridge) by extensions ['colcon_meta']
[1.403s] Level 1:colcon.colcon_core.package_identification:_identify(/home/parallels/ros2_ws/src/vision_opencv/cv_bridge) by extension 'colcon_meta'
[1.403s] Level 1:colcon.colcon_core.package_identification:_identify(/home/parallels/ros2_ws/src/vision_opencv/cv_bridge) by extensions ['ros']
[1.403s] Level 1:colcon.colcon_core.package_identification:_identify(/home/parallels/ros2_ws/src/vision_opencv/cv_bridge) by extension 'ros'
[1.403s] DEBUG:colcon.colcon_core.package_identification:Package '/home/parallels/ros2_ws/src/vision_opencv/cv_bridge' with type 'ros.ament_cmake' and name 'cv_bridge'
[1.403s] Level 1:colcon.colcon_core.package_identification:_identify(/home/parallels/ros2_ws/src/vision_opencv/image_geometry) by extensions ['ignore', 'ignore_ament_install']
[1.403s] Level 1:colcon.colcon_core.package_identification:_identify(/home/parallels/ros2_ws/src/vision_opencv/image_geometry) by extension 'ignore'
[1.404s] Level 1:colcon.colcon_core.package_identification:_identify(/home/parallels/ros2_ws/src/vision_opencv/image_geometry) by extension 'ignore_ament_install'
[1.404s] Level 1:colcon.colcon_core.package_identification:_identify(/home/parallels/ros2_ws/src/vision_opencv/image_geometry) by extensions ['colcon_pkg']
[1.404s] Level 1:colcon.colcon_core.package_identification:_identify(/home/parallels/ros2_ws/src/vision_opencv/image_geometry) by extension 'colcon_pkg'
[1.404s] Level 1:colcon.colcon_core.package_identification:_identify(/home/parallels/ros2_ws/src/vision_opencv/image_geometry) by extensions ['colcon_meta']
[1.404s] Level 1:colcon.colcon_core.package_identification:_identify(/home/parallels/ros2_ws/src/vision_opencv/image_geometry) by extension 'colcon_meta'
[1.404s] Level 1:colcon.colcon_core.package_identification:_identify(/home/parallels/ros2_ws/src/vision_opencv/image_geometry) by extensions ['ros']
[1.404s] Level 1:colcon.colcon_core.package_identification:_identify(/home/parallels/ros2_ws/src/vision_opencv/image_geometry) by extension 'ros'
[1.405s] DEBUG:colcon.colcon_core.package_identification:Package '/home/parallels/ros2_ws/src/vision_opencv/image_geometry' with type 'ros.ament_cmake' and name 'image_geometry'
[1.405s] Level 1:colcon.colcon_core.package_identification:_identify(/home/parallels/ros2_ws/src/vision_opencv/opencv_tests) by extensions ['ignore', 'ignore_ament_install']
[1.405s] Level 1:colcon.colcon_core.package_identification:_identify(/home/parallels/ros2_ws/src/vision_opencv/opencv_tests) by extension 'ignore'
[1.405s] Level 1:colcon.colcon_core.package_identification:_identify(/home/parallels/ros2_ws/src/vision_opencv/opencv_tests) by extension 'ignore_ament_install'
[1.405s] Level 1:colcon.colcon_core.package_identification:_identify(/home/parallels/ros2_ws/src/vision_opencv/opencv_tests) by extensions ['colcon_pkg']
[1.405s] Level 1:colcon.colcon_core.package_identification:_identify(/home/parallels/ros2_ws/src/vision_opencv/opencv_tests) by extension 'colcon_pkg'
[1.405s] Level 1:colcon.colcon_core.package_identification:_identify(/home/parallels/ros2_ws/src/vision_opencv/opencv_tests) by extensions ['colcon_meta']
[1.405s] Level 1:colcon.colcon_core.package_identification:_identify(/home/parallels/ros2_ws/src/vision_opencv/opencv_tests) by extension 'colcon_meta'
[1.405s] Level 1:colcon.colcon_core.package_identification:_identify(/home/parallels/ros2_ws/src/vision_opencv/opencv_tests) by extensions ['ros']
[1.405s] Level 1:colcon.colcon_core.package_identification:_identify(/home/parallels/ros2_ws/src/vision_opencv/opencv_tests) by extension 'ros'
[1.409s] DEBUG:colcon.colcon_core.package_identification:Package '/home/parallels/ros2_ws/src/vision_opencv/opencv_tests' with type 'ros.ament_python' and name 'opencv_tests'
[1.410s] Level 1:colcon.colcon_core.package_identification:_identify(/home/parallels/ros2_ws/src/vision_opencv/vision_opencv) by extensions ['ignore', 'ignore_ament_install']
[1.410s] Level 1:colcon.colcon_core.package_identification:_identify(/home/parallels/ros2_ws/src/vision_opencv/vision_opencv) by extension 'ignore'
[1.410s] Level 1:colcon.colcon_core.package_identification:_identify(/home/parallels/ros2_ws/src/vision_opencv/vision_opencv) by extension 'ignore_ament_install'
[1.410s] Level 1:colcon.colcon_core.package_identification:_identify(/home/parallels/ros2_ws/src/vision_opencv/vision_opencv) by extensions ['colcon_pkg']
[1.410s] Level 1:colcon.colcon_core.package_identification:_identify(/home/parallels/ros2_ws/src/vision_opencv/vision_opencv) by extension 'colcon_pkg'
[1.410s] Level 1:colcon.colcon_core.package_identification:_identify(/home/parallels/ros2_ws/src/vision_opencv/vision_opencv) by extensions ['colcon_meta']
[1.410s] Level 1:colcon.colcon_core.package_identification:_identify(/home/parallels/ros2_ws/src/vision_opencv/vision_opencv) by extension 'colcon_meta'
[1.410s] Level 1:colcon.colcon_core.package_identification:_identify(/home/parallels/ros2_ws/src/vision_opencv/vision_opencv) by extensions ['ros']
[1.410s] Level 1:colcon.colcon_core.package_identification:_identify(/home/parallels/ros2_ws/src/vision_opencv/vision_opencv) by extension 'ros'
[1.410s] DEBUG:colcon.colcon_core.package_identification:Package '/home/parallels/ros2_ws/src/vision_opencv/vision_opencv' with type 'ros.ament_cmake' and name 'vision_opencv'
[1.410s] Level 1:colcon.colcon_core.package_discovery:discover_packages(recursive) using defaults
