[0.029s] Invoking command in '/home/parallels/ros2_ws/build/turtlesim': CMAKE_PREFIX_PATH=/opt/ros/humble /usr/bin/cmake /home/parallels/ros2_ws/src/ros_tutorials/turtlesim -DCMAKE_INSTALL_PREFIX=/home/parallels/ros2_ws/install/turtlesim
[0.122s] -- The C compiler identification is GNU 11.4.0
[0.189s] -- The CXX compiler identification is GNU 11.4.0
[0.198s] -- Detecting C compiler ABI info
[0.246s] -- Detecting C compiler ABI info - done
[0.252s] -- Check for working C compiler: /usr/bin/cc - skipped
[0.252s] -- Detecting C compile features
[0.253s] -- Detecting C compile features - done
[0.255s] -- Detecting CXX compiler ABI info
[0.298s] -- Detecting CXX compiler ABI info - done
[0.303s] -- Check for working CXX compiler: /usr/bin/c++ - skipped
[0.303s] -- Detecting CXX compile features
[0.304s] -- Detecting CXX compile features - done
[0.308s] -- Found ament_cmake: 1.3.7 (/opt/ros/humble/share/ament_cmake/cmake)
[0.404s] -- Found Python3: /usr/bin/python3.10 (found version "3.10.12") found components: Interpreter 
[0.459s] -- Found ament_index_cpp: 1.4.0 (/opt/ros/humble/share/ament_index_cpp/cmake)
[0.461s] -- Found geometry_msgs: 4.2.3 (/opt/ros/humble/share/geometry_msgs/cmake)
[0.495s] -- Found rosidl_generator_c: 3.1.5 (/opt/ros/humble/share/rosidl_generator_c/cmake)
[0.501s] -- Found rosidl_adapter: 3.1.5 (/opt/ros/humble/share/rosidl_adapter/cmake)
[0.508s] -- Found rosidl_generator_cpp: 3.1.5 (/opt/ros/humble/share/rosidl_generator_cpp/cmake)
[0.522s] -- Using all available rosidl_typesupport_c: rosidl_typesupport_fastrtps_c;rosidl_typesupport_introspection_c
[0.538s] -- Using all available rosidl_typesupport_cpp: rosidl_typesupport_fastrtps_cpp;rosidl_typesupport_introspection_cpp
[0.652s] -- Found rclcpp: 16.0.8 (/opt/ros/humble/share/rclcpp/cmake)
[0.700s] -- Found rmw_implementation_cmake: 6.1.1 (/opt/ros/humble/share/rmw_implementation_cmake/cmake)
[0.702s] -- Found rmw_fastrtps_cpp: 6.2.6 (/opt/ros/humble/share/rmw_fastrtps_cpp/cmake)
[0.764s] -- Found OpenSSL: /usr/lib/aarch64-linux-gnu/libcrypto.so (found version "3.0.2")  
[0.782s] -- Found FastRTPS: /opt/ros/humble/include  
[0.813s] -- Using RMW implementation 'rmw_fastrtps_cpp' as default
[0.822s] -- Looking for pthread.h
[0.866s] -- Looking for pthread.h - found
[0.866s] -- Performing Test CMAKE_HAVE_LIBC_PTHREAD
[0.909s] -- Performing Test CMAKE_HAVE_LIBC_PTHREAD - Success
[0.910s] -- Found Threads: TRUE  
[1.018s] -- Found rclcpp_action: 16.0.8 (/opt/ros/humble/share/rclcpp_action/cmake)
[1.101s] -- Found rosidl_default_generators: 1.2.0 (/opt/ros/humble/share/rosidl_default_generators/cmake)
[1.109s] -- Found std_srvs: 4.2.3 (/opt/ros/humble/share/std_srvs/cmake)
[1.301s] -- Found ament_cmake_ros: 0.10.0 (/opt/ros/humble/share/ament_cmake_ros/cmake)
[1.486s] -- Using all available rosidl_typesupport_c: rosidl_typesupport_fastrtps_c;rosidl_typesupport_introspection_c
[1.559s] -- Using all available rosidl_typesupport_cpp: rosidl_typesupport_fastrtps_cpp;rosidl_typesupport_introspection_cpp
[1.573s] -- Found PythonInterp: /usr/bin/python3 (found suitable version "3.10.12", minimum required is "3.6") 
[1.574s] -- Found python_cmake_module: 0.10.0 (/opt/ros/humble/share/python_cmake_module/cmake)
[1.591s] -- Found PythonLibs: /usr/lib/aarch64-linux-gnu/libpython3.10.so (found suitable version "3.10.12", minimum required is "3.5") 
[1.591s] -- Using PYTHON_EXECUTABLE: /usr/bin/python3
[1.591s] -- Using PYTHON_INCLUDE_DIRS: /usr/include/python3.10
[1.591s] -- Using PYTHON_LIBRARIES: /usr/lib/aarch64-linux-gnu/libpython3.10.so
[1.604s] -- Found PythonExtra: .so  
[1.636s] -- Configuring done
[1.679s] -- Generating done
[1.681s] -- Build files have been written to: /home/parallels/ros2_ws/build/turtlesim
[1.688s] Invoked command in '/home/parallels/ros2_ws/build/turtlesim' returned '0': CMAKE_PREFIX_PATH=/opt/ros/humble /usr/bin/cmake /home/parallels/ros2_ws/src/ros_tutorials/turtlesim -DCMAKE_INSTALL_PREFIX=/home/parallels/ros2_ws/install/turtlesim
[1.689s] Invoking command in '/home/parallels/ros2_ws/build/turtlesim': CMAKE_PREFIX_PATH=/opt/ros/humble /usr/bin/cmake --build /home/parallels/ros2_ws/build/turtlesim -- -j2 -l2
[1.715s] [  1%] [34m[1mGenerating C code for ROS interfaces[0m
[1.716s] [  2%] [34m[1mGenerating C++ code for ROS interfaces[0m
[2.320s] [  2%] Built target turtlesim__cpp
[2.338s] [  2%] Built target ament_cmake_python_copy_turtlesim
[2.343s] [  3%] [34m[1mGenerating C++ type support dispatch for ROS interfaces[0m
[2.363s] [  4%] [32mBuilding C object CMakeFiles/turtlesim__rosidl_generator_c.dir/rosidl_generator_c/turtlesim/action/detail/rotate_absolute__functions.c.o[0m
[2.454s] [  5%] [32mBuilding C object CMakeFiles/turtlesim__rosidl_generator_c.dir/rosidl_generator_c/turtlesim/msg/detail/color__functions.c.o[0m
[2.481s] [  6%] [32mBuilding C object CMakeFiles/turtlesim__rosidl_generator_c.dir/rosidl_generator_c/turtlesim/msg/detail/pose__functions.c.o[0m
[2.507s] [  7%] [32mBuilding C object CMakeFiles/turtlesim__rosidl_generator_c.dir/rosidl_generator_c/turtlesim/srv/detail/kill__functions.c.o[0m
[2.545s] [  8%] [32mBuilding C object CMakeFiles/turtlesim__rosidl_generator_c.dir/rosidl_generator_c/turtlesim/srv/detail/set_pen__functions.c.o[0m
[2.579s] [  9%] [32mBuilding C object CMakeFiles/turtlesim__rosidl_generator_c.dir/rosidl_generator_c/turtlesim/srv/detail/spawn__functions.c.o[0m
[2.616s] [ 10%] [32mBuilding C object CMakeFiles/turtlesim__rosidl_generator_c.dir/rosidl_generator_c/turtlesim/srv/detail/teleport_absolute__functions.c.o[0m
[2.652s] [ 11%] [32mBuilding C object CMakeFiles/turtlesim__rosidl_generator_c.dir/rosidl_generator_c/turtlesim/srv/detail/teleport_relative__functions.c.o[0m
[2.682s] [ 12%] [32mBuilding CXX object CMakeFiles/turtlesim__rosidl_typesupport_cpp.dir/rosidl_typesupport_cpp/turtlesim/action/rotate_absolute__type_support.cpp.o[0m
[2.686s] [ 13%] [32m[1mLinking C shared library libturtlesim__rosidl_generator_c.so[0m
[2.711s] [ 13%] Built target turtlesim__rosidl_generator_c
[2.722s] [ 14%] [34m[1mGenerating C++ type support for eProsima Fast-RTPS[0m
[3.032s] [ 15%] [32mBuilding CXX object CMakeFiles/turtlesim__rosidl_typesupport_cpp.dir/rosidl_typesupport_cpp/turtlesim/msg/color__type_support.cpp.o[0m
[3.166s] [ 16%] [32mBuilding CXX object CMakeFiles/turtlesim__rosidl_typesupport_cpp.dir/rosidl_typesupport_cpp/turtlesim/msg/pose__type_support.cpp.o[0m
[3.251s] [ 17%] [32mBuilding CXX object CMakeFiles/turtlesim__rosidl_typesupport_fastrtps_cpp.dir/rosidl_typesupport_fastrtps_cpp/turtlesim/action/detail/dds_fastrtps/rotate_absolute__type_support.cpp.o[0m
[3.314s] [ 18%] [32mBuilding CXX object CMakeFiles/turtlesim__rosidl_typesupport_cpp.dir/rosidl_typesupport_cpp/turtlesim/srv/kill__type_support.cpp.o[0m
[3.448s] [ 19%] [32mBuilding CXX object CMakeFiles/turtlesim__rosidl_typesupport_cpp.dir/rosidl_typesupport_cpp/turtlesim/srv/set_pen__type_support.cpp.o[0m
[3.605s] [ 20%] [32mBuilding CXX object CMakeFiles/turtlesim__rosidl_typesupport_cpp.dir/rosidl_typesupport_cpp/turtlesim/srv/spawn__type_support.cpp.o[0m
[3.615s] [ 21%] [32mBuilding CXX object CMakeFiles/turtlesim__rosidl_typesupport_fastrtps_cpp.dir/rosidl_typesupport_fastrtps_cpp/turtlesim/msg/detail/dds_fastrtps/color__type_support.cpp.o[0m
[3.745s] [ 22%] [32mBuilding CXX object CMakeFiles/turtlesim__rosidl_typesupport_cpp.dir/rosidl_typesupport_cpp/turtlesim/srv/teleport_absolute__type_support.cpp.o[0m
[3.808s] [ 23%] [32mBuilding CXX object CMakeFiles/turtlesim__rosidl_typesupport_fastrtps_cpp.dir/rosidl_typesupport_fastrtps_cpp/turtlesim/msg/detail/dds_fastrtps/pose__type_support.cpp.o[0m
[3.883s] [ 24%] [32mBuilding CXX object CMakeFiles/turtlesim__rosidl_typesupport_cpp.dir/rosidl_typesupport_cpp/turtlesim/srv/teleport_relative__type_support.cpp.o[0m
[4.001s] [ 25%] [32mBuilding CXX object CMakeFiles/turtlesim__rosidl_typesupport_fastrtps_cpp.dir/rosidl_typesupport_fastrtps_cpp/turtlesim/srv/detail/dds_fastrtps/kill__type_support.cpp.o[0m
[4.022s] [ 26%] [32m[1mLinking CXX shared library libturtlesim__rosidl_typesupport_cpp.so[0m
[4.047s] [ 26%] Built target turtlesim__rosidl_typesupport_cpp
[4.052s] [ 27%] [34m[1mGenerating C introspection for ROS interfaces[0m
[4.240s] [ 28%] [32mBuilding CXX object CMakeFiles/turtlesim__rosidl_typesupport_fastrtps_cpp.dir/rosidl_typesupport_fastrtps_cpp/turtlesim/srv/detail/dds_fastrtps/set_pen__type_support.cpp.o[0m
[4.437s] [ 29%] [32mBuilding CXX object CMakeFiles/turtlesim__rosidl_typesupport_fastrtps_cpp.dir/rosidl_typesupport_fastrtps_cpp/turtlesim/srv/detail/dds_fastrtps/spawn__type_support.cpp.o[0m
[4.544s] [ 30%] [32mBuilding C object CMakeFiles/turtlesim__rosidl_typesupport_introspection_c.dir/rosidl_typesupport_introspection_c/turtlesim/action/detail/rotate_absolute__type_support.c.o[0m
[4.595s] [ 31%] [32mBuilding C object CMakeFiles/turtlesim__rosidl_typesupport_introspection_c.dir/rosidl_typesupport_introspection_c/turtlesim/msg/detail/color__type_support.c.o[0m
[4.617s] [ 32%] [32mBuilding C object CMakeFiles/turtlesim__rosidl_typesupport_introspection_c.dir/rosidl_typesupport_introspection_c/turtlesim/msg/detail/pose__type_support.c.o[0m
[4.636s] [ 33%] [32mBuilding C object CMakeFiles/turtlesim__rosidl_typesupport_introspection_c.dir/rosidl_typesupport_introspection_c/turtlesim/srv/detail/kill__type_support.c.o[0m
[4.649s] [ 34%] [32mBuilding CXX object CMakeFiles/turtlesim__rosidl_typesupport_fastrtps_cpp.dir/rosidl_typesupport_fastrtps_cpp/turtlesim/srv/detail/dds_fastrtps/teleport_absolute__type_support.cpp.o[0m
[4.659s] [ 35%] [32mBuilding C object CMakeFiles/turtlesim__rosidl_typesupport_introspection_c.dir/rosidl_typesupport_introspection_c/turtlesim/srv/detail/set_pen__type_support.c.o[0m
[4.680s] [ 36%] [32mBuilding C object CMakeFiles/turtlesim__rosidl_typesupport_introspection_c.dir/rosidl_typesupport_introspection_c/turtlesim/srv/detail/spawn__type_support.c.o[0m
[4.700s] [ 37%] [32mBuilding C object CMakeFiles/turtlesim__rosidl_typesupport_introspection_c.dir/rosidl_typesupport_introspection_c/turtlesim/srv/detail/teleport_absolute__type_support.c.o[0m
[4.720s] [ 38%] [32mBuilding C object CMakeFiles/turtlesim__rosidl_typesupport_introspection_c.dir/rosidl_typesupport_introspection_c/turtlesim/srv/detail/teleport_relative__type_support.c.o[0m
[4.745s] [ 39%] [32m[1mLinking C shared library libturtlesim__rosidl_typesupport_introspection_c.so[0m
[4.762s] [ 39%] Built target turtlesim__rosidl_typesupport_introspection_c
[4.767s] [ 40%] [34m[1mGenerating C type support dispatch for ROS interfaces[0m
[4.878s] [ 41%] [32mBuilding CXX object CMakeFiles/turtlesim__rosidl_typesupport_fastrtps_cpp.dir/rosidl_typesupport_fastrtps_cpp/turtlesim/srv/detail/dds_fastrtps/teleport_relative__type_support.cpp.o[0m
[5.081s] [ 42%] [32m[1mLinking CXX shared library libturtlesim__rosidl_typesupport_fastrtps_cpp.so[0m
[5.085s] [ 43%] [32mBuilding CXX object CMakeFiles/turtlesim__rosidl_typesupport_c.dir/rosidl_typesupport_c/turtlesim/action/rotate_absolute__type_support.cpp.o[0m
[5.114s] [ 44%] [32mBuilding CXX object CMakeFiles/turtlesim__rosidl_typesupport_c.dir/rosidl_typesupport_c/turtlesim/msg/color__type_support.cpp.o[0m
[5.119s] [ 44%] Built target turtlesim__rosidl_typesupport_fastrtps_cpp
[5.123s] [ 45%] [34m[1mGenerating C++ introspection for ROS interfaces[0m
[5.131s] [ 46%] [32mBuilding CXX object CMakeFiles/turtlesim__rosidl_typesupport_c.dir/rosidl_typesupport_c/turtlesim/msg/pose__type_support.cpp.o[0m
[5.154s] [ 47%] [32mBuilding CXX object CMakeFiles/turtlesim__rosidl_typesupport_c.dir/rosidl_typesupport_c/turtlesim/srv/kill__type_support.cpp.o[0m
[5.172s] [ 48%] [32mBuilding CXX object CMakeFiles/turtlesim__rosidl_typesupport_c.dir/rosidl_typesupport_c/turtlesim/srv/set_pen__type_support.cpp.o[0m
[5.190s] [ 49%] [32mBuilding CXX object CMakeFiles/turtlesim__rosidl_typesupport_c.dir/rosidl_typesupport_c/turtlesim/srv/spawn__type_support.cpp.o[0m
[5.207s] [ 50%] [32mBuilding CXX object CMakeFiles/turtlesim__rosidl_typesupport_c.dir/rosidl_typesupport_c/turtlesim/srv/teleport_absolute__type_support.cpp.o[0m
[5.224s] [ 51%] [32mBuilding CXX object CMakeFiles/turtlesim__rosidl_typesupport_c.dir/rosidl_typesupport_c/turtlesim/srv/teleport_relative__type_support.cpp.o[0m
[5.247s] [ 52%] [32m[1mLinking CXX shared library libturtlesim__rosidl_typesupport_c.so[0m
[5.273s] [ 52%] Built target turtlesim__rosidl_typesupport_c
[5.390s] running egg_info
[5.391s] creating turtlesim.egg-info
[5.391s] writing turtlesim.egg-info/PKG-INFO
[5.391s] writing dependency_links to turtlesim.egg-info/dependency_links.txt
[5.391s] writing top-level names to turtlesim.egg-info/top_level.txt
[5.391s] writing manifest file 'turtlesim.egg-info/SOURCES.txt'
[5.393s] reading manifest file 'turtlesim.egg-info/SOURCES.txt'
[5.393s] writing manifest file 'turtlesim.egg-info/SOURCES.txt'
[5.407s] [ 52%] Built target ament_cmake_python_build_turtlesim_egg
[5.412s] [ 53%] [34m[1mGenerating include/turtlesim/moc_turtle_frame.cpp[0m
[5.460s] [ 54%] [32mBuilding CXX object CMakeFiles/turtlesim_node.dir/src/turtlesim.cpp.o[0m
[5.540s] [ 55%] [32mBuilding CXX object CMakeFiles/turtlesim__rosidl_typesupport_introspection_cpp.dir/rosidl_typesupport_introspection_cpp/turtlesim/action/detail/rotate_absolute__type_support.cpp.o[0m
[5.891s] [ 56%] [32mBuilding CXX object CMakeFiles/turtlesim__rosidl_typesupport_introspection_cpp.dir/rosidl_typesupport_introspection_cpp/turtlesim/msg/detail/color__type_support.cpp.o[0m
[6.082s] [ 57%] [32mBuilding CXX object CMakeFiles/turtlesim__rosidl_typesupport_introspection_cpp.dir/rosidl_typesupport_introspection_cpp/turtlesim/msg/detail/pose__type_support.cpp.o[0m
[6.324s] [ 58%] [32mBuilding CXX object CMakeFiles/turtlesim__rosidl_typesupport_introspection_cpp.dir/rosidl_typesupport_introspection_cpp/turtlesim/srv/detail/kill__type_support.cpp.o[0m
[6.571s] [ 59%] [32mBuilding CXX object CMakeFiles/turtlesim__rosidl_typesupport_introspection_cpp.dir/rosidl_typesupport_introspection_cpp/turtlesim/srv/detail/set_pen__type_support.cpp.o[0m
[6.817s] [ 60%] [32mBuilding CXX object CMakeFiles/turtlesim__rosidl_typesupport_introspection_cpp.dir/rosidl_typesupport_introspection_cpp/turtlesim/srv/detail/spawn__type_support.cpp.o[0m
[7.073s] [ 61%] [32mBuilding CXX object CMakeFiles/turtlesim__rosidl_typesupport_introspection_cpp.dir/rosidl_typesupport_introspection_cpp/turtlesim/srv/detail/teleport_absolute__type_support.cpp.o[0m
[7.344s] [ 62%] [32mBuilding CXX object CMakeFiles/turtlesim__rosidl_typesupport_introspection_cpp.dir/rosidl_typesupport_introspection_cpp/turtlesim/srv/detail/teleport_relative__type_support.cpp.o[0m
[7.552s] [ 63%] [32m[1mLinking CXX shared library libturtlesim__rosidl_typesupport_introspection_cpp.so[0m
[7.606s] [ 63%] Built target turtlesim__rosidl_typesupport_introspection_cpp
[7.622s] [ 64%] [32mBuilding CXX object CMakeFiles/turtle_teleop_key.dir/tutorials/teleop_turtle_key.cpp.o[0m
[8.420s] [ 65%] [32mBuilding CXX object CMakeFiles/turtlesim_node.dir/src/turtle.cpp.o[0m
[18.625s] [ 66%] [32m[1mLinking CXX executable turtle_teleop_key[0m
[18.875s] [ 66%] Built target turtle_teleop_key
[18.895s] [ 67%] [32mBuilding CXX object CMakeFiles/draw_square.dir/tutorials/draw_square.cpp.o[0m
[25.649s] [ 69%] [32mBuilding CXX object CMakeFiles/turtlesim_node.dir/src/turtle_frame.cpp.o[0m
[25.653s] [ 69%] [32m[1mLinking CXX executable draw_square[0m
[26.016s] [ 69%] Built target draw_square
[26.035s] [ 70%] [32mBuilding CXX object CMakeFiles/mimic.dir/tutorials/mimic.cpp.o[0m
[31.819s] [ 71%] [32m[1mLinking CXX executable mimic[0m
[32.136s] [ 71%] Built target mimic
[32.142s] [ 72%] [32mBuilding CXX object CMakeFiles/turtlesim_node.dir/include/turtlesim/moc_turtle_frame.cpp.o[0m
[32.975s] [ 73%] [34m[1mGenerating C type support for eProsima Fast-RTPS[0m
[33.537s] [ 74%] [32mBuilding CXX object CMakeFiles/turtlesim__rosidl_typesupport_fastrtps_c.dir/rosidl_typesupport_fastrtps_c/turtlesim/action/detail/rotate_absolute__type_support_c.cpp.o[0m
[33.746s] [ 75%] [32mBuilding CXX object CMakeFiles/turtlesim__rosidl_typesupport_fastrtps_c.dir/rosidl_typesupport_fastrtps_c/turtlesim/msg/detail/color__type_support_c.cpp.o[0m
[33.914s] [ 76%] [32mBuilding CXX object CMakeFiles/turtlesim__rosidl_typesupport_fastrtps_c.dir/rosidl_typesupport_fastrtps_c/turtlesim/msg/detail/pose__type_support_c.cpp.o[0m
[34.087s] [ 77%] [32mBuilding CXX object CMakeFiles/turtlesim__rosidl_typesupport_fastrtps_c.dir/rosidl_typesupport_fastrtps_c/turtlesim/srv/detail/kill__type_support_c.cpp.o[0m
[34.269s] [ 78%] [32mBuilding CXX object CMakeFiles/turtlesim__rosidl_typesupport_fastrtps_c.dir/rosidl_typesupport_fastrtps_c/turtlesim/srv/detail/set_pen__type_support_c.cpp.o[0m
[34.453s] [ 79%] [32mBuilding CXX object CMakeFiles/turtlesim__rosidl_typesupport_fastrtps_c.dir/rosidl_typesupport_fastrtps_c/turtlesim/srv/detail/spawn__type_support_c.cpp.o[0m
[34.633s] [ 80%] [32mBuilding CXX object CMakeFiles/turtlesim__rosidl_typesupport_fastrtps_c.dir/rosidl_typesupport_fastrtps_c/turtlesim/srv/detail/teleport_absolute__type_support_c.cpp.o[0m
[34.686s] [ 81%] [32m[1mLinking CXX executable turtlesim_node[0m
[34.828s] [ 82%] [32mBuilding CXX object CMakeFiles/turtlesim__rosidl_typesupport_fastrtps_c.dir/rosidl_typesupport_fastrtps_c/turtlesim/srv/detail/teleport_relative__type_support_c.cpp.o[0m
[35.040s] [ 83%] [32m[1mLinking CXX shared library libturtlesim__rosidl_typesupport_fastrtps_c.so[0m
[35.087s] [ 83%] Built target turtlesim__rosidl_typesupport_fastrtps_c
[35.101s] [ 83%] Built target turtlesim
[35.116s] [ 84%] [34m[1mGenerating Python code for ROS interfaces[0m
[36.184s] [ 84%] Built target turtlesim_node
[36.199s] [ 84%] Built target turtlesim__py
[36.211s] [ 85%] [32mBuilding C object CMakeFiles/turtlesim__rosidl_generator_py.dir/rosidl_generator_py/turtlesim/msg/_color_s.c.o[0m
[36.211s] [ 86%] [32mBuilding C object CMakeFiles/turtlesim__rosidl_generator_py.dir/rosidl_generator_py/turtlesim/action/_rotate_absolute_s.c.o[0m
[36.319s] [ 87%] [32mBuilding C object CMakeFiles/turtlesim__rosidl_generator_py.dir/rosidl_generator_py/turtlesim/msg/_pose_s.c.o[0m
[36.342s] [ 88%] [32mBuilding C object CMakeFiles/turtlesim__rosidl_generator_py.dir/rosidl_generator_py/turtlesim/srv/_kill_s.c.o[0m
[36.377s] [ 89%] [32mBuilding C object CMakeFiles/turtlesim__rosidl_generator_py.dir/rosidl_generator_py/turtlesim/srv/_set_pen_s.c.o[0m
[36.403s] [ 90%] [32mBuilding C object CMakeFiles/turtlesim__rosidl_generator_py.dir/rosidl_generator_py/turtlesim/srv/_spawn_s.c.o[0m
[36.438s] [ 91%] [32mBuilding C object CMakeFiles/turtlesim__rosidl_generator_py.dir/rosidl_generator_py/turtlesim/srv/_teleport_absolute_s.c.o[0m
[36.472s] [ 92%] [32mBuilding C object CMakeFiles/turtlesim__rosidl_generator_py.dir/rosidl_generator_py/turtlesim/srv/_teleport_relative_s.c.o[0m
[36.534s] [ 93%] [32m[1mLinking C shared library rosidl_generator_py/turtlesim/libturtlesim__rosidl_generator_py.so[0m
[36.558s] [ 93%] Built target turtlesim__rosidl_generator_py
[36.568s] [ 94%] [32mBuilding C object CMakeFiles/turtlesim__rosidl_typesupport_fastrtps_c__pyext.dir/rosidl_generator_py/turtlesim/_turtlesim_s.ep.rosidl_typesupport_fastrtps_c.c.o[0m
[36.568s] [ 95%] [32mBuilding C object CMakeFiles/turtlesim__rosidl_typesupport_introspection_c__pyext.dir/rosidl_generator_py/turtlesim/_turtlesim_s.ep.rosidl_typesupport_introspection_c.c.o[0m
[36.662s] [ 96%] [32m[1mLinking C shared library rosidl_generator_py/turtlesim/turtlesim_s__rosidl_typesupport_introspection_c.cpython-310-aarch64-linux-gnu.so[0m
[36.662s] [ 97%] [32m[1mLinking C shared library rosidl_generator_py/turtlesim/turtlesim_s__rosidl_typesupport_fastrtps_c.cpython-310-aarch64-linux-gnu.so[0m
[36.692s] [ 97%] Built target turtlesim__rosidl_typesupport_introspection_c__pyext
[36.693s] [ 97%] Built target turtlesim__rosidl_typesupport_fastrtps_c__pyext
[36.702s] [ 98%] [32mBuilding C object CMakeFiles/turtlesim__rosidl_typesupport_c__pyext.dir/rosidl_generator_py/turtlesim/_turtlesim_s.ep.rosidl_typesupport_c.c.o[0m
[36.793s] [100%] [32m[1mLinking C shared library rosidl_generator_py/turtlesim/turtlesim_s__rosidl_typesupport_c.cpython-310-aarch64-linux-gnu.so[0m
[36.816s] [100%] Built target turtlesim__rosidl_typesupport_c__pyext
[36.882s] Invoked command in '/home/parallels/ros2_ws/build/turtlesim' returned '0': CMAKE_PREFIX_PATH=/opt/ros/humble /usr/bin/cmake --build /home/parallels/ros2_ws/build/turtlesim -- -j2 -l2
[37.024s] Invoking command in '/home/parallels/ros2_ws/build/turtlesim': CMAKE_PREFIX_PATH=/opt/ros/humble /usr/bin/cmake --install /home/parallels/ros2_ws/build/turtlesim
[37.028s] -- Install configuration: ""
[37.029s] -- Installing: /home/parallels/ros2_ws/install/turtlesim/share/ament_index/resource_index/rosidl_interfaces/turtlesim
[37.031s] -- Installing: /home/parallels/ros2_ws/install/turtlesim/include/turtlesim/turtlesim
[37.031s] -- Installing: /home/parallels/ros2_ws/install/turtlesim/include/turtlesim/turtlesim/srv
[37.031s] -- Installing: /home/parallels/ros2_ws/install/turtlesim/include/turtlesim/turtlesim/srv/kill.h
[37.031s] -- Installing: /home/parallels/ros2_ws/install/turtlesim/include/turtlesim/turtlesim/srv/teleport_absolute.h
[37.031s] -- Installing: /home/parallels/ros2_ws/install/turtlesim/include/turtlesim/turtlesim/srv/set_pen.h
[37.031s] -- Installing: /home/parallels/ros2_ws/install/turtlesim/include/turtlesim/turtlesim/srv/spawn.h
[37.031s] -- Installing: /home/parallels/ros2_ws/install/turtlesim/include/turtlesim/turtlesim/srv/teleport_relative.h
[37.031s] -- Installing: /home/parallels/ros2_ws/install/turtlesim/include/turtlesim/turtlesim/srv/detail
[37.031s] -- Installing: /home/parallels/ros2_ws/install/turtlesim/include/turtlesim/turtlesim/srv/detail/spawn__functions.h
[37.031s] -- Installing: /home/parallels/ros2_ws/install/turtlesim/include/turtlesim/turtlesim/srv/detail/teleport_relative__struct.h
[37.032s] -- Installing: /home/parallels/ros2_ws/install/turtlesim/include/turtlesim/turtlesim/srv/detail/spawn__type_support.h
[37.032s] -- Installing: /home/parallels/ros2_ws/install/turtlesim/include/turtlesim/turtlesim/srv/detail/kill__functions.h
[37.032s] -- Installing: /home/parallels/ros2_ws/install/turtlesim/include/turtlesim/turtlesim/srv/detail/set_pen__struct.h
[37.032s] -- Installing: /home/parallels/ros2_ws/install/turtlesim/include/turtlesim/turtlesim/srv/detail/kill__type_support.h
[37.032s] -- Installing: /home/parallels/ros2_ws/install/turtlesim/include/turtlesim/turtlesim/srv/detail/teleport_absolute__functions.h
[37.032s] -- Installing: /home/parallels/ros2_ws/install/turtlesim/include/turtlesim/turtlesim/srv/detail/teleport_absolute__struct.h
[37.032s] -- Installing: /home/parallels/ros2_ws/install/turtlesim/include/turtlesim/turtlesim/srv/detail/teleport_absolute__functions.c
[37.032s] -- Installing: /home/parallels/ros2_ws/install/turtlesim/include/turtlesim/turtlesim/srv/detail/kill__struct.h
[37.032s] -- Installing: /home/parallels/ros2_ws/install/turtlesim/include/turtlesim/turtlesim/srv/detail/set_pen__functions.c
[37.032s] -- Installing: /home/parallels/ros2_ws/install/turtlesim/include/turtlesim/turtlesim/srv/detail/teleport_relative__functions.h
[37.032s] -- Installing: /home/parallels/ros2_ws/install/turtlesim/include/turtlesim/turtlesim/srv/detail/kill__functions.c
[37.032s] -- Installing: /home/parallels/ros2_ws/install/turtlesim/include/turtlesim/turtlesim/srv/detail/teleport_relative__functions.c
[37.032s] -- Installing: /home/parallels/ros2_ws/install/turtlesim/include/turtlesim/turtlesim/srv/detail/teleport_absolute__type_support.h
[37.032s] -- Installing: /home/parallels/ros2_ws/install/turtlesim/include/turtlesim/turtlesim/srv/detail/spawn__struct.h
[37.032s] -- Installing: /home/parallels/ros2_ws/install/turtlesim/include/turtlesim/turtlesim/srv/detail/teleport_relative__type_support.h
[37.032s] -- Installing: /home/parallels/ros2_ws/install/turtlesim/include/turtlesim/turtlesim/srv/detail/set_pen__functions.h
[37.032s] -- Installing: /home/parallels/ros2_ws/install/turtlesim/include/turtlesim/turtlesim/srv/detail/set_pen__type_support.h
[37.032s] -- Installing: /home/parallels/ros2_ws/install/turtlesim/include/turtlesim/turtlesim/srv/detail/spawn__functions.c
[37.032s] -- Installing: /home/parallels/ros2_ws/install/turtlesim/include/turtlesim/turtlesim/msg
[37.032s] -- Installing: /home/parallels/ros2_ws/install/turtlesim/include/turtlesim/turtlesim/msg/rosidl_generator_c__visibility_control.h
[37.032s] -- Installing: /home/parallels/ros2_ws/install/turtlesim/include/turtlesim/turtlesim/msg/pose.h
[37.032s] -- Installing: /home/parallels/ros2_ws/install/turtlesim/include/turtlesim/turtlesim/msg/color.h
[37.032s] -- Installing: /home/parallels/ros2_ws/install/turtlesim/include/turtlesim/turtlesim/msg/detail
[37.032s] -- Installing: /home/parallels/ros2_ws/install/turtlesim/include/turtlesim/turtlesim/msg/detail/color__struct.h
[37.032s] -- Installing: /home/parallels/ros2_ws/install/turtlesim/include/turtlesim/turtlesim/msg/detail/color__functions.c
[37.033s] -- Installing: /home/parallels/ros2_ws/install/turtlesim/include/turtlesim/turtlesim/msg/detail/color__type_support.h
[37.033s] -- Installing: /home/parallels/ros2_ws/install/turtlesim/include/turtlesim/turtlesim/msg/detail/pose__type_support.h
[37.033s] -- Installing: /home/parallels/ros2_ws/install/turtlesim/include/turtlesim/turtlesim/msg/detail/color__functions.h
[37.033s] -- Installing: /home/parallels/ros2_ws/install/turtlesim/include/turtlesim/turtlesim/msg/detail/pose__functions.c
[37.033s] -- Installing: /home/parallels/ros2_ws/install/turtlesim/include/turtlesim/turtlesim/msg/detail/pose__struct.h
[37.033s] -- Installing: /home/parallels/ros2_ws/install/turtlesim/include/turtlesim/turtlesim/msg/detail/pose__functions.h
[37.033s] -- Installing: /home/parallels/ros2_ws/install/turtlesim/include/turtlesim/turtlesim/action
[37.033s] -- Installing: /home/parallels/ros2_ws/install/turtlesim/include/turtlesim/turtlesim/action/rotate_absolute.h
[37.033s] -- Installing: /home/parallels/ros2_ws/install/turtlesim/include/turtlesim/turtlesim/action/detail
[37.033s] -- Installing: /home/parallels/ros2_ws/install/turtlesim/include/turtlesim/turtlesim/action/detail/rotate_absolute__type_support.h
[37.033s] -- Installing: /home/parallels/ros2_ws/install/turtlesim/include/turtlesim/turtlesim/action/detail/rotate_absolute__functions.c
[37.034s] -- Installing: /home/parallels/ros2_ws/install/turtlesim/include/turtlesim/turtlesim/action/detail/rotate_absolute__functions.h
[37.034s] -- Installing: /home/parallels/ros2_ws/install/turtlesim/include/turtlesim/turtlesim/action/detail/rotate_absolute__struct.h
[37.034s] -- Installing: /home/parallels/ros2_ws/install/turtlesim/share/turtlesim/environment/library_path.sh
[37.034s] -- Installing: /home/parallels/ros2_ws/install/turtlesim/share/turtlesim/environment/library_path.dsv
[37.035s] -- Installing: /home/parallels/ros2_ws/install/turtlesim/lib/libturtlesim__rosidl_generator_c.so
[37.035s] -- Set runtime path of "/home/parallels/ros2_ws/install/turtlesim/lib/libturtlesim__rosidl_generator_c.so" to ""
[37.035s] -- Up-to-date: /home/parallels/ros2_ws/install/turtlesim/include/turtlesim/turtlesim
[37.035s] -- Up-to-date: /home/parallels/ros2_ws/install/turtlesim/include/turtlesim/turtlesim/srv
[37.035s] -- Up-to-date: /home/parallels/ros2_ws/install/turtlesim/include/turtlesim/turtlesim/srv/detail
[37.035s] -- Installing: /home/parallels/ros2_ws/install/turtlesim/include/turtlesim/turtlesim/srv/detail/set_pen__rosidl_typesupport_fastrtps_c.h
[37.035s] -- Installing: /home/parallels/ros2_ws/install/turtlesim/include/turtlesim/turtlesim/srv/detail/kill__rosidl_typesupport_fastrtps_c.h
[37.035s] -- Installing: /home/parallels/ros2_ws/install/turtlesim/include/turtlesim/turtlesim/srv/detail/teleport_absolute__rosidl_typesupport_fastrtps_c.h
[37.035s] -- Installing: /home/parallels/ros2_ws/install/turtlesim/include/turtlesim/turtlesim/srv/detail/teleport_relative__rosidl_typesupport_fastrtps_c.h
[37.035s] -- Installing: /home/parallels/ros2_ws/install/turtlesim/include/turtlesim/turtlesim/srv/detail/spawn__rosidl_typesupport_fastrtps_c.h
[37.035s] -- Up-to-date: /home/parallels/ros2_ws/install/turtlesim/include/turtlesim/turtlesim/msg
[37.035s] -- Installing: /home/parallels/ros2_ws/install/turtlesim/include/turtlesim/turtlesim/msg/rosidl_typesupport_fastrtps_c__visibility_control.h
[37.035s] -- Up-to-date: /home/parallels/ros2_ws/install/turtlesim/include/turtlesim/turtlesim/msg/detail
[37.035s] -- Installing: /home/parallels/ros2_ws/install/turtlesim/include/turtlesim/turtlesim/msg/detail/pose__rosidl_typesupport_fastrtps_c.h
[37.036s] -- Installing: /home/parallels/ros2_ws/install/turtlesim/include/turtlesim/turtlesim/msg/detail/color__rosidl_typesupport_fastrtps_c.h
[37.036s] -- Up-to-date: /home/parallels/ros2_ws/install/turtlesim/include/turtlesim/turtlesim/action
[37.036s] -- Up-to-date: /home/parallels/ros2_ws/install/turtlesim/include/turtlesim/turtlesim/action/detail
[37.036s] -- Installing: /home/parallels/ros2_ws/install/turtlesim/include/turtlesim/turtlesim/action/detail/rotate_absolute__rosidl_typesupport_fastrtps_c.h
[37.036s] -- Installing: /home/parallels/ros2_ws/install/turtlesim/lib/libturtlesim__rosidl_typesupport_fastrtps_c.so
[37.036s] -- Set runtime path of "/home/parallels/ros2_ws/install/turtlesim/lib/libturtlesim__rosidl_typesupport_fastrtps_c.so" to ""
[37.036s] -- Up-to-date: /home/parallels/ros2_ws/install/turtlesim/include/turtlesim/turtlesim
[37.036s] -- Up-to-date: /home/parallels/ros2_ws/install/turtlesim/include/turtlesim/turtlesim/srv
[37.036s] -- Installing: /home/parallels/ros2_ws/install/turtlesim/include/turtlesim/turtlesim/srv/teleport_relative.hpp
[37.036s] -- Installing: /home/parallels/ros2_ws/install/turtlesim/include/turtlesim/turtlesim/srv/set_pen.hpp
[37.036s] -- Installing: /home/parallels/ros2_ws/install/turtlesim/include/turtlesim/turtlesim/srv/spawn.hpp
[37.036s] -- Installing: /home/parallels/ros2_ws/install/turtlesim/include/turtlesim/turtlesim/srv/kill.hpp
[37.036s] -- Installing: /home/parallels/ros2_ws/install/turtlesim/include/turtlesim/turtlesim/srv/teleport_absolute.hpp
[37.036s] -- Up-to-date: /home/parallels/ros2_ws/install/turtlesim/include/turtlesim/turtlesim/srv/detail
[37.036s] -- Installing: /home/parallels/ros2_ws/install/turtlesim/include/turtlesim/turtlesim/srv/detail/kill__traits.hpp
[37.036s] -- Installing: /home/parallels/ros2_ws/install/turtlesim/include/turtlesim/turtlesim/srv/detail/teleport_relative__traits.hpp
[37.036s] -- Installing: /home/parallels/ros2_ws/install/turtlesim/include/turtlesim/turtlesim/srv/detail/spawn__builder.hpp
[37.036s] -- Installing: /home/parallels/ros2_ws/install/turtlesim/include/turtlesim/turtlesim/srv/detail/teleport_absolute__struct.hpp
[37.036s] -- Installing: /home/parallels/ros2_ws/install/turtlesim/include/turtlesim/turtlesim/srv/detail/spawn__traits.hpp
[37.037s] -- Installing: /home/parallels/ros2_ws/install/turtlesim/include/turtlesim/turtlesim/srv/detail/teleport_relative__builder.hpp
[37.037s] -- Installing: /home/parallels/ros2_ws/install/turtlesim/include/turtlesim/turtlesim/srv/detail/teleport_relative__struct.hpp
[37.037s] -- Installing: /home/parallels/ros2_ws/install/turtlesim/include/turtlesim/turtlesim/srv/detail/set_pen__builder.hpp
[37.037s] -- Installing: /home/parallels/ros2_ws/install/turtlesim/include/turtlesim/turtlesim/srv/detail/teleport_absolute__builder.hpp
[37.037s] -- Installing: /home/parallels/ros2_ws/install/turtlesim/include/turtlesim/turtlesim/srv/detail/set_pen__struct.hpp
[37.037s] -- Installing: /home/parallels/ros2_ws/install/turtlesim/include/turtlesim/turtlesim/srv/detail/kill__struct.hpp
[37.037s] -- Installing: /home/parallels/ros2_ws/install/turtlesim/include/turtlesim/turtlesim/srv/detail/spawn__struct.hpp
[37.037s] -- Installing: /home/parallels/ros2_ws/install/turtlesim/include/turtlesim/turtlesim/srv/detail/kill__builder.hpp
[37.037s] -- Installing: /home/parallels/ros2_ws/install/turtlesim/include/turtlesim/turtlesim/srv/detail/teleport_absolute__traits.hpp
[37.037s] -- Installing: /home/parallels/ros2_ws/install/turtlesim/include/turtlesim/turtlesim/srv/detail/set_pen__traits.hpp
[37.037s] -- Up-to-date: /home/parallels/ros2_ws/install/turtlesim/include/turtlesim/turtlesim/msg
[37.037s] -- Installing: /home/parallels/ros2_ws/install/turtlesim/include/turtlesim/turtlesim/msg/color.hpp
[37.037s] -- Installing: /home/parallels/ros2_ws/install/turtlesim/include/turtlesim/turtlesim/msg/pose.hpp
[37.037s] -- Up-to-date: /home/parallels/ros2_ws/install/turtlesim/include/turtlesim/turtlesim/msg/detail
[37.037s] -- Installing: /home/parallels/ros2_ws/install/turtlesim/include/turtlesim/turtlesim/msg/detail/pose__builder.hpp
[37.037s] -- Installing: /home/parallels/ros2_ws/install/turtlesim/include/turtlesim/turtlesim/msg/detail/color__struct.hpp
[37.037s] -- Installing: /home/parallels/ros2_ws/install/turtlesim/include/turtlesim/turtlesim/msg/detail/color__builder.hpp
[37.037s] -- Installing: /home/parallels/ros2_ws/install/turtlesim/include/turtlesim/turtlesim/msg/detail/pose__traits.hpp
[37.037s] -- Installing: /home/parallels/ros2_ws/install/turtlesim/include/turtlesim/turtlesim/msg/detail/pose__struct.hpp
[37.037s] -- Installing: /home/parallels/ros2_ws/install/turtlesim/include/turtlesim/turtlesim/msg/detail/color__traits.hpp
[37.037s] -- Up-to-date: /home/parallels/ros2_ws/install/turtlesim/include/turtlesim/turtlesim/action
[37.038s] -- Installing: /home/parallels/ros2_ws/install/turtlesim/include/turtlesim/turtlesim/action/rotate_absolute.hpp
[37.038s] -- Up-to-date: /home/parallels/ros2_ws/install/turtlesim/include/turtlesim/turtlesim/action/detail
[37.038s] -- Installing: /home/parallels/ros2_ws/install/turtlesim/include/turtlesim/turtlesim/action/detail/rotate_absolute__traits.hpp
[37.038s] -- Installing: /home/parallels/ros2_ws/install/turtlesim/include/turtlesim/turtlesim/action/detail/rotate_absolute__builder.hpp
[37.038s] -- Installing: /home/parallels/ros2_ws/install/turtlesim/include/turtlesim/turtlesim/action/detail/rotate_absolute__struct.hpp
[37.038s] -- Up-to-date: /home/parallels/ros2_ws/install/turtlesim/include/turtlesim/turtlesim
[37.038s] -- Up-to-date: /home/parallels/ros2_ws/install/turtlesim/include/turtlesim/turtlesim/srv
[37.038s] -- Up-to-date: /home/parallels/ros2_ws/install/turtlesim/include/turtlesim/turtlesim/srv/detail
[37.038s] -- Installing: /home/parallels/ros2_ws/install/turtlesim/include/turtlesim/turtlesim/srv/detail/spawn__rosidl_typesupport_fastrtps_cpp.hpp
[37.038s] -- Installing: /home/parallels/ros2_ws/install/turtlesim/include/turtlesim/turtlesim/srv/detail/kill__rosidl_typesupport_fastrtps_cpp.hpp
[37.039s] -- Installing: /home/parallels/ros2_ws/install/turtlesim/include/turtlesim/turtlesim/srv/detail/set_pen__rosidl_typesupport_fastrtps_cpp.hpp
[37.039s] -- Installing: /home/parallels/ros2_ws/install/turtlesim/include/turtlesim/turtlesim/srv/detail/teleport_absolute__rosidl_typesupport_fastrtps_cpp.hpp
[37.039s] -- Installing: /home/parallels/ros2_ws/install/turtlesim/include/turtlesim/turtlesim/srv/detail/dds_fastrtps
[37.039s] -- Installing: /home/parallels/ros2_ws/install/turtlesim/include/turtlesim/turtlesim/srv/detail/teleport_relative__rosidl_typesupport_fastrtps_cpp.hpp
[37.039s] -- Up-to-date: /home/parallels/ros2_ws/install/turtlesim/include/turtlesim/turtlesim/msg
[37.039s] -- Installing: /home/parallels/ros2_ws/install/turtlesim/include/turtlesim/turtlesim/msg/rosidl_typesupport_fastrtps_cpp__visibility_control.h
[37.039s] -- Up-to-date: /home/parallels/ros2_ws/install/turtlesim/include/turtlesim/turtlesim/msg/detail
[37.040s] -- Installing: /home/parallels/ros2_ws/install/turtlesim/include/turtlesim/turtlesim/msg/detail/pose__rosidl_typesupport_fastrtps_cpp.hpp
[37.040s] -- Installing: /home/parallels/ros2_ws/install/turtlesim/include/turtlesim/turtlesim/msg/detail/color__rosidl_typesupport_fastrtps_cpp.hpp
[37.040s] -- Installing: /home/parallels/ros2_ws/install/turtlesim/include/turtlesim/turtlesim/msg/detail/dds_fastrtps
[37.040s] -- Up-to-date: /home/parallels/ros2_ws/install/turtlesim/include/turtlesim/turtlesim/action
[37.040s] -- Up-to-date: /home/parallels/ros2_ws/install/turtlesim/include/turtlesim/turtlesim/action/detail
[37.040s] -- Installing: /home/parallels/ros2_ws/install/turtlesim/include/turtlesim/turtlesim/action/detail/rotate_absolute__rosidl_typesupport_fastrtps_cpp.hpp
[37.040s] -- Installing: /home/parallels/ros2_ws/install/turtlesim/include/turtlesim/turtlesim/action/detail/dds_fastrtps
[37.041s] -- Installing: /home/parallels/ros2_ws/install/turtlesim/lib/libturtlesim__rosidl_typesupport_fastrtps_cpp.so
[37.042s] -- Set runtime path of "/home/parallels/ros2_ws/install/turtlesim/lib/libturtlesim__rosidl_typesupport_fastrtps_cpp.so" to ""
[37.042s] -- Up-to-date: /home/parallels/ros2_ws/install/turtlesim/include/turtlesim/turtlesim
[37.042s] -- Up-to-date: /home/parallels/ros2_ws/install/turtlesim/include/turtlesim/turtlesim/srv
[37.042s] -- Up-to-date: /home/parallels/ros2_ws/install/turtlesim/include/turtlesim/turtlesim/srv/detail
[37.042s] -- Installing: /home/parallels/ros2_ws/install/turtlesim/include/turtlesim/turtlesim/srv/detail/spawn__rosidl_typesupport_introspection_c.h
[37.042s] -- Installing: /home/parallels/ros2_ws/install/turtlesim/include/turtlesim/turtlesim/srv/detail/teleport_absolute__rosidl_typesupport_introspection_c.h
[37.042s] -- Installing: /home/parallels/ros2_ws/install/turtlesim/include/turtlesim/turtlesim/srv/detail/kill__type_support.c
[37.043s] -- Installing: /home/parallels/ros2_ws/install/turtlesim/include/turtlesim/turtlesim/srv/detail/spawn__type_support.c
[37.043s] -- Installing: /home/parallels/ros2_ws/install/turtlesim/include/turtlesim/turtlesim/srv/detail/kill__rosidl_typesupport_introspection_c.h
[37.043s] -- Installing: /home/parallels/ros2_ws/install/turtlesim/include/turtlesim/turtlesim/srv/detail/teleport_absolute__type_support.c
[37.043s] -- Installing: /home/parallels/ros2_ws/install/turtlesim/include/turtlesim/turtlesim/srv/detail/set_pen__type_support.c
[37.043s] -- Installing: /home/parallels/ros2_ws/install/turtlesim/include/turtlesim/turtlesim/srv/detail/set_pen__rosidl_typesupport_introspection_c.h
[37.043s] -- Installing: /home/parallels/ros2_ws/install/turtlesim/include/turtlesim/turtlesim/srv/detail/teleport_relative__rosidl_typesupport_introspection_c.h
[37.043s] -- Installing: /home/parallels/ros2_ws/install/turtlesim/include/turtlesim/turtlesim/srv/detail/teleport_relative__type_support.c
[37.043s] -- Up-to-date: /home/parallels/ros2_ws/install/turtlesim/include/turtlesim/turtlesim/msg
[37.043s] -- Installing: /home/parallels/ros2_ws/install/turtlesim/include/turtlesim/turtlesim/msg/rosidl_typesupport_introspection_c__visibility_control.h
[37.044s] -- Up-to-date: /home/parallels/ros2_ws/install/turtlesim/include/turtlesim/turtlesim/msg/detail
[37.044s] -- Installing: /home/parallels/ros2_ws/install/turtlesim/include/turtlesim/turtlesim/msg/detail/pose__rosidl_typesupport_introspection_c.h
[37.044s] -- Installing: /home/parallels/ros2_ws/install/turtlesim/include/turtlesim/turtlesim/msg/detail/color__rosidl_typesupport_introspection_c.h
[37.044s] -- Installing: /home/parallels/ros2_ws/install/turtlesim/include/turtlesim/turtlesim/msg/detail/pose__type_support.c
[37.044s] -- Installing: /home/parallels/ros2_ws/install/turtlesim/include/turtlesim/turtlesim/msg/detail/color__type_support.c
[37.044s] -- Up-to-date: /home/parallels/ros2_ws/install/turtlesim/include/turtlesim/turtlesim/action
[37.044s] -- Up-to-date: /home/parallels/ros2_ws/install/turtlesim/include/turtlesim/turtlesim/action/detail
[37.045s] -- Installing: /home/parallels/ros2_ws/install/turtlesim/include/turtlesim/turtlesim/action/detail/rotate_absolute__type_support.c
[37.045s] -- Installing: /home/parallels/ros2_ws/install/turtlesim/include/turtlesim/turtlesim/action/detail/rotate_absolute__rosidl_typesupport_introspection_c.h
[37.045s] -- Installing: /home/parallels/ros2_ws/install/turtlesim/lib/libturtlesim__rosidl_typesupport_introspection_c.so
[37.045s] -- Set runtime path of "/home/parallels/ros2_ws/install/turtlesim/lib/libturtlesim__rosidl_typesupport_introspection_c.so" to ""
[37.046s] -- Installing: /home/parallels/ros2_ws/install/turtlesim/lib/libturtlesim__rosidl_typesupport_c.so
[37.046s] -- Set runtime path of "/home/parallels/ros2_ws/install/turtlesim/lib/libturtlesim__rosidl_typesupport_c.so" to ""
[37.046s] -- Up-to-date: /home/parallels/ros2_ws/install/turtlesim/include/turtlesim/turtlesim
[37.046s] -- Up-to-date: /home/parallels/ros2_ws/install/turtlesim/include/turtlesim/turtlesim/srv
[37.046s] -- Up-to-date: /home/parallels/ros2_ws/install/turtlesim/include/turtlesim/turtlesim/srv/detail
[37.046s] -- Installing: /home/parallels/ros2_ws/install/turtlesim/include/turtlesim/turtlesim/srv/detail/teleport_relative__rosidl_typesupport_introspection_cpp.hpp
[37.046s] -- Installing: /home/parallels/ros2_ws/install/turtlesim/include/turtlesim/turtlesim/srv/detail/teleport_absolute__type_support.cpp
[37.046s] -- Installing: /home/parallels/ros2_ws/install/turtlesim/include/turtlesim/turtlesim/srv/detail/spawn__rosidl_typesupport_introspection_cpp.hpp
[37.047s] -- Installing: /home/parallels/ros2_ws/install/turtlesim/include/turtlesim/turtlesim/srv/detail/set_pen__rosidl_typesupport_introspection_cpp.hpp
[37.047s] -- Installing: /home/parallels/ros2_ws/install/turtlesim/include/turtlesim/turtlesim/srv/detail/teleport_relative__type_support.cpp
[37.047s] -- Installing: /home/parallels/ros2_ws/install/turtlesim/include/turtlesim/turtlesim/srv/detail/set_pen__type_support.cpp
[37.047s] -- Installing: /home/parallels/ros2_ws/install/turtlesim/include/turtlesim/turtlesim/srv/detail/kill__rosidl_typesupport_introspection_cpp.hpp
[37.047s] -- Installing: /home/parallels/ros2_ws/install/turtlesim/include/turtlesim/turtlesim/srv/detail/spawn__type_support.cpp
[37.047s] -- Installing: /home/parallels/ros2_ws/install/turtlesim/include/turtlesim/turtlesim/srv/detail/kill__type_support.cpp
[37.047s] -- Installing: /home/parallels/ros2_ws/install/turtlesim/include/turtlesim/turtlesim/srv/detail/teleport_absolute__rosidl_typesupport_introspection_cpp.hpp
[37.048s] -- Up-to-date: /home/parallels/ros2_ws/install/turtlesim/include/turtlesim/turtlesim/msg
[37.048s] -- Up-to-date: /home/parallels/ros2_ws/install/turtlesim/include/turtlesim/turtlesim/msg/detail
[37.048s] -- Installing: /home/parallels/ros2_ws/install/turtlesim/include/turtlesim/turtlesim/msg/detail/color__type_support.cpp
[37.048s] -- Installing: /home/parallels/ros2_ws/install/turtlesim/include/turtlesim/turtlesim/msg/detail/pose__type_support.cpp
[37.048s] -- Installing: /home/parallels/ros2_ws/install/turtlesim/include/turtlesim/turtlesim/msg/detail/color__rosidl_typesupport_introspection_cpp.hpp
[37.048s] -- Installing: /home/parallels/ros2_ws/install/turtlesim/include/turtlesim/turtlesim/msg/detail/pose__rosidl_typesupport_introspection_cpp.hpp
[37.048s] -- Up-to-date: /home/parallels/ros2_ws/install/turtlesim/include/turtlesim/turtlesim/action
[37.048s] -- Up-to-date: /home/parallels/ros2_ws/install/turtlesim/include/turtlesim/turtlesim/action/detail
[37.048s] -- Installing: /home/parallels/ros2_ws/install/turtlesim/include/turtlesim/turtlesim/action/detail/rotate_absolute__type_support.cpp
[37.049s] -- Installing: /home/parallels/ros2_ws/install/turtlesim/include/turtlesim/turtlesim/action/detail/rotate_absolute__rosidl_typesupport_introspection_cpp.hpp
[37.049s] -- Installing: /home/parallels/ros2_ws/install/turtlesim/lib/libturtlesim__rosidl_typesupport_introspection_cpp.so
[37.050s] -- Set runtime path of "/home/parallels/ros2_ws/install/turtlesim/lib/libturtlesim__rosidl_typesupport_introspection_cpp.so" to ""
[37.050s] -- Installing: /home/parallels/ros2_ws/install/turtlesim/lib/libturtlesim__rosidl_typesupport_cpp.so
[37.050s] -- Set runtime path of "/home/parallels/ros2_ws/install/turtlesim/lib/libturtlesim__rosidl_typesupport_cpp.so" to ""
[37.050s] -- Installing: /home/parallels/ros2_ws/install/turtlesim/share/turtlesim/environment/pythonpath.sh
[37.050s] -- Installing: /home/parallels/ros2_ws/install/turtlesim/share/turtlesim/environment/pythonpath.dsv
[37.050s] -- Installing: /home/parallels/ros2_ws/install/turtlesim/local/lib/python3.10/dist-packages/turtlesim-1.4.2-py3.10.egg-info
[37.051s] -- Installing: /home/parallels/ros2_ws/install/turtlesim/local/lib/python3.10/dist-packages/turtlesim-1.4.2-py3.10.egg-info/PKG-INFO
[37.051s] -- Installing: /home/parallels/ros2_ws/install/turtlesim/local/lib/python3.10/dist-packages/turtlesim-1.4.2-py3.10.egg-info/SOURCES.txt
[37.051s] -- Installing: /home/parallels/ros2_ws/install/turtlesim/local/lib/python3.10/dist-packages/turtlesim-1.4.2-py3.10.egg-info/top_level.txt
[37.051s] -- Installing: /home/parallels/ros2_ws/install/turtlesim/local/lib/python3.10/dist-packages/turtlesim-1.4.2-py3.10.egg-info/dependency_links.txt
[37.051s] -- Installing: /home/parallels/ros2_ws/install/turtlesim/local/lib/python3.10/dist-packages/turtlesim
[37.051s] -- Installing: /home/parallels/ros2_ws/install/turtlesim/local/lib/python3.10/dist-packages/turtlesim/_turtlesim_s.ep.rosidl_typesupport_introspection_c.c
[37.051s] -- Installing: /home/parallels/ros2_ws/install/turtlesim/local/lib/python3.10/dist-packages/turtlesim/turtlesim_s__rosidl_typesupport_introspection_c.cpython-310-aarch64-linux-gnu.so
[37.052s] -- Installing: /home/parallels/ros2_ws/install/turtlesim/local/lib/python3.10/dist-packages/turtlesim/__init__.py
[37.052s] -- Installing: /home/parallels/ros2_ws/install/turtlesim/local/lib/python3.10/dist-packages/turtlesim/_turtlesim_s.ep.rosidl_typesupport_fastrtps_c.c
[37.052s] -- Installing: /home/parallels/ros2_ws/install/turtlesim/local/lib/python3.10/dist-packages/turtlesim/turtlesim_s__rosidl_typesupport_c.cpython-310-aarch64-linux-gnu.so
[37.052s] -- Installing: /home/parallels/ros2_ws/install/turtlesim/local/lib/python3.10/dist-packages/turtlesim/_turtlesim_s.ep.rosidl_typesupport_c.c
[37.052s] -- Installing: /home/parallels/ros2_ws/install/turtlesim/local/lib/python3.10/dist-packages/turtlesim/srv
[37.052s] -- Installing: /home/parallels/ros2_ws/install/turtlesim/local/lib/python3.10/dist-packages/turtlesim/srv/_set_pen_s.c
[37.052s] -- Installing: /home/parallels/ros2_ws/install/turtlesim/local/lib/python3.10/dist-packages/turtlesim/srv/__init__.py
[37.052s] -- Installing: /home/parallels/ros2_ws/install/turtlesim/local/lib/python3.10/dist-packages/turtlesim/srv/_kill_s.c
[37.052s] -- Installing: /home/parallels/ros2_ws/install/turtlesim/local/lib/python3.10/dist-packages/turtlesim/srv/_teleport_absolute_s.c
[37.052s] -- Installing: /home/parallels/ros2_ws/install/turtlesim/local/lib/python3.10/dist-packages/turtlesim/srv/_teleport_absolute.py
[37.052s] -- Installing: /home/parallels/ros2_ws/install/turtlesim/local/lib/python3.10/dist-packages/turtlesim/srv/_spawn_s.c
[37.052s] -- Installing: /home/parallels/ros2_ws/install/turtlesim/local/lib/python3.10/dist-packages/turtlesim/srv/_set_pen.py
[37.052s] -- Installing: /home/parallels/ros2_ws/install/turtlesim/local/lib/python3.10/dist-packages/turtlesim/srv/_spawn.py
[37.053s] -- Installing: /home/parallels/ros2_ws/install/turtlesim/local/lib/python3.10/dist-packages/turtlesim/srv/_teleport_relative.py
[37.053s] -- Installing: /home/parallels/ros2_ws/install/turtlesim/local/lib/python3.10/dist-packages/turtlesim/srv/_teleport_relative_s.c
[37.053s] -- Installing: /home/parallels/ros2_ws/install/turtlesim/local/lib/python3.10/dist-packages/turtlesim/srv/_kill.py
[37.053s] -- Installing: /home/parallels/ros2_ws/install/turtlesim/local/lib/python3.10/dist-packages/turtlesim/msg
[37.053s] -- Installing: /home/parallels/ros2_ws/install/turtlesim/local/lib/python3.10/dist-packages/turtlesim/msg/_pose_s.c
[37.053s] -- Installing: /home/parallels/ros2_ws/install/turtlesim/local/lib/python3.10/dist-packages/turtlesim/msg/__init__.py
[37.053s] -- Installing: /home/parallels/ros2_ws/install/turtlesim/local/lib/python3.10/dist-packages/turtlesim/msg/_pose.py
[37.053s] -- Installing: /home/parallels/ros2_ws/install/turtlesim/local/lib/python3.10/dist-packages/turtlesim/msg/_color_s.c
[37.053s] -- Installing: /home/parallels/ros2_ws/install/turtlesim/local/lib/python3.10/dist-packages/turtlesim/msg/_color.py
[37.053s] -- Installing: /home/parallels/ros2_ws/install/turtlesim/local/lib/python3.10/dist-packages/turtlesim/libturtlesim__rosidl_generator_py.so
[37.053s] -- Installing: /home/parallels/ros2_ws/install/turtlesim/local/lib/python3.10/dist-packages/turtlesim/action
[37.053s] -- Installing: /home/parallels/ros2_ws/install/turtlesim/local/lib/python3.10/dist-packages/turtlesim/action/__init__.py
[37.053s] -- Installing: /home/parallels/ros2_ws/install/turtlesim/local/lib/python3.10/dist-packages/turtlesim/action/_rotate_absolute_s.c
[37.053s] -- Installing: /home/parallels/ros2_ws/install/turtlesim/local/lib/python3.10/dist-packages/turtlesim/action/_rotate_absolute.py
[37.053s] -- Installing: /home/parallels/ros2_ws/install/turtlesim/local/lib/python3.10/dist-packages/turtlesim/turtlesim_s__rosidl_typesupport_fastrtps_c.cpython-310-aarch64-linux-gnu.so
[37.080s] Listing '/home/parallels/ros2_ws/install/turtlesim/local/lib/python3.10/dist-packages/turtlesim'...
[37.080s] Compiling '/home/parallels/ros2_ws/install/turtlesim/local/lib/python3.10/dist-packages/turtlesim/__init__.py'...
[37.080s] Listing '/home/parallels/ros2_ws/install/turtlesim/local/lib/python3.10/dist-packages/turtlesim/action'...
[37.080s] Compiling '/home/parallels/ros2_ws/install/turtlesim/local/lib/python3.10/dist-packages/turtlesim/action/__init__.py'...
[37.080s] Compiling '/home/parallels/ros2_ws/install/turtlesim/local/lib/python3.10/dist-packages/turtlesim/action/_rotate_absolute.py'...
[37.080s] Listing '/home/parallels/ros2_ws/install/turtlesim/local/lib/python3.10/dist-packages/turtlesim/msg'...
[37.080s] Compiling '/home/parallels/ros2_ws/install/turtlesim/local/lib/python3.10/dist-packages/turtlesim/msg/__init__.py'...
[37.080s] Compiling '/home/parallels/ros2_ws/install/turtlesim/local/lib/python3.10/dist-packages/turtlesim/msg/_color.py'...
[37.080s] Compiling '/home/parallels/ros2_ws/install/turtlesim/local/lib/python3.10/dist-packages/turtlesim/msg/_pose.py'...
[37.080s] Listing '/home/parallels/ros2_ws/install/turtlesim/local/lib/python3.10/dist-packages/turtlesim/srv'...
[37.080s] Compiling '/home/parallels/ros2_ws/install/turtlesim/local/lib/python3.10/dist-packages/turtlesim/srv/__init__.py'...
[37.080s] Compiling '/home/parallels/ros2_ws/install/turtlesim/local/lib/python3.10/dist-packages/turtlesim/srv/_kill.py'...
[37.080s] Compiling '/home/parallels/ros2_ws/install/turtlesim/local/lib/python3.10/dist-packages/turtlesim/srv/_set_pen.py'...
[37.080s] Compiling '/home/parallels/ros2_ws/install/turtlesim/local/lib/python3.10/dist-packages/turtlesim/srv/_spawn.py'...
[37.081s] Compiling '/home/parallels/ros2_ws/install/turtlesim/local/lib/python3.10/dist-packages/turtlesim/srv/_teleport_absolute.py'...
[37.081s] Compiling '/home/parallels/ros2_ws/install/turtlesim/local/lib/python3.10/dist-packages/turtlesim/srv/_teleport_relative.py'...
[37.084s] -- Installing: /home/parallels/ros2_ws/install/turtlesim/local/lib/python3.10/dist-packages/turtlesim/turtlesim_s__rosidl_typesupport_fastrtps_c.cpython-310-aarch64-linux-gnu.so
[37.084s] -- Set runtime path of "/home/parallels/ros2_ws/install/turtlesim/local/lib/python3.10/dist-packages/turtlesim/turtlesim_s__rosidl_typesupport_fastrtps_c.cpython-310-aarch64-linux-gnu.so" to ""
[37.084s] -- Installing: /home/parallels/ros2_ws/install/turtlesim/local/lib/python3.10/dist-packages/turtlesim/turtlesim_s__rosidl_typesupport_introspection_c.cpython-310-aarch64-linux-gnu.so
[37.085s] -- Set runtime path of "/home/parallels/ros2_ws/install/turtlesim/local/lib/python3.10/dist-packages/turtlesim/turtlesim_s__rosidl_typesupport_introspection_c.cpython-310-aarch64-linux-gnu.so" to ""
[37.085s] -- Installing: /home/parallels/ros2_ws/install/turtlesim/local/lib/python3.10/dist-packages/turtlesim/turtlesim_s__rosidl_typesupport_c.cpython-310-aarch64-linux-gnu.so
[37.085s] -- Set runtime path of "/home/parallels/ros2_ws/install/turtlesim/local/lib/python3.10/dist-packages/turtlesim/turtlesim_s__rosidl_typesupport_c.cpython-310-aarch64-linux-gnu.so" to ""
[37.085s] -- Installing: /home/parallels/ros2_ws/install/turtlesim/lib/libturtlesim__rosidl_generator_py.so
[37.085s] -- Set runtime path of "/home/parallels/ros2_ws/install/turtlesim/lib/libturtlesim__rosidl_generator_py.so" to ""
[37.085s] -- Installing: /home/parallels/ros2_ws/install/turtlesim/share/turtlesim/action/RotateAbsolute.idl
[37.085s] -- Installing: /home/parallels/ros2_ws/install/turtlesim/share/turtlesim/msg/Color.idl
[37.085s] -- Installing: /home/parallels/ros2_ws/install/turtlesim/share/turtlesim/msg/Pose.idl
[37.085s] -- Installing: /home/parallels/ros2_ws/install/turtlesim/share/turtlesim/srv/Kill.idl
[37.085s] -- Installing: /home/parallels/ros2_ws/install/turtlesim/share/turtlesim/srv/SetPen.idl
[37.085s] -- Installing: /home/parallels/ros2_ws/install/turtlesim/share/turtlesim/srv/Spawn.idl
[37.085s] -- Installing: /home/parallels/ros2_ws/install/turtlesim/share/turtlesim/srv/TeleportAbsolute.idl
[37.086s] -- Installing: /home/parallels/ros2_ws/install/turtlesim/share/turtlesim/srv/TeleportRelative.idl
[37.086s] -- Installing: /home/parallels/ros2_ws/install/turtlesim/share/turtlesim/action/RotateAbsolute.action
[37.086s] -- Installing: /home/parallels/ros2_ws/install/turtlesim/share/turtlesim/msg/Color.msg
[37.087s] -- Installing: /home/parallels/ros2_ws/install/turtlesim/share/turtlesim/msg/Pose.msg
[37.087s] -- Installing: /home/parallels/ros2_ws/install/turtlesim/share/turtlesim/srv/Kill.srv
[37.087s] -- Installing: /home/parallels/ros2_ws/install/turtlesim/share/turtlesim/srv/Kill_Request.msg
[37.087s] -- Installing: /home/parallels/ros2_ws/install/turtlesim/share/turtlesim/srv/Kill_Response.msg
[37.087s] -- Installing: /home/parallels/ros2_ws/install/turtlesim/share/turtlesim/srv/SetPen.srv
[37.087s] -- Installing: /home/parallels/ros2_ws/install/turtlesim/share/turtlesim/srv/SetPen_Request.msg
[37.087s] -- Installing: /home/parallels/ros2_ws/install/turtlesim/share/turtlesim/srv/SetPen_Response.msg
[37.088s] -- Installing: /home/parallels/ros2_ws/install/turtlesim/share/turtlesim/srv/Spawn.srv
[37.088s] -- Installing: /home/parallels/ros2_ws/install/turtlesim/share/turtlesim/srv/Spawn_Request.msg
[37.088s] -- Installing: /home/parallels/ros2_ws/install/turtlesim/share/turtlesim/srv/Spawn_Response.msg
[37.088s] -- Installing: /home/parallels/ros2_ws/install/turtlesim/share/turtlesim/srv/TeleportAbsolute.srv
[37.088s] -- Installing: /home/parallels/ros2_ws/install/turtlesim/share/turtlesim/srv/TeleportAbsolute_Request.msg
[37.088s] -- Installing: /home/parallels/ros2_ws/install/turtlesim/share/turtlesim/srv/TeleportAbsolute_Response.msg
[37.088s] -- Installing: /home/parallels/ros2_ws/install/turtlesim/share/turtlesim/srv/TeleportRelative.srv
[37.088s] -- Installing: /home/parallels/ros2_ws/install/turtlesim/share/turtlesim/srv/TeleportRelative_Request.msg
[37.088s] -- Installing: /home/parallels/ros2_ws/install/turtlesim/share/turtlesim/srv/TeleportRelative_Response.msg
[37.088s] -- Installing: /home/parallels/ros2_ws/install/turtlesim/lib/turtlesim/turtlesim_node
[37.094s] -- Set runtime path of "/home/parallels/ros2_ws/install/turtlesim/lib/turtlesim/turtlesim_node" to ""
[37.094s] -- Installing: /home/parallels/ros2_ws/install/turtlesim/lib/turtlesim/turtle_teleop_key
[37.096s] -- Set runtime path of "/home/parallels/ros2_ws/install/turtlesim/lib/turtlesim/turtle_teleop_key" to ""
[37.097s] -- Installing: /home/parallels/ros2_ws/install/turtlesim/lib/turtlesim/draw_square
[37.100s] -- Set runtime path of "/home/parallels/ros2_ws/install/turtlesim/lib/turtlesim/draw_square" to ""
[37.100s] -- Installing: /home/parallels/ros2_ws/install/turtlesim/lib/turtlesim/mimic
[37.102s] -- Set runtime path of "/home/parallels/ros2_ws/install/turtlesim/lib/turtlesim/mimic" to ""
[37.102s] -- Installing: /home/parallels/ros2_ws/install/turtlesim/share/turtlesim/images
[37.102s] -- Installing: /home/parallels/ros2_ws/install/turtlesim/share/turtlesim/images/bouncy.png
[37.102s] -- Installing: /home/parallels/ros2_ws/install/turtlesim/share/turtlesim/images/dashing.png
[37.107s] -- Installing: /home/parallels/ros2_ws/install/turtlesim/share/turtlesim/images/crystal.png
[37.108s] -- Installing: /home/parallels/ros2_ws/install/turtlesim/share/turtlesim/images/rolling.png
[37.108s] -- Installing: /home/parallels/ros2_ws/install/turtlesim/share/turtlesim/images/galactic.png
[37.108s] -- Installing: /home/parallels/ros2_ws/install/turtlesim/share/turtlesim/images/humble.png
[37.108s] -- Installing: /home/parallels/ros2_ws/install/turtlesim/share/turtlesim/images/eloquent.png
[37.108s] -- Installing: /home/parallels/ros2_ws/install/turtlesim/share/turtlesim/images/ardent.png
[37.108s] -- Installing: /home/parallels/ros2_ws/install/turtlesim/share/turtlesim/images/foxy.png
[37.108s] -- Installing: /home/parallels/ros2_ws/install/turtlesim/share/turtlesim/launch
[37.108s] -- Installing: /home/parallels/ros2_ws/install/turtlesim/share/turtlesim/launch/multisim.launch.py
[37.108s] -- Installing: /home/parallels/ros2_ws/install/turtlesim/share/ament_index/resource_index/package_run_dependencies/turtlesim
[37.108s] -- Installing: /home/parallels/ros2_ws/install/turtlesim/share/ament_index/resource_index/parent_prefix_path/turtlesim
[37.108s] -- Installing: /home/parallels/ros2_ws/install/turtlesim/share/turtlesim/environment/ament_prefix_path.sh
[37.108s] -- Installing: /home/parallels/ros2_ws/install/turtlesim/share/turtlesim/environment/ament_prefix_path.dsv
[37.108s] -- Installing: /home/parallels/ros2_ws/install/turtlesim/share/turtlesim/environment/path.sh
[37.108s] -- Installing: /home/parallels/ros2_ws/install/turtlesim/share/turtlesim/environment/path.dsv
[37.108s] -- Installing: /home/parallels/ros2_ws/install/turtlesim/share/turtlesim/local_setup.bash
[37.108s] -- Installing: /home/parallels/ros2_ws/install/turtlesim/share/turtlesim/local_setup.sh
[37.108s] -- Installing: /home/parallels/ros2_ws/install/turtlesim/share/turtlesim/local_setup.zsh
[37.109s] -- Installing: /home/parallels/ros2_ws/install/turtlesim/share/turtlesim/local_setup.dsv
[37.109s] -- Installing: /home/parallels/ros2_ws/install/turtlesim/share/turtlesim/package.dsv
[37.109s] -- Installing: /home/parallels/ros2_ws/install/turtlesim/share/ament_index/resource_index/packages/turtlesim
[37.109s] -- Installing: /home/parallels/ros2_ws/install/turtlesim/share/turtlesim/cmake/export_turtlesim__rosidl_generator_cExport.cmake
[37.109s] -- Installing: /home/parallels/ros2_ws/install/turtlesim/share/turtlesim/cmake/export_turtlesim__rosidl_generator_cExport-noconfig.cmake
[37.109s] -- Installing: /home/parallels/ros2_ws/install/turtlesim/share/turtlesim/cmake/export_turtlesim__rosidl_typesupport_fastrtps_cExport.cmake
[37.109s] -- Installing: /home/parallels/ros2_ws/install/turtlesim/share/turtlesim/cmake/export_turtlesim__rosidl_typesupport_fastrtps_cExport-noconfig.cmake
[37.109s] -- Installing: /home/parallels/ros2_ws/install/turtlesim/share/turtlesim/cmake/export_turtlesim__rosidl_generator_cppExport.cmake
[37.109s] -- Installing: /home/parallels/ros2_ws/install/turtlesim/share/turtlesim/cmake/export_turtlesim__rosidl_typesupport_fastrtps_cppExport.cmake
[37.109s] -- Installing: /home/parallels/ros2_ws/install/turtlesim/share/turtlesim/cmake/export_turtlesim__rosidl_typesupport_fastrtps_cppExport-noconfig.cmake
[37.109s] -- Installing: /home/parallels/ros2_ws/install/turtlesim/share/turtlesim/cmake/turtlesim__rosidl_typesupport_introspection_cExport.cmake
[37.109s] -- Installing: /home/parallels/ros2_ws/install/turtlesim/share/turtlesim/cmake/turtlesim__rosidl_typesupport_introspection_cExport-noconfig.cmake
[37.109s] -- Installing: /home/parallels/ros2_ws/install/turtlesim/share/turtlesim/cmake/turtlesim__rosidl_typesupport_cExport.cmake
[37.109s] -- Installing: /home/parallels/ros2_ws/install/turtlesim/share/turtlesim/cmake/turtlesim__rosidl_typesupport_cExport-noconfig.cmake
[37.110s] -- Installing: /home/parallels/ros2_ws/install/turtlesim/share/turtlesim/cmake/turtlesim__rosidl_typesupport_introspection_cppExport.cmake
[37.110s] -- Installing: /home/parallels/ros2_ws/install/turtlesim/share/turtlesim/cmake/turtlesim__rosidl_typesupport_introspection_cppExport-noconfig.cmake
[37.110s] -- Installing: /home/parallels/ros2_ws/install/turtlesim/share/turtlesim/cmake/turtlesim__rosidl_typesupport_cppExport.cmake
[37.110s] -- Installing: /home/parallels/ros2_ws/install/turtlesim/share/turtlesim/cmake/turtlesim__rosidl_typesupport_cppExport-noconfig.cmake
[37.110s] -- Installing: /home/parallels/ros2_ws/install/turtlesim/share/turtlesim/cmake/export_turtlesim__rosidl_generator_pyExport.cmake
[37.110s] -- Installing: /home/parallels/ros2_ws/install/turtlesim/share/turtlesim/cmake/export_turtlesim__rosidl_generator_pyExport-noconfig.cmake
[37.110s] -- Installing: /home/parallels/ros2_ws/install/turtlesim/share/turtlesim/cmake/rosidl_cmake-extras.cmake
[37.110s] -- Installing: /home/parallels/ros2_ws/install/turtlesim/share/turtlesim/cmake/ament_cmake_export_dependencies-extras.cmake
[37.110s] -- Installing: /home/parallels/ros2_ws/install/turtlesim/share/turtlesim/cmake/ament_cmake_export_include_directories-extras.cmake
[37.111s] -- Installing: /home/parallels/ros2_ws/install/turtlesim/share/turtlesim/cmake/ament_cmake_export_libraries-extras.cmake
[37.111s] -- Installing: /home/parallels/ros2_ws/install/turtlesim/share/turtlesim/cmake/ament_cmake_export_targets-extras.cmake
[37.111s] -- Installing: /home/parallels/ros2_ws/install/turtlesim/share/turtlesim/cmake/rosidl_cmake_export_typesupport_targets-extras.cmake
[37.111s] -- Installing: /home/parallels/ros2_ws/install/turtlesim/share/turtlesim/cmake/rosidl_cmake_export_typesupport_libraries-extras.cmake
[37.111s] -- Installing: /home/parallels/ros2_ws/install/turtlesim/share/turtlesim/cmake/turtlesimConfig.cmake
[37.111s] -- Installing: /home/parallels/ros2_ws/install/turtlesim/share/turtlesim/cmake/turtlesimConfig-version.cmake
[37.111s] -- Installing: /home/parallels/ros2_ws/install/turtlesim/share/turtlesim/package.xml
[37.130s] Invoked command in '/home/parallels/ros2_ws/build/turtlesim' returned '0': CMAKE_PREFIX_PATH=/opt/ros/humble /usr/bin/cmake --install /home/parallels/ros2_ws/build/turtlesim
