[0.088s] Invoking command in '/home/parallels/ros2_ws/build/ros2_shared': /usr/bin/cmake --build /home/parallels/ros2_ws/build/ros2_shared -- -j2 -l2
[0.292s] Invoked command in '/home/parallels/ros2_ws/build/ros2_shared' returned '0': /usr/bin/cmake --build /home/parallels/ros2_ws/build/ros2_shared -- -j2 -l2
[0.331s] Invoking command in '/home/parallels/ros2_ws/build/ros2_shared': /usr/bin/cmake --install /home/parallels/ros2_ws/build/ros2_shared
[0.350s] -- Install configuration: ""
[0.356s] -- Up-to-date: /home/parallels/ros2_ws/install/ros2_shared/include
[0.357s] -- Up-to-date: /home/parallels/ros2_ws/install/ros2_shared/include/ros2_shared
[0.358s] -- Up-to-date: /home/parallels/ros2_ws/install/ros2_shared/include/ros2_shared/string_printf.hpp
[0.359s] -- Up-to-date: /home/parallels/ros2_ws/install/ros2_shared/include/ros2_shared/context_macros.hpp
[0.359s] -- Up-to-date: /home/parallels/ros2_ws/install/ros2_shared/include/ros2_shared/param_macros.hpp
[0.361s] -- Up-to-date: /home/parallels/ros2_ws/install/ros2_shared/share/ament_index/resource_index/package_run_dependencies/ros2_shared
[0.362s] -- Up-to-date: /home/parallels/ros2_ws/install/ros2_shared/share/ament_index/resource_index/parent_prefix_path/ros2_shared
[0.363s] -- Up-to-date: /home/parallels/ros2_ws/install/ros2_shared/share/ros2_shared/environment/ament_prefix_path.sh
[0.364s] -- Up-to-date: /home/parallels/ros2_ws/install/ros2_shared/share/ros2_shared/environment/ament_prefix_path.dsv
[0.364s] -- Up-to-date: /home/parallels/ros2_ws/install/ros2_shared/share/ros2_shared/environment/path.sh
[0.364s] -- Up-to-date: /home/parallels/ros2_ws/install/ros2_shared/share/ros2_shared/environment/path.dsv
[0.364s] -- Up-to-date: /home/parallels/ros2_ws/install/ros2_shared/share/ros2_shared/local_setup.bash
[0.365s] -- Up-to-date: /home/parallels/ros2_ws/install/ros2_shared/share/ros2_shared/local_setup.sh
[0.366s] -- Up-to-date: /home/parallels/ros2_ws/install/ros2_shared/share/ros2_shared/local_setup.zsh
[0.367s] -- Up-to-date: /home/parallels/ros2_ws/install/ros2_shared/share/ros2_shared/local_setup.dsv
[0.367s] -- Up-to-date: /home/parallels/ros2_ws/install/ros2_shared/share/ros2_shared/package.dsv
[0.367s] -- Up-to-date: /home/parallels/ros2_ws/install/ros2_shared/share/ament_index/resource_index/packages/ros2_shared
[0.372s] -- Up-to-date: /home/parallels/ros2_ws/install/ros2_shared/share/ros2_shared/cmake/ros2_shared_targetsExport.cmake
[0.373s] -- Up-to-date: /home/parallels/ros2_ws/install/ros2_shared/share/ros2_shared/cmake/ament_cmake_export_targets-extras.cmake
[0.374s] -- Up-to-date: /home/parallels/ros2_ws/install/ros2_shared/share/ros2_shared/cmake/ament_cmake_export_dependencies-extras.cmake
[0.374s] -- Up-to-date: /home/parallels/ros2_ws/install/ros2_shared/share/ros2_shared/cmake/ros2_sharedConfig.cmake
[0.374s] -- Up-to-date: /home/parallels/ros2_ws/install/ros2_shared/share/ros2_shared/cmake/ros2_sharedConfig-version.cmake
[0.374s] -- Up-to-date: /home/parallels/ros2_ws/install/ros2_shared/share/ros2_shared/package.xml
[0.383s] Invoked command in '/home/parallels/ros2_ws/build/ros2_shared' returned '0': /usr/bin/cmake --install /home/parallels/ros2_ws/build/ros2_shared
