[0.052s] Invoking command in '/home/parallels/ros2_ws/build/image_geometry': CMAKE_PREFIX_PATH=${CMAKE_PREFIX_PATH}:/home/parallels/ros2_ws/install/py_pubsub:/home/parallels/ros2_ws/install/opencv_tests:/opt/ros/humble /usr/bin/cmake --build /home/parallels/ros2_ws/build/image_geometry -- -j2 -l2
[0.210s] [  0%] Built target ament_cmake_python_symlink_image_geometry
[0.221s] [ 33%] Built target image_geometry
[0.255s] [ 55%] Built target gtest_main
[0.321s] [ 77%] Built target gtest
[0.371s] [100%] Built target image_geometry-utest
[0.551s] running egg_info
[0.552s] writing image_geometry.egg-info/PKG-INFO
[0.552s] writing dependency_links to image_geometry.egg-info/dependency_links.txt
[0.553s] writing top-level names to image_geometry.egg-info/top_level.txt
[0.555s] reading manifest file 'image_geometry.egg-info/SOURCES.txt'
[0.556s] writing manifest file 'image_geometry.egg-info/SOURCES.txt'
[0.578s] [100%] Built target ament_cmake_python_build_image_geometry_egg
[0.613s] Invoked command in '/home/parallels/ros2_ws/build/image_geometry' returned '0': CMAKE_PREFIX_PATH=${CMAKE_PREFIX_PATH}:/home/parallels/ros2_ws/install/py_pubsub:/home/parallels/ros2_ws/install/opencv_tests:/opt/ros/humble /usr/bin/cmake --build /home/parallels/ros2_ws/build/image_geometry -- -j2 -l2
[0.695s] Invoking command in '/home/parallels/ros2_ws/build/image_geometry': CMAKE_PREFIX_PATH=${CMAKE_PREFIX_PATH}:/home/parallels/ros2_ws/install/py_pubsub:/home/parallels/ros2_ws/install/opencv_tests:/opt/ros/humble /usr/bin/cmake --install /home/parallels/ros2_ws/build/image_geometry
[0.703s] -- Install configuration: ""
[0.704s] -- Execute custom install script
[0.709s] -- Up-to-date symlink: /home/parallels/ros2_ws/install/image_geometry/share/image_geometry/environment/pythonpath.sh
[0.709s] -- Up-to-date symlink: /home/parallels/ros2_ws/install/image_geometry/share/image_geometry/environment/pythonpath.dsv
[0.709s] -- Up-to-date symlink: /home/parallels/ros2_ws/install/image_geometry/local/lib/python3.10/dist-packages/image_geometry-3.2.1-py3.10.egg-info/PKG-INFO
[0.709s] -- Up-to-date symlink: /home/parallels/ros2_ws/install/image_geometry/local/lib/python3.10/dist-packages/image_geometry-3.2.1-py3.10.egg-info/SOURCES.txt
[0.709s] -- Up-to-date symlink: /home/parallels/ros2_ws/install/image_geometry/local/lib/python3.10/dist-packages/image_geometry-3.2.1-py3.10.egg-info/dependency_links.txt
[0.709s] -- Up-to-date symlink: /home/parallels/ros2_ws/install/image_geometry/local/lib/python3.10/dist-packages/image_geometry-3.2.1-py3.10.egg-info/top_level.txt
[0.709s] -- Up-to-date symlink: /home/parallels/ros2_ws/install/image_geometry/local/lib/python3.10/dist-packages/image_geometry/__init__.py
[0.709s] -- Up-to-date symlink: /home/parallels/ros2_ws/install/image_geometry/local/lib/python3.10/dist-packages/image_geometry/cameramodels.py
[0.709s] -- Up-to-date symlink: /home/parallels/ros2_ws/install/image_geometry/include/image_geometry/image_geometry/pinhole_camera_model.h
[0.711s] -- Up-to-date symlink: /home/parallels/ros2_ws/install/image_geometry/include/image_geometry/image_geometry/stereo_camera_model.h
[0.711s] -- Up-to-date symlink: /home/parallels/ros2_ws/install/image_geometry/include/image_geometry/image_geometry/visibility_control.hpp
[0.712s] -- Up-to-date symlink: /home/parallels/ros2_ws/install/image_geometry/share/ament_index/resource_index/package_run_dependencies/image_geometry
[0.712s] -- Up-to-date symlink: /home/parallels/ros2_ws/install/image_geometry/share/ament_index/resource_index/parent_prefix_path/image_geometry
[0.712s] -- Up-to-date symlink: /home/parallels/ros2_ws/install/image_geometry/share/image_geometry/environment/ament_prefix_path.sh
[0.713s] -- Up-to-date symlink: /home/parallels/ros2_ws/install/image_geometry/share/image_geometry/environment/ament_prefix_path.dsv
[0.713s] -- Up-to-date symlink: /home/parallels/ros2_ws/install/image_geometry/share/image_geometry/environment/path.sh
[0.713s] -- Up-to-date symlink: /home/parallels/ros2_ws/install/image_geometry/share/image_geometry/environment/path.dsv
[0.714s] -- Up-to-date symlink: /home/parallels/ros2_ws/install/image_geometry/share/image_geometry/local_setup.bash
[0.714s] -- Up-to-date symlink: /home/parallels/ros2_ws/install/image_geometry/share/image_geometry/local_setup.sh
[0.714s] -- Up-to-date symlink: /home/parallels/ros2_ws/install/image_geometry/share/image_geometry/local_setup.zsh
[0.715s] -- Up-to-date symlink: /home/parallels/ros2_ws/install/image_geometry/share/image_geometry/local_setup.dsv
[0.715s] -- Symlinking: /home/parallels/ros2_ws/install/image_geometry/share/image_geometry/package.dsv
[0.720s] -- Up-to-date symlink: /home/parallels/ros2_ws/install/image_geometry/share/ament_index/resource_index/packages/image_geometry
[0.721s] -- Up-to-date symlink: /home/parallels/ros2_ws/install/image_geometry/share/image_geometry/cmake/ament_cmake_export_targets-extras.cmake
[0.721s] -- Up-to-date symlink: /home/parallels/ros2_ws/install/image_geometry/share/image_geometry/cmake/ament_cmake_export_dependencies-extras.cmake
[0.721s] -- Up-to-date symlink: /home/parallels/ros2_ws/install/image_geometry/share/image_geometry/cmake/image_geometryConfig.cmake
[0.721s] -- Up-to-date symlink: /home/parallels/ros2_ws/install/image_geometry/share/image_geometry/cmake/image_geometryConfig-version.cmake
[0.721s] -- Up-to-date symlink: /home/parallels/ros2_ws/install/image_geometry/share/image_geometry/package.xml
[0.746s] Listing '/home/parallels/ros2_ws/install/image_geometry/local/lib/python3.10/dist-packages/image_geometry'...
[0.751s] -- Up-to-date: /home/parallels/ros2_ws/install/image_geometry/lib/libimage_geometry.so
[0.751s] -- Up-to-date: /home/parallels/ros2_ws/install/image_geometry/share/image_geometry/cmake/export_image_geometryExport.cmake
[0.751s] -- Up-to-date: /home/parallels/ros2_ws/install/image_geometry/share/image_geometry/cmake/export_image_geometryExport-noconfig.cmake
[0.758s] Invoked command in '/home/parallels/ros2_ws/build/image_geometry' returned '0': CMAKE_PREFIX_PATH=${CMAKE_PREFIX_PATH}:/home/parallels/ros2_ws/install/py_pubsub:/home/parallels/ros2_ws/install/opencv_tests:/opt/ros/humble /usr/bin/cmake --install /home/parallels/ros2_ws/build/image_geometry
