[1.771s] Invoking command in '/home/parallels/ros2_ws/src/py_pubsub': PYTHONPATH=/home/parallels/ros2_ws/build/py_pubsub/prefix_override:/home/parallels/ros2_ws/install/py_pubsub/lib/python3.10/site-packages:${PYTHONPATH} /usr/bin/python3 setup.py egg_info --egg-base ../../build/py_pubsub build --build-base /home/parallels/ros2_ws/build/py_pubsub/build install --record /home/parallels/ros2_ws/build/py_pubsub/install.log --single-version-externally-managed
[2.300s] running egg_info
[2.301s] writing ../../build/py_pubsub/py_pubsub.egg-info/PKG-INFO
[2.301s] writing dependency_links to ../../build/py_pubsub/py_pubsub.egg-info/dependency_links.txt
[2.301s] writing entry points to ../../build/py_pubsub/py_pubsub.egg-info/entry_points.txt
[2.302s] writing requirements to ../../build/py_pubsub/py_pubsub.egg-info/requires.txt
[2.302s] writing top-level names to ../../build/py_pubsub/py_pubsub.egg-info/top_level.txt
[2.303s] reading manifest file '../../build/py_pubsub/py_pubsub.egg-info/SOURCES.txt'
[2.303s] adding license file 'LICENSE'
[2.307s] writing manifest file '../../build/py_pubsub/py_pubsub.egg-info/SOURCES.txt'
[2.307s] running build
[2.307s] running build_py
[2.307s] copying py_pubsub/subscriber_member_function.py -> /home/parallels/ros2_ws/build/py_pubsub/build/lib/py_pubsub
[2.307s] copying py_pubsub/publisher_member_function.py -> /home/parallels/ros2_ws/build/py_pubsub/build/lib/py_pubsub
[2.307s] running install
[2.307s] /usr/lib/python3/dist-packages/setuptools/command/install.py:34: SetuptoolsDeprecationWarning: setup.py install is deprecated. Use build and pip and other standards-based tools.
[2.307s]   warnings.warn(
[2.307s] running install_lib
[2.307s] copying /home/parallels/ros2_ws/build/py_pubsub/build/lib/py_pubsub/subscriber_member_function.py -> /home/parallels/ros2_ws/install/py_pubsub/lib/python3.10/site-packages/py_pubsub
[2.308s] copying /home/parallels/ros2_ws/build/py_pubsub/build/lib/py_pubsub/publisher_member_function.py -> /home/parallels/ros2_ws/install/py_pubsub/lib/python3.10/site-packages/py_pubsub
[2.314s] byte-compiling /home/parallels/ros2_ws/install/py_pubsub/lib/python3.10/site-packages/py_pubsub/subscriber_member_function.py to subscriber_member_function.cpython-310.pyc
[2.314s] byte-compiling /home/parallels/ros2_ws/install/py_pubsub/lib/python3.10/site-packages/py_pubsub/publisher_member_function.py to publisher_member_function.cpython-310.pyc
[2.316s] running install_data
[2.317s] running install_egg_info
[2.318s] removing '/home/parallels/ros2_ws/install/py_pubsub/lib/python3.10/site-packages/py_pubsub-0.0.0-py3.10.egg-info' (and everything under it)
[2.349s] Copying ../../build/py_pubsub/py_pubsub.egg-info to /home/parallels/ros2_ws/install/py_pubsub/lib/python3.10/site-packages/py_pubsub-0.0.0-py3.10.egg-info
[2.356s] running install_scripts
[2.429s] Installing listener script to /home/parallels/ros2_ws/install/py_pubsub/lib/py_pubsub
[2.431s] Installing talker script to /home/parallels/ros2_ws/install/py_pubsub/lib/py_pubsub
[2.432s] writing list of installed files to '/home/parallels/ros2_ws/build/py_pubsub/install.log'
[2.464s] Invoked command in '/home/parallels/ros2_ws/src/py_pubsub' returned '0': PYTHONPATH=/home/parallels/ros2_ws/build/py_pubsub/prefix_override:/home/parallels/ros2_ws/install/py_pubsub/lib/python3.10/site-packages:${PYTHONPATH} /usr/bin/python3 setup.py egg_info --egg-base ../../build/py_pubsub build --build-base /home/parallels/ros2_ws/build/py_pubsub/build install --record /home/parallels/ros2_ws/build/py_pubsub/install.log --single-version-externally-managed
