[0.042s] Invoking command in '/home/parallels/ros2_ws/build/image_geometry': CMAKE_PREFIX_PATH=${CMAKE_PREFIX_PATH}:/home/parallels/ros2_ws/install/py_pubsub:/home/parallels/ros2_ws/install/opencv_tests:/opt/ros/humble /usr/bin/cmake --build /home/parallels/ros2_ws/build/image_geometry -- -j2 -l2
[0.143s] [  0%] Built target ament_cmake_python_symlink_image_geometry
[0.177s] [ 33%] Built target image_geometry
[0.221s] [ 55%] Built target gtest_main
[0.249s] [ 77%] Built target gtest
[0.513s] running egg_info
[0.513s] writing image_geometry.egg-info/PKG-INFO
[0.513s] writing dependency_links to image_geometry.egg-info/dependency_links.txt
[0.513s] writing top-level names to image_geometry.egg-info/top_level.txt
[0.518s] reading manifest file 'image_geometry.egg-info/SOURCES.txt'
[0.520s] writing manifest file 'image_geometry.egg-info/SOURCES.txt'
[0.540s] [ 77%] Built target ament_cmake_python_build_image_geometry_egg
[0.556s] [100%] Built target image_geometry-utest
[0.566s] Invoked command in '/home/parallels/ros2_ws/build/image_geometry' returned '0': CMAKE_PREFIX_PATH=${CMAKE_PREFIX_PATH}:/home/parallels/ros2_ws/install/py_pubsub:/home/parallels/ros2_ws/install/opencv_tests:/opt/ros/humble /usr/bin/cmake --build /home/parallels/ros2_ws/build/image_geometry -- -j2 -l2
[0.594s] Invoking command in '/home/parallels/ros2_ws/build/image_geometry': CMAKE_PREFIX_PATH=${CMAKE_PREFIX_PATH}:/home/parallels/ros2_ws/install/py_pubsub:/home/parallels/ros2_ws/install/opencv_tests:/opt/ros/humble /usr/bin/cmake --install /home/parallels/ros2_ws/build/image_geometry
[0.599s] -- Install configuration: ""
[0.600s] -- Execute custom install script
[0.601s] -- Up-to-date symlink: /home/parallels/ros2_ws/install/image_geometry/share/image_geometry/environment/pythonpath.sh
[0.601s] -- Up-to-date symlink: /home/parallels/ros2_ws/install/image_geometry/share/image_geometry/environment/pythonpath.dsv
[0.602s] -- Up-to-date symlink: /home/parallels/ros2_ws/install/image_geometry/local/lib/python3.10/dist-packages/image_geometry-3.2.1-py3.10.egg-info/PKG-INFO
[0.602s] -- Up-to-date symlink: /home/parallels/ros2_ws/install/image_geometry/local/lib/python3.10/dist-packages/image_geometry-3.2.1-py3.10.egg-info/SOURCES.txt
[0.603s] -- Up-to-date symlink: /home/parallels/ros2_ws/install/image_geometry/local/lib/python3.10/dist-packages/image_geometry-3.2.1-py3.10.egg-info/dependency_links.txt
[0.603s] -- Up-to-date symlink: /home/parallels/ros2_ws/install/image_geometry/local/lib/python3.10/dist-packages/image_geometry-3.2.1-py3.10.egg-info/top_level.txt
[0.603s] -- Up-to-date symlink: /home/parallels/ros2_ws/install/image_geometry/local/lib/python3.10/dist-packages/image_geometry/__init__.py
[0.604s] -- Up-to-date symlink: /home/parallels/ros2_ws/install/image_geometry/local/lib/python3.10/dist-packages/image_geometry/cameramodels.py
[0.605s] -- Up-to-date symlink: /home/parallels/ros2_ws/install/image_geometry/include/image_geometry/image_geometry/pinhole_camera_model.h
[0.605s] -- Up-to-date symlink: /home/parallels/ros2_ws/install/image_geometry/include/image_geometry/image_geometry/stereo_camera_model.h
[0.605s] -- Up-to-date symlink: /home/parallels/ros2_ws/install/image_geometry/include/image_geometry/image_geometry/visibility_control.hpp
[0.605s] -- Up-to-date symlink: /home/parallels/ros2_ws/install/image_geometry/share/ament_index/resource_index/package_run_dependencies/image_geometry
[0.606s] -- Up-to-date symlink: /home/parallels/ros2_ws/install/image_geometry/share/ament_index/resource_index/parent_prefix_path/image_geometry
[0.607s] -- Up-to-date symlink: /home/parallels/ros2_ws/install/image_geometry/share/image_geometry/environment/ament_prefix_path.sh
[0.607s] -- Up-to-date symlink: /home/parallels/ros2_ws/install/image_geometry/share/image_geometry/environment/ament_prefix_path.dsv
[0.607s] -- Up-to-date symlink: /home/parallels/ros2_ws/install/image_geometry/share/image_geometry/environment/path.sh
[0.608s] -- Up-to-date symlink: /home/parallels/ros2_ws/install/image_geometry/share/image_geometry/environment/path.dsv
[0.608s] -- Up-to-date symlink: /home/parallels/ros2_ws/install/image_geometry/share/image_geometry/local_setup.bash
[0.608s] -- Up-to-date symlink: /home/parallels/ros2_ws/install/image_geometry/share/image_geometry/local_setup.sh
[0.608s] -- Up-to-date symlink: /home/parallels/ros2_ws/install/image_geometry/share/image_geometry/local_setup.zsh
[0.609s] -- Up-to-date symlink: /home/parallels/ros2_ws/install/image_geometry/share/image_geometry/local_setup.dsv
[0.609s] -- Symlinking: /home/parallels/ros2_ws/install/image_geometry/share/image_geometry/package.dsv
[0.615s] -- Up-to-date symlink: /home/parallels/ros2_ws/install/image_geometry/share/ament_index/resource_index/packages/image_geometry
[0.615s] -- Up-to-date symlink: /home/parallels/ros2_ws/install/image_geometry/share/image_geometry/cmake/ament_cmake_export_targets-extras.cmake
[0.615s] -- Up-to-date symlink: /home/parallels/ros2_ws/install/image_geometry/share/image_geometry/cmake/ament_cmake_export_dependencies-extras.cmake
[0.615s] -- Up-to-date symlink: /home/parallels/ros2_ws/install/image_geometry/share/image_geometry/cmake/image_geometryConfig.cmake
[0.615s] -- Up-to-date symlink: /home/parallels/ros2_ws/install/image_geometry/share/image_geometry/cmake/image_geometryConfig-version.cmake
[0.615s] -- Up-to-date symlink: /home/parallels/ros2_ws/install/image_geometry/share/image_geometry/package.xml
[0.642s] Listing '/home/parallels/ros2_ws/install/image_geometry/local/lib/python3.10/dist-packages/image_geometry'...
[0.646s] -- Up-to-date: /home/parallels/ros2_ws/install/image_geometry/lib/libimage_geometry.so
[0.647s] -- Up-to-date: /home/parallels/ros2_ws/install/image_geometry/share/image_geometry/cmake/export_image_geometryExport.cmake
[0.647s] -- Up-to-date: /home/parallels/ros2_ws/install/image_geometry/share/image_geometry/cmake/export_image_geometryExport-noconfig.cmake
[0.652s] Invoked command in '/home/parallels/ros2_ws/build/image_geometry' returned '0': CMAKE_PREFIX_PATH=${CMAKE_PREFIX_PATH}:/home/parallels/ros2_ws/install/py_pubsub:/home/parallels/ros2_ws/install/opencv_tests:/opt/ros/humble /usr/bin/cmake --install /home/parallels/ros2_ws/build/image_geometry
