[0.537s] Invoking command in '/home/parallels/ros2_ws/src/py_pubsub': PYTHONPATH=/home/parallels/ros2_ws/build/py_pubsub/prefix_override:/home/parallels/ros2_ws/install/py_pubsub/lib/python3.10/site-packages:${PYTHONPATH} /usr/bin/python3 setup.py egg_info --egg-base ../../build/py_pubsub build --build-base /home/parallels/ros2_ws/build/py_pubsub/build install --record /home/parallels/ros2_ws/build/py_pubsub/install.log --single-version-externally-managed
[0.905s] running egg_info
[0.906s] writing ../../build/py_pubsub/py_pubsub.egg-info/PKG-INFO
[0.906s] writing dependency_links to ../../build/py_pubsub/py_pubsub.egg-info/dependency_links.txt
[0.906s] writing entry points to ../../build/py_pubsub/py_pubsub.egg-info/entry_points.txt
[0.907s] writing requirements to ../../build/py_pubsub/py_pubsub.egg-info/requires.txt
[0.907s] writing top-level names to ../../build/py_pubsub/py_pubsub.egg-info/top_level.txt
[0.908s] reading manifest file '../../build/py_pubsub/py_pubsub.egg-info/SOURCES.txt'
[0.909s] adding license file 'LICENSE'
[0.910s] writing manifest file '../../build/py_pubsub/py_pubsub.egg-info/SOURCES.txt'
[0.910s] running build
[0.910s] running build_py
[0.915s] running install
[0.916s] /usr/lib/python3/dist-packages/setuptools/command/install.py:34: SetuptoolsDeprecationWarning: setup.py install is deprecated. Use build and pip and other standards-based tools.
[0.916s]   warnings.warn(
[0.916s] running install_lib
[0.929s] running install_data
[0.929s] running install_egg_info
[0.929s] removing '/home/parallels/ros2_ws/install/py_pubsub/lib/python3.10/site-packages/py_pubsub-0.0.0-py3.10.egg-info' (and everything under it)
[0.929s] Copying ../../build/py_pubsub/py_pubsub.egg-info to /home/parallels/ros2_ws/install/py_pubsub/lib/python3.10/site-packages/py_pubsub-0.0.0-py3.10.egg-info
[0.929s] running install_scripts
[0.955s] Installing listener script to /home/parallels/ros2_ws/install/py_pubsub/lib/py_pubsub
[0.956s] Installing talker script to /home/parallels/ros2_ws/install/py_pubsub/lib/py_pubsub
[0.957s] writing list of installed files to '/home/parallels/ros2_ws/build/py_pubsub/install.log'
[0.980s] Invoked command in '/home/parallels/ros2_ws/src/py_pubsub' returned '0': PYTHONPATH=/home/parallels/ros2_ws/build/py_pubsub/prefix_override:/home/parallels/ros2_ws/install/py_pubsub/lib/python3.10/site-packages:${PYTHONPATH} /usr/bin/python3 setup.py egg_info --egg-base ../../build/py_pubsub build --build-base /home/parallels/ros2_ws/build/py_pubsub/build install --record /home/parallels/ros2_ws/build/py_pubsub/install.log --single-version-externally-managed
