[0.046s] Invoking command in '/home/parallels/ros2_ws/build/cv_bridge': CMAKE_PREFIX_PATH=/opt/ros/humble /usr/bin/cmake --build /home/parallels/ros2_ws/build/cv_bridge -- -j2 -l2
[0.088s] [35m[1mConsolidate compiler generated dependencies of target cv_bridge[0m
[0.109s] [  0%] Built target ament_cmake_python_symlink_cv_bridge
[0.116s] [35m[1mConsolidate compiler generated dependencies of target gtest_main[0m
[0.117s] [ 18%] Built target cv_bridge
[0.125s] [35m[1mConsolidate compiler generated dependencies of target gtest[0m
[0.138s] [ 31%] Built target gtest
[0.142s] [ 43%] Built target gtest_main
[0.155s] [35m[1mConsolidate compiler generated dependencies of target cv_bridge_boost[0m
[0.223s] [ 62%] Built target cv_bridge_boost
[0.263s] [35m[1mConsolidate compiler generated dependencies of target cv_bridge-utest[0m
[0.299s] running egg_info
[0.299s] writing cv_bridge.egg-info/PKG-INFO
[0.300s] writing dependency_links to cv_bridge.egg-info/dependency_links.txt
[0.300s] writing top-level names to cv_bridge.egg-info/top_level.txt
[0.302s] reading manifest file 'cv_bridge.egg-info/SOURCES.txt'
[0.303s] writing manifest file 'cv_bridge.egg-info/SOURCES.txt'
[0.308s] [100%] Built target cv_bridge-utest
[0.322s] [100%] Built target ament_cmake_python_build_cv_bridge_egg
[0.342s] Invoked command in '/home/parallels/ros2_ws/build/cv_bridge' returned '0': CMAKE_PREFIX_PATH=/opt/ros/humble /usr/bin/cmake --build /home/parallels/ros2_ws/build/cv_bridge -- -j2 -l2
[0.377s] Invoking command in '/home/parallels/ros2_ws/build/cv_bridge': CMAKE_PREFIX_PATH=/opt/ros/humble /usr/bin/cmake --install /home/parallels/ros2_ws/build/cv_bridge
[0.386s] -- Install configuration: ""
[0.386s] -- Execute custom install script
[0.387s] -- Symlinking: /home/parallels/ros2_ws/install/cv_bridge/share/cv_bridge/environment/pythonpath.sh
[0.392s] -- Symlinking: /home/parallels/ros2_ws/install/cv_bridge/share/cv_bridge/environment/pythonpath.dsv
[0.398s] -- Symlinking: /home/parallels/ros2_ws/install/cv_bridge/local/lib/python3.10/dist-packages/cv_bridge-3.2.1-py3.10.egg-info/PKG-INFO
[0.402s] -- Symlinking: /home/parallels/ros2_ws/install/cv_bridge/local/lib/python3.10/dist-packages/cv_bridge-3.2.1-py3.10.egg-info/SOURCES.txt
[0.410s] -- Symlinking: /home/parallels/ros2_ws/install/cv_bridge/local/lib/python3.10/dist-packages/cv_bridge-3.2.1-py3.10.egg-info/dependency_links.txt
[0.417s] -- Symlinking: /home/parallels/ros2_ws/install/cv_bridge/local/lib/python3.10/dist-packages/cv_bridge-3.2.1-py3.10.egg-info/top_level.txt
[0.421s] -- Symlinking: /home/parallels/ros2_ws/install/cv_bridge/local/lib/python3.10/dist-packages/cv_bridge/__init__.py
[0.427s] -- Symlinking: /home/parallels/ros2_ws/install/cv_bridge/local/lib/python3.10/dist-packages/cv_bridge/core.py
[0.431s] -- Symlinking: /home/parallels/ros2_ws/install/cv_bridge/include/cv_bridge/cv_bridge/cv_bridge_export.h
[0.435s] -- Symlinking: /home/parallels/ros2_ws/install/cv_bridge/local/lib/python3.10/dist-packages/cv_bridge/boost//cv_bridge_boost.so
[0.441s] -- Symlinking: /home/parallels/ros2_ws/install/cv_bridge/include/cv_bridge/cv_bridge/cv_bridge.h
[0.444s] -- Symlinking: /home/parallels/ros2_ws/install/cv_bridge/include/cv_bridge/cv_bridge/rgb_colors.h
[0.449s] -- Symlinking: /home/parallels/ros2_ws/install/cv_bridge/lib/libcv_bridge.so
[0.455s] -- Symlinking: /home/parallels/ros2_ws/install/cv_bridge/share/ament_index/resource_index/package_run_dependencies/cv_bridge
[0.459s] -- Symlinking: /home/parallels/ros2_ws/install/cv_bridge/share/ament_index/resource_index/parent_prefix_path/cv_bridge
[0.463s] -- Symlinking: /home/parallels/ros2_ws/install/cv_bridge/share/cv_bridge/environment/ament_prefix_path.sh
[0.468s] -- Symlinking: /home/parallels/ros2_ws/install/cv_bridge/share/cv_bridge/environment/ament_prefix_path.dsv
[0.473s] -- Symlinking: /home/parallels/ros2_ws/install/cv_bridge/share/cv_bridge/environment/path.sh
[0.475s] -- Symlinking: /home/parallels/ros2_ws/install/cv_bridge/share/cv_bridge/environment/path.dsv
[0.480s] -- Symlinking: /home/parallels/ros2_ws/install/cv_bridge/share/cv_bridge/local_setup.bash
[0.484s] -- Symlinking: /home/parallels/ros2_ws/install/cv_bridge/share/cv_bridge/local_setup.sh
[0.490s] -- Symlinking: /home/parallels/ros2_ws/install/cv_bridge/share/cv_bridge/local_setup.zsh
[0.494s] -- Symlinking: /home/parallels/ros2_ws/install/cv_bridge/share/cv_bridge/local_setup.dsv
[0.499s] -- Symlinking: /home/parallels/ros2_ws/install/cv_bridge/share/cv_bridge/package.dsv
[0.504s] -- Symlinking: /home/parallels/ros2_ws/install/cv_bridge/share/ament_index/resource_index/packages/cv_bridge
[0.507s] -- Symlinking: /home/parallels/ros2_ws/install/cv_bridge/share/cv_bridge/cmake/cv_bridge-extras.cmake
[0.511s] -- Symlinking: /home/parallels/ros2_ws/install/cv_bridge/share/cv_bridge/cmake/ament_cmake_export_dependencies-extras.cmake
[0.515s] -- Symlinking: /home/parallels/ros2_ws/install/cv_bridge/share/cv_bridge/cmake/ament_cmake_export_targets-extras.cmake
[0.519s] -- Symlinking: /home/parallels/ros2_ws/install/cv_bridge/share/cv_bridge/cmake/cv_bridgeConfig.cmake
[0.523s] -- Symlinking: /home/parallels/ros2_ws/install/cv_bridge/share/cv_bridge/cmake/cv_bridgeConfig-version.cmake
[0.528s] -- Symlinking: /home/parallels/ros2_ws/install/cv_bridge/share/cv_bridge/package.xml
[0.549s] Listing '/home/parallels/ros2_ws/install/cv_bridge/local/lib/python3.10/dist-packages/cv_bridge'...
[0.549s] Compiling '/home/parallels/ros2_ws/install/cv_bridge/local/lib/python3.10/dist-packages/cv_bridge/__init__.py'...
[0.549s] Listing '/home/parallels/ros2_ws/install/cv_bridge/local/lib/python3.10/dist-packages/cv_bridge/boost'...
[0.550s] Compiling '/home/parallels/ros2_ws/install/cv_bridge/local/lib/python3.10/dist-packages/cv_bridge/core.py'...
[0.553s] -- Installing: /home/parallels/ros2_ws/install/cv_bridge/share/cv_bridge/cmake/export_cv_bridgeExport.cmake
[0.553s] -- Installing: /home/parallels/ros2_ws/install/cv_bridge/share/cv_bridge/cmake/export_cv_bridgeExport-noconfig.cmake
[0.559s] Invoked command in '/home/parallels/ros2_ws/build/cv_bridge' returned '0': CMAKE_PREFIX_PATH=/opt/ros/humble /usr/bin/cmake --install /home/parallels/ros2_ws/build/cv_bridge
