[0.071s] Invoking command in '/home/parallels/ros2_ws/build/ros2_shared': CMAKE_PREFIX_PATH=${CMAKE_PREFIX_PATH}:/opt/ros/humble:/home/parallels/ros2_ws/install/py_pubsub /usr/bin/cmake /home/parallels/ros2_ws/src/ros2_shared -DCMAKE_INSTALL_PREFIX=/home/parallels/ros2_ws/install/ros2_shared
[0.273s] -- The C compiler identification is GNU 11.4.0
[0.353s] -- The CXX compiler identification is GNU 11.4.0
[0.368s] -- Detecting C compiler ABI info
[0.424s] -- Detecting C compiler ABI info - done
[0.430s] -- Check for working C compiler: /usr/bin/cc - skipped
[0.430s] -- Detecting C compile features
[0.432s] -- Detecting C compile features - done
[0.437s] -- Detecting CXX compiler ABI info
[0.496s] -- Detecting CXX compiler ABI info - done
[0.502s] -- Check for working CXX compiler: /usr/bin/c++ - skipped
[0.502s] -- Detecting CXX compile features
[0.503s] -- Detecting CXX compile features - done
[0.511s] -- Found ament_cmake: 1.3.7 (/opt/ros/humble/share/ament_cmake/cmake)
[0.634s] -- Found Python3: /usr/bin/python3.10 (found version "3.10.12") found components: Interpreter 
[0.749s] -- Found rclcpp: 16.0.8 (/opt/ros/humble/share/rclcpp/cmake)
[0.798s] -- Found rosidl_generator_c: 3.1.5 (/opt/ros/humble/share/rosidl_generator_c/cmake)
[0.803s] -- Found rosidl_adapter: 3.1.5 (/opt/ros/humble/share/rosidl_adapter/cmake)
[0.811s] -- Found rosidl_generator_cpp: 3.1.5 (/opt/ros/humble/share/rosidl_generator_cpp/cmake)
[0.828s] -- Using all available rosidl_typesupport_c: rosidl_typesupport_fastrtps_c;rosidl_typesupport_introspection_c
[0.855s] -- Using all available rosidl_typesupport_cpp: rosidl_typesupport_fastrtps_cpp;rosidl_typesupport_introspection_cpp
[0.925s] -- Found rmw_implementation_cmake: 6.1.1 (/opt/ros/humble/share/rmw_implementation_cmake/cmake)
[0.929s] -- Found rmw_fastrtps_cpp: 6.2.6 (/opt/ros/humble/share/rmw_fastrtps_cpp/cmake)
[1.046s] -- Found OpenSSL: /usr/lib/aarch64-linux-gnu/libcrypto.so (found version "3.0.2")  
[1.077s] -- Found FastRTPS: /opt/ros/humble/include  
[1.120s] -- Using RMW implementation 'rmw_fastrtps_cpp' as default
[1.133s] -- Looking for pthread.h
[1.249s] -- Looking for pthread.h - found
[1.249s] -- Performing Test CMAKE_HAVE_LIBC_PTHREAD
[1.364s] -- Performing Test CMAKE_HAVE_LIBC_PTHREAD - Success
[1.366s] -- Found Threads: TRUE  
[1.641s] -- Configuring done
[1.654s] -- Generating done
[1.658s] -- Build files have been written to: /home/parallels/ros2_ws/build/ros2_shared
[1.665s] Invoked command in '/home/parallels/ros2_ws/build/ros2_shared' returned '0': CMAKE_PREFIX_PATH=${CMAKE_PREFIX_PATH}:/opt/ros/humble:/home/parallels/ros2_ws/install/py_pubsub /usr/bin/cmake /home/parallels/ros2_ws/src/ros2_shared -DCMAKE_INSTALL_PREFIX=/home/parallels/ros2_ws/install/ros2_shared
[1.666s] Invoking command in '/home/parallels/ros2_ws/build/ros2_shared': CMAKE_PREFIX_PATH=${CMAKE_PREFIX_PATH}:/opt/ros/humble:/home/parallels/ros2_ws/install/py_pubsub /usr/bin/cmake --build /home/parallels/ros2_ws/build/ros2_shared -- -j2 -l2
[1.768s] Invoked command in '/home/parallels/ros2_ws/build/ros2_shared' returned '0': CMAKE_PREFIX_PATH=${CMAKE_PREFIX_PATH}:/opt/ros/humble:/home/parallels/ros2_ws/install/py_pubsub /usr/bin/cmake --build /home/parallels/ros2_ws/build/ros2_shared -- -j2 -l2
[1.812s] Invoking command in '/home/parallels/ros2_ws/build/ros2_shared': CMAKE_PREFIX_PATH=${CMAKE_PREFIX_PATH}:/opt/ros/humble:/home/parallels/ros2_ws/install/py_pubsub /usr/bin/cmake --install /home/parallels/ros2_ws/build/ros2_shared
[1.816s] -- Install configuration: ""
[1.817s] -- Installing: /home/parallels/ros2_ws/install/ros2_shared/include
[1.817s] -- Installing: /home/parallels/ros2_ws/install/ros2_shared/include/ros2_shared
[1.817s] -- Installing: /home/parallels/ros2_ws/install/ros2_shared/include/ros2_shared/string_printf.hpp
[1.817s] -- Installing: /home/parallels/ros2_ws/install/ros2_shared/include/ros2_shared/context_macros.hpp
[1.817s] -- Installing: /home/parallels/ros2_ws/install/ros2_shared/include/ros2_shared/param_macros.hpp
[1.817s] -- Installing: /home/parallels/ros2_ws/install/ros2_shared/share/ament_index/resource_index/package_run_dependencies/ros2_shared
[1.817s] -- Installing: /home/parallels/ros2_ws/install/ros2_shared/share/ament_index/resource_index/parent_prefix_path/ros2_shared
[1.817s] -- Installing: /home/parallels/ros2_ws/install/ros2_shared/share/ros2_shared/environment/ament_prefix_path.sh
[1.817s] -- Installing: /home/parallels/ros2_ws/install/ros2_shared/share/ros2_shared/environment/ament_prefix_path.dsv
[1.817s] -- Installing: /home/parallels/ros2_ws/install/ros2_shared/share/ros2_shared/environment/path.sh
[1.818s] -- Installing: /home/parallels/ros2_ws/install/ros2_shared/share/ros2_shared/environment/path.dsv
[1.818s] -- Installing: /home/parallels/ros2_ws/install/ros2_shared/share/ros2_shared/local_setup.bash
[1.818s] -- Installing: /home/parallels/ros2_ws/install/ros2_shared/share/ros2_shared/local_setup.sh
[1.818s] -- Installing: /home/parallels/ros2_ws/install/ros2_shared/share/ros2_shared/local_setup.zsh
[1.818s] -- Installing: /home/parallels/ros2_ws/install/ros2_shared/share/ros2_shared/local_setup.dsv
[1.818s] -- Installing: /home/parallels/ros2_ws/install/ros2_shared/share/ros2_shared/package.dsv
[1.818s] -- Installing: /home/parallels/ros2_ws/install/ros2_shared/share/ament_index/resource_index/packages/ros2_shared
[1.818s] -- Installing: /home/parallels/ros2_ws/install/ros2_shared/share/ros2_shared/cmake/ros2_shared_targetsExport.cmake
[1.818s] -- Installing: /home/parallels/ros2_ws/install/ros2_shared/share/ros2_shared/cmake/ament_cmake_export_targets-extras.cmake
[1.820s] -- Installing: /home/parallels/ros2_ws/install/ros2_shared/share/ros2_shared/cmake/ament_cmake_export_dependencies-extras.cmake
[1.820s] -- Installing: /home/parallels/ros2_ws/install/ros2_shared/share/ros2_shared/cmake/ros2_sharedConfig.cmake
[1.820s] -- Installing: /home/parallels/ros2_ws/install/ros2_shared/share/ros2_shared/cmake/ros2_sharedConfig-version.cmake
[1.820s] -- Installing: /home/parallels/ros2_ws/install/ros2_shared/share/ros2_shared/package.xml
[1.825s] Invoked command in '/home/parallels/ros2_ws/build/ros2_shared' returned '0': CMAKE_PREFIX_PATH=${CMAKE_PREFIX_PATH}:/opt/ros/humble:/home/parallels/ros2_ws/install/py_pubsub /usr/bin/cmake --install /home/parallels/ros2_ws/build/ros2_shared
