[0.709s] Invoking command in '/home/parallels/ros2_ws/src/py_pubsub': PYTHONPATH=/home/parallels/ros2_ws/build/py_pubsub/prefix_override:/home/parallels/ros2_ws/install/py_pubsub/lib/python3.10/site-packages: /usr/bin/python3 setup.py egg_info --egg-base ../../build/py_pubsub build --build-base /home/parallels/ros2_ws/build/py_pubsub/build install --record /home/parallels/ros2_ws/build/py_pubsub/install.log --single-version-externally-managed
[0.820s] running egg_info
[0.821s] writing ../../build/py_pubsub/py_pubsub.egg-info/PKG-INFO
[0.821s] writing dependency_links to ../../build/py_pubsub/py_pubsub.egg-info/dependency_links.txt
[0.821s] writing entry points to ../../build/py_pubsub/py_pubsub.egg-info/entry_points.txt
[0.822s] writing requirements to ../../build/py_pubsub/py_pubsub.egg-info/requires.txt
[0.822s] writing top-level names to ../../build/py_pubsub/py_pubsub.egg-info/top_level.txt
[0.824s] reading manifest file '../../build/py_pubsub/py_pubsub.egg-info/SOURCES.txt'
[0.824s] adding license file 'LICENSE'
[0.825s] writing manifest file '../../build/py_pubsub/py_pubsub.egg-info/SOURCES.txt'
[0.825s] running build
[0.825s] running build_py
[0.826s] running install
[0.826s] /usr/lib/python3/dist-packages/setuptools/command/install.py:34: SetuptoolsDeprecationWarning: setup.py install is deprecated. Use build and pip and other standards-based tools.
[0.827s]   warnings.warn(
[0.827s] running install_lib
[0.829s] running install_data
[0.830s] running install_egg_info
[0.834s] removing '/home/parallels/ros2_ws/install/py_pubsub/lib/python3.10/site-packages/py_pubsub-0.0.0-py3.10.egg-info' (and everything under it)
[0.845s] Copying ../../build/py_pubsub/py_pubsub.egg-info to /home/parallels/ros2_ws/install/py_pubsub/lib/python3.10/site-packages/py_pubsub-0.0.0-py3.10.egg-info
[0.851s] running install_scripts
[0.865s] Installing listener script to /home/parallels/ros2_ws/install/py_pubsub/lib/py_pubsub
[0.865s] Installing talker script to /home/parallels/ros2_ws/install/py_pubsub/lib/py_pubsub
[0.866s] writing list of installed files to '/home/parallels/ros2_ws/build/py_pubsub/install.log'
[0.886s] Invoked command in '/home/parallels/ros2_ws/src/py_pubsub' returned '0': PYTHONPATH=/home/parallels/ros2_ws/build/py_pubsub/prefix_override:/home/parallels/ros2_ws/install/py_pubsub/lib/python3.10/site-packages: /usr/bin/python3 setup.py egg_info --egg-base ../../build/py_pubsub build --build-base /home/parallels/ros2_ws/build/py_pubsub/build install --record /home/parallels/ros2_ws/build/py_pubsub/install.log --single-version-externally-managed
