[0.065s] Invoking command in '/home/parallels/ros2_ws/build/cv_bridge': CMAKE_PREFIX_PATH=${CMAKE_PREFIX_PATH}:/home/parallels/ros2_ws/install/py_pubsub:/home/parallels/ros2_ws/install/opencv_tests:/opt/ros/humble /usr/bin/cmake --build /home/parallels/ros2_ws/build/cv_bridge -- -j2 -l2
[0.181s] [  0%] Built target ament_cmake_python_symlink_cv_bridge
[0.200s] [ 12%] Built target gtest_main
[0.213s] [ 31%] Built target cv_bridge
[0.231s] [ 43%] Built target gtest
[0.320s] [ 62%] Built target cv_bridge_boost
[0.450s] [100%] Built target cv_bridge-utest
[0.541s] running egg_info
[0.541s] writing cv_bridge.egg-info/PKG-INFO
[0.542s] writing dependency_links to cv_bridge.egg-info/dependency_links.txt
[0.542s] writing top-level names to cv_bridge.egg-info/top_level.txt
[0.544s] reading manifest file 'cv_bridge.egg-info/SOURCES.txt'
[0.544s] writing manifest file 'cv_bridge.egg-info/SOURCES.txt'
[0.561s] [100%] Built target ament_cmake_python_build_cv_bridge_egg
[0.577s] Invoked command in '/home/parallels/ros2_ws/build/cv_bridge' returned '0': CMAKE_PREFIX_PATH=${CMAKE_PREFIX_PATH}:/home/parallels/ros2_ws/install/py_pubsub:/home/parallels/ros2_ws/install/opencv_tests:/opt/ros/humble /usr/bin/cmake --build /home/parallels/ros2_ws/build/cv_bridge -- -j2 -l2
[0.721s] Invoking command in '/home/parallels/ros2_ws/build/cv_bridge': CMAKE_PREFIX_PATH=${CMAKE_PREFIX_PATH}:/home/parallels/ros2_ws/install/py_pubsub:/home/parallels/ros2_ws/install/opencv_tests:/opt/ros/humble /usr/bin/cmake --install /home/parallels/ros2_ws/build/cv_bridge
[0.731s] -- Install configuration: ""
[0.735s] -- Execute custom install script
[0.737s] -- Up-to-date symlink: /home/parallels/ros2_ws/install/cv_bridge/share/cv_bridge/environment/pythonpath.sh
[0.737s] -- Up-to-date symlink: /home/parallels/ros2_ws/install/cv_bridge/share/cv_bridge/environment/pythonpath.dsv
[0.741s] -- Up-to-date symlink: /home/parallels/ros2_ws/install/cv_bridge/local/lib/python3.10/dist-packages/cv_bridge-3.2.1-py3.10.egg-info/PKG-INFO
[0.742s] -- Up-to-date symlink: /home/parallels/ros2_ws/install/cv_bridge/local/lib/python3.10/dist-packages/cv_bridge-3.2.1-py3.10.egg-info/SOURCES.txt
[0.744s] -- Up-to-date symlink: /home/parallels/ros2_ws/install/cv_bridge/local/lib/python3.10/dist-packages/cv_bridge-3.2.1-py3.10.egg-info/dependency_links.txt
[0.745s] -- Up-to-date symlink: /home/parallels/ros2_ws/install/cv_bridge/local/lib/python3.10/dist-packages/cv_bridge-3.2.1-py3.10.egg-info/top_level.txt
[0.747s] -- Up-to-date symlink: /home/parallels/ros2_ws/install/cv_bridge/local/lib/python3.10/dist-packages/cv_bridge/__init__.py
[0.748s] -- Up-to-date symlink: /home/parallels/ros2_ws/install/cv_bridge/local/lib/python3.10/dist-packages/cv_bridge/core.py
[0.748s] -- Up-to-date symlink: /home/parallels/ros2_ws/install/cv_bridge/include/cv_bridge/cv_bridge/cv_bridge_export.h
[0.750s] -- Up-to-date symlink: /home/parallels/ros2_ws/install/cv_bridge/local/lib/python3.10/dist-packages/cv_bridge/boost//cv_bridge_boost.so
[0.751s] -- Up-to-date symlink: /home/parallels/ros2_ws/install/cv_bridge/include/cv_bridge/cv_bridge/cv_bridge.h
[0.751s] -- Up-to-date symlink: /home/parallels/ros2_ws/install/cv_bridge/include/cv_bridge/cv_bridge/rgb_colors.h
[0.752s] -- Up-to-date symlink: /home/parallels/ros2_ws/install/cv_bridge/lib/libcv_bridge.so
[0.752s] -- Up-to-date symlink: /home/parallels/ros2_ws/install/cv_bridge/share/ament_index/resource_index/package_run_dependencies/cv_bridge
[0.753s] -- Up-to-date symlink: /home/parallels/ros2_ws/install/cv_bridge/share/ament_index/resource_index/parent_prefix_path/cv_bridge
[0.754s] -- Up-to-date symlink: /home/parallels/ros2_ws/install/cv_bridge/share/cv_bridge/environment/ament_prefix_path.sh
[0.754s] -- Up-to-date symlink: /home/parallels/ros2_ws/install/cv_bridge/share/cv_bridge/environment/ament_prefix_path.dsv
[0.755s] -- Up-to-date symlink: /home/parallels/ros2_ws/install/cv_bridge/share/cv_bridge/environment/path.sh
[0.755s] -- Up-to-date symlink: /home/parallels/ros2_ws/install/cv_bridge/share/cv_bridge/environment/path.dsv
[0.756s] -- Up-to-date symlink: /home/parallels/ros2_ws/install/cv_bridge/share/cv_bridge/local_setup.bash
[0.757s] -- Up-to-date symlink: /home/parallels/ros2_ws/install/cv_bridge/share/cv_bridge/local_setup.sh
[0.758s] -- Up-to-date symlink: /home/parallels/ros2_ws/install/cv_bridge/share/cv_bridge/local_setup.zsh
[0.758s] -- Up-to-date symlink: /home/parallels/ros2_ws/install/cv_bridge/share/cv_bridge/local_setup.dsv
[0.759s] -- Symlinking: /home/parallels/ros2_ws/install/cv_bridge/share/cv_bridge/package.dsv
[0.773s] -- Up-to-date symlink: /home/parallels/ros2_ws/install/cv_bridge/share/ament_index/resource_index/packages/cv_bridge
[0.774s] -- Up-to-date symlink: /home/parallels/ros2_ws/install/cv_bridge/share/cv_bridge/cmake/cv_bridge-extras.cmake
[0.774s] -- Up-to-date symlink: /home/parallels/ros2_ws/install/cv_bridge/share/cv_bridge/cmake/ament_cmake_export_dependencies-extras.cmake
[0.774s] -- Up-to-date symlink: /home/parallels/ros2_ws/install/cv_bridge/share/cv_bridge/cmake/ament_cmake_export_targets-extras.cmake
[0.774s] -- Up-to-date symlink: /home/parallels/ros2_ws/install/cv_bridge/share/cv_bridge/cmake/cv_bridgeConfig.cmake
[0.774s] -- Up-to-date symlink: /home/parallels/ros2_ws/install/cv_bridge/share/cv_bridge/cmake/cv_bridgeConfig-version.cmake
[0.775s] -- Up-to-date symlink: /home/parallels/ros2_ws/install/cv_bridge/share/cv_bridge/package.xml
[0.803s] Listing '/home/parallels/ros2_ws/install/cv_bridge/local/lib/python3.10/dist-packages/cv_bridge'...
[0.803s] Listing '/home/parallels/ros2_ws/install/cv_bridge/local/lib/python3.10/dist-packages/cv_bridge/boost'...
[0.835s] -- Up-to-date: /home/parallels/ros2_ws/install/cv_bridge/share/cv_bridge/cmake/export_cv_bridgeExport.cmake
[0.835s] -- Up-to-date: /home/parallels/ros2_ws/install/cv_bridge/share/cv_bridge/cmake/export_cv_bridgeExport-noconfig.cmake
[0.857s] Invoked command in '/home/parallels/ros2_ws/build/cv_bridge' returned '0': CMAKE_PREFIX_PATH=${CMAKE_PREFIX_PATH}:/home/parallels/ros2_ws/install/py_pubsub:/home/parallels/ros2_ws/install/opencv_tests:/opt/ros/humble /usr/bin/cmake --install /home/parallels/ros2_ws/build/cv_bridge
