[0.051s] Invoking command in '/home/parallels/ros2_ws/build/cv_bridge': CMAKE_PREFIX_PATH=/opt/ros/humble /usr/bin/cmake /home/parallels/ros2_ws/src/vision_opencv/cv_bridge -DAMENT_CMAKE_SYMLINK_INSTALL=1 -DCMAKE_INSTALL_PREFIX=/home/parallels/ros2_ws/install/cv_bridge
[0.259s] -- The C compiler identification is GNU 11.4.0
[0.345s] -- The CXX compiler identification is GNU 11.4.0
[0.359s] -- Detecting C compiler ABI info
[0.519s] -- Detecting C compiler ABI info - done
[0.527s] -- Check for working C compiler: /usr/bin/cc - skipped
[0.527s] -- Detecting C compile features
[0.528s] -- Detecting C compile features - done
[0.530s] -- Detecting CXX compiler ABI info
[0.617s] -- Detecting CXX compiler ABI info - done
[0.622s] -- Check for working CXX compiler: /usr/bin/c++ - skipped
[0.623s] -- Detecting CXX compile features
[0.623s] -- Detecting CXX compile features - done
[0.629s] -- Found ament_cmake_ros: 0.10.0 (/opt/ros/humble/share/ament_cmake_ros/cmake)
[0.752s] -- Found Python3: /usr/bin/python3.10 (found version "3.10.12") found components: Interpreter 
[0.807s] -- Override CMake install command with custom implementation using symlinks instead of copying resources
[1.100s] -- Found Python3: /usr/include/python3.10 (found version "3.10.12") found components: Development NumPy Interpreter Development.Module Development.Embed 
[1.133s] -- Found Boost: /usr/lib/aarch64-linux-gnu/cmake/Boost-1.74.0/BoostConfig.cmake (found version "1.74.0") found components: python310 
[1.135s] -- Found rcpputils: 2.4.1 (/opt/ros/humble/share/rcpputils/cmake)
[1.158s] -- Found sensor_msgs: 4.2.3 (/opt/ros/humble/share/sensor_msgs/cmake)
[1.213s] -- Found rosidl_generator_c: 3.1.5 (/opt/ros/humble/share/rosidl_generator_c/cmake)
[1.216s] -- Found rosidl_adapter: 3.1.5 (/opt/ros/humble/share/rosidl_adapter/cmake)
[1.222s] -- Found rosidl_generator_cpp: 3.1.5 (/opt/ros/humble/share/rosidl_generator_cpp/cmake)
[1.231s] -- Using all available rosidl_typesupport_c: rosidl_typesupport_fastrtps_c;rosidl_typesupport_introspection_c
[1.243s] -- Using all available rosidl_typesupport_cpp: rosidl_typesupport_fastrtps_cpp;rosidl_typesupport_introspection_cpp
[1.513s] -- Performing Test COMPILER_HAS_HIDDEN_VISIBILITY
[1.579s] -- Performing Test COMPILER_HAS_HIDDEN_VISIBILITY - Success
[1.579s] -- Performing Test COMPILER_HAS_HIDDEN_INLINE_VISIBILITY
[1.702s] -- Performing Test COMPILER_HAS_HIDDEN_INLINE_VISIBILITY - Success
[1.703s] -- Performing Test COMPILER_HAS_DEPRECATED_ATTR
[1.778s] -- Performing Test COMPILER_HAS_DEPRECATED_ATTR - Success
[1.783s] -- Found ament_lint_auto: 0.12.10 (/opt/ros/humble/share/ament_lint_auto/cmake)
[1.856s] -- Found gtest sources under '/opt/ros/humble/src/gtest_vendor': C++ tests using 'Google Test' will be built
[1.860s] -- Looking for pthread.h
[2.082s] -- Looking for pthread.h - found
[2.082s] -- Performing Test CMAKE_HAVE_LIBC_PTHREAD
[2.219s] -- Performing Test CMAKE_HAVE_LIBC_PTHREAD - Success
[2.220s] -- Found Threads: TRUE  
[4.206s] -- Configuring done
[4.283s] -- Generating done
[4.284s] -- Build files have been written to: /home/parallels/ros2_ws/build/cv_bridge
[4.348s] Invoked command in '/home/parallels/ros2_ws/build/cv_bridge' returned '0': CMAKE_PREFIX_PATH=/opt/ros/humble /usr/bin/cmake /home/parallels/ros2_ws/src/vision_opencv/cv_bridge -DAMENT_CMAKE_SYMLINK_INSTALL=1 -DCMAKE_INSTALL_PREFIX=/home/parallels/ros2_ws/install/cv_bridge
[4.364s] Invoking command in '/home/parallels/ros2_ws/build/cv_bridge': CMAKE_PREFIX_PATH=/opt/ros/humble /usr/bin/cmake --build /home/parallels/ros2_ws/build/cv_bridge -- -j2 -l2
[4.495s] [  0%] Built target ament_cmake_python_symlink_cv_bridge
[4.523s] [  6%] [32mBuilding CXX object src/CMakeFiles/cv_bridge.dir/cv_bridge.cpp.o[0m
[4.569s] [ 12%] [32mBuilding CXX object gtest/CMakeFiles/gtest_main.dir/src/gtest_main.cc.o[0m
[5.380s] [ 18%] [32m[1mLinking CXX static library libgtest_main.a[0m
[5.488s] [ 18%] Built target gtest_main
[5.553s] [ 25%] [32mBuilding CXX object gtest/CMakeFiles/gtest.dir/src/gtest-all.cc.o[0m
[12.572s] [ 31%] [32m[1mLinking CXX static library libgtest.a[0m
[12.743s] [ 31%] Built target gtest
[12.997s] [ 37%] [32mBuilding CXX object src/CMakeFiles/cv_bridge.dir/rgb_colors.cpp.o[0m
[14.365s] [ 43%] [32m[1mLinking CXX shared library libcv_bridge.so[0m
[14.488s] [ 43%] Built target cv_bridge
[14.710s] running egg_info
[14.711s] creating cv_bridge.egg-info
[14.711s] writing cv_bridge.egg-info/PKG-INFO
[14.711s] writing dependency_links to cv_bridge.egg-info/dependency_links.txt
[14.711s] writing top-level names to cv_bridge.egg-info/top_level.txt
[14.712s] writing manifest file 'cv_bridge.egg-info/SOURCES.txt'
[14.714s] reading manifest file 'cv_bridge.egg-info/SOURCES.txt'
[14.714s] writing manifest file 'cv_bridge.egg-info/SOURCES.txt'
[14.733s] [ 43%] Built target ament_cmake_python_build_cv_bridge_egg
[14.744s] [ 50%] [32mBuilding CXX object src/CMakeFiles/cv_bridge_boost.dir/module.cpp.o[0m
[17.923s] [ 56%] [32mBuilding CXX object src/CMakeFiles/cv_bridge_boost.dir/module_opencv3.cpp.o[0m
[19.982s] [ 62%] [32m[1mLinking CXX shared module boost/cv_bridge_boost.so[0m
[20.076s] [ 62%] Built target cv_bridge_boost
[20.087s] [ 68%] [32mBuilding CXX object test/CMakeFiles/cv_bridge-utest.dir/test_endian.cpp.o[0m
[20.928s] [ 75%] [32mBuilding CXX object test/CMakeFiles/cv_bridge-utest.dir/test_compression.cpp.o[0m
[21.678s] [ 81%] [32mBuilding CXX object test/CMakeFiles/cv_bridge-utest.dir/utest.cpp.o[0m
[22.760s] [ 87%] [32mBuilding CXX object test/CMakeFiles/cv_bridge-utest.dir/utest2.cpp.o[0m
[24.052s] [ 93%] [32mBuilding CXX object test/CMakeFiles/cv_bridge-utest.dir/test_rgb_colors.cpp.o[0m
[25.480s] [100%] [32m[1mLinking CXX executable cv_bridge-utest[0m
[25.824s] [100%] Built target cv_bridge-utest
