[0.127s] Invoking command in '/home/parallels/ros2_ws/build/cv_bridge': CMAKE_PREFIX_PATH=${CMAKE_PREFIX_PATH}:/home/parallels/ros2_ws/install/py_pubsub:/home/parallels/ros2_ws/install/opencv_tests:/opt/ros/humble /usr/bin/cmake --build /home/parallels/ros2_ws/build/cv_bridge -- -j2 -l2
[0.236s] [  0%] Built target ament_cmake_python_symlink_cv_bridge
[0.293s] [ 18%] Built target cv_bridge
[0.298s] [ 31%] Built target gtest_main
[0.326s] [ 43%] Built target gtest
[0.504s] [ 62%] Built target cv_bridge_boost
[0.591s] [100%] Built target cv_bridge-utest
[0.657s] running egg_info
[0.657s] writing cv_bridge.egg-info/PKG-INFO
[0.657s] writing dependency_links to cv_bridge.egg-info/dependency_links.txt
[0.657s] writing top-level names to cv_bridge.egg-info/top_level.txt
[0.660s] reading manifest file 'cv_bridge.egg-info/SOURCES.txt'
[0.661s] writing manifest file 'cv_bridge.egg-info/SOURCES.txt'
[0.693s] [100%] Built target ament_cmake_python_build_cv_bridge_egg
[0.720s] Invoked command in '/home/parallels/ros2_ws/build/cv_bridge' returned '0': CMAKE_PREFIX_PATH=${CMAKE_PREFIX_PATH}:/home/parallels/ros2_ws/install/py_pubsub:/home/parallels/ros2_ws/install/opencv_tests:/opt/ros/humble /usr/bin/cmake --build /home/parallels/ros2_ws/build/cv_bridge -- -j2 -l2
[0.748s] Invoking command in '/home/parallels/ros2_ws/build/cv_bridge': CMAKE_PREFIX_PATH=${CMAKE_PREFIX_PATH}:/home/parallels/ros2_ws/install/py_pubsub:/home/parallels/ros2_ws/install/opencv_tests:/opt/ros/humble /usr/bin/cmake --install /home/parallels/ros2_ws/build/cv_bridge
[0.758s] -- Install configuration: ""
[0.759s] -- Execute custom install script
[0.759s] -- Up-to-date symlink: /home/parallels/ros2_ws/install/cv_bridge/share/cv_bridge/environment/pythonpath.sh
[0.760s] -- Up-to-date symlink: /home/parallels/ros2_ws/install/cv_bridge/share/cv_bridge/environment/pythonpath.dsv
[0.761s] -- Up-to-date symlink: /home/parallels/ros2_ws/install/cv_bridge/local/lib/python3.10/dist-packages/cv_bridge-3.2.1-py3.10.egg-info/PKG-INFO
[0.761s] -- Up-to-date symlink: /home/parallels/ros2_ws/install/cv_bridge/local/lib/python3.10/dist-packages/cv_bridge-3.2.1-py3.10.egg-info/SOURCES.txt
[0.761s] -- Up-to-date symlink: /home/parallels/ros2_ws/install/cv_bridge/local/lib/python3.10/dist-packages/cv_bridge-3.2.1-py3.10.egg-info/dependency_links.txt
[0.763s] -- Up-to-date symlink: /home/parallels/ros2_ws/install/cv_bridge/local/lib/python3.10/dist-packages/cv_bridge-3.2.1-py3.10.egg-info/top_level.txt
[0.763s] -- Up-to-date symlink: /home/parallels/ros2_ws/install/cv_bridge/local/lib/python3.10/dist-packages/cv_bridge/__init__.py
[0.763s] -- Up-to-date symlink: /home/parallels/ros2_ws/install/cv_bridge/local/lib/python3.10/dist-packages/cv_bridge/core.py
[0.763s] -- Up-to-date symlink: /home/parallels/ros2_ws/install/cv_bridge/include/cv_bridge/cv_bridge/cv_bridge_export.h
[0.763s] -- Up-to-date symlink: /home/parallels/ros2_ws/install/cv_bridge/local/lib/python3.10/dist-packages/cv_bridge/boost//cv_bridge_boost.so
[0.763s] -- Up-to-date symlink: /home/parallels/ros2_ws/install/cv_bridge/include/cv_bridge/cv_bridge/cv_bridge.h
[0.763s] -- Up-to-date symlink: /home/parallels/ros2_ws/install/cv_bridge/include/cv_bridge/cv_bridge/rgb_colors.h
[0.765s] -- Up-to-date symlink: /home/parallels/ros2_ws/install/cv_bridge/lib/libcv_bridge.so
[0.765s] -- Up-to-date symlink: /home/parallels/ros2_ws/install/cv_bridge/share/ament_index/resource_index/package_run_dependencies/cv_bridge
[0.766s] -- Up-to-date symlink: /home/parallels/ros2_ws/install/cv_bridge/share/ament_index/resource_index/parent_prefix_path/cv_bridge
[0.767s] -- Up-to-date symlink: /home/parallels/ros2_ws/install/cv_bridge/share/cv_bridge/environment/ament_prefix_path.sh
[0.767s] -- Up-to-date symlink: /home/parallels/ros2_ws/install/cv_bridge/share/cv_bridge/environment/ament_prefix_path.dsv
[0.767s] -- Up-to-date symlink: /home/parallels/ros2_ws/install/cv_bridge/share/cv_bridge/environment/path.sh
[0.767s] -- Up-to-date symlink: /home/parallels/ros2_ws/install/cv_bridge/share/cv_bridge/environment/path.dsv
[0.767s] -- Up-to-date symlink: /home/parallels/ros2_ws/install/cv_bridge/share/cv_bridge/local_setup.bash
[0.767s] -- Up-to-date symlink: /home/parallels/ros2_ws/install/cv_bridge/share/cv_bridge/local_setup.sh
[0.769s] -- Up-to-date symlink: /home/parallels/ros2_ws/install/cv_bridge/share/cv_bridge/local_setup.zsh
[0.770s] -- Up-to-date symlink: /home/parallels/ros2_ws/install/cv_bridge/share/cv_bridge/local_setup.dsv
[0.770s] -- Symlinking: /home/parallels/ros2_ws/install/cv_bridge/share/cv_bridge/package.dsv
[0.777s] -- Up-to-date symlink: /home/parallels/ros2_ws/install/cv_bridge/share/ament_index/resource_index/packages/cv_bridge
[0.777s] -- Up-to-date symlink: /home/parallels/ros2_ws/install/cv_bridge/share/cv_bridge/cmake/cv_bridge-extras.cmake
[0.777s] -- Up-to-date symlink: /home/parallels/ros2_ws/install/cv_bridge/share/cv_bridge/cmake/ament_cmake_export_dependencies-extras.cmake
[0.778s] -- Up-to-date symlink: /home/parallels/ros2_ws/install/cv_bridge/share/cv_bridge/cmake/ament_cmake_export_targets-extras.cmake
[0.778s] -- Up-to-date symlink: /home/parallels/ros2_ws/install/cv_bridge/share/cv_bridge/cmake/cv_bridgeConfig.cmake
[0.779s] -- Up-to-date symlink: /home/parallels/ros2_ws/install/cv_bridge/share/cv_bridge/cmake/cv_bridgeConfig-version.cmake
[0.779s] -- Up-to-date symlink: /home/parallels/ros2_ws/install/cv_bridge/share/cv_bridge/package.xml
[0.799s] Listing '/home/parallels/ros2_ws/install/cv_bridge/local/lib/python3.10/dist-packages/cv_bridge'...
[0.799s] Listing '/home/parallels/ros2_ws/install/cv_bridge/local/lib/python3.10/dist-packages/cv_bridge/boost'...
[0.807s] -- Up-to-date: /home/parallels/ros2_ws/install/cv_bridge/share/cv_bridge/cmake/export_cv_bridgeExport.cmake
[0.807s] -- Up-to-date: /home/parallels/ros2_ws/install/cv_bridge/share/cv_bridge/cmake/export_cv_bridgeExport-noconfig.cmake
[0.852s] Invoked command in '/home/parallels/ros2_ws/build/cv_bridge' returned '0': CMAKE_PREFIX_PATH=${CMAKE_PREFIX_PATH}:/home/parallels/ros2_ws/install/py_pubsub:/home/parallels/ros2_ws/install/opencv_tests:/opt/ros/humble /usr/bin/cmake --install /home/parallels/ros2_ws/build/cv_bridge
