[0.040s] Invoking command in '/home/parallels/ros2_ws/build/opencv_cam': AMENT_PREFIX_PATH=/home/parallels/ros2_ws/install/ros2_shared CMAKE_PREFIX_PATH=/home/parallels/ros2_ws/install/ros2_shared /usr/bin/cmake --build /home/parallels/ros2_ws/build/opencv_cam -- -j2 -l2
[0.164s] [ 25%] Built target subscriber_node
[0.187s] [ 50%] Built target opencv_cam_node
[0.215s] [ 75%] Built target opencv_cam_main
[0.229s] [100%] Built target ipc_test_main
[0.241s] Invoked command in '/home/parallels/ros2_ws/build/opencv_cam' returned '0': AMENT_PREFIX_PATH=/home/parallels/ros2_ws/install/ros2_shared CMAKE_PREFIX_PATH=/home/parallels/ros2_ws/install/ros2_shared /usr/bin/cmake --build /home/parallels/ros2_ws/build/opencv_cam -- -j2 -l2
[0.251s] Invoking command in '/home/parallels/ros2_ws/build/opencv_cam': AMENT_PREFIX_PATH=/home/parallels/ros2_ws/install/ros2_shared CMAKE_PREFIX_PATH=/home/parallels/ros2_ws/install/ros2_shared /usr/bin/cmake --install /home/parallels/ros2_ws/build/opencv_cam
[0.254s] -- Install configuration: ""
[0.255s] -- Execute custom install script
[0.255s] -- Up-to-date symlink: /home/parallels/ros2_ws/install/opencv_cam/share/opencv_cam/environment/library_path.sh
[0.255s] -- Up-to-date symlink: /home/parallels/ros2_ws/install/opencv_cam/share/opencv_cam/environment/library_path.dsv
[0.256s] -- Up-to-date symlink: /home/parallels/ros2_ws/install/opencv_cam/share/ament_index/resource_index/package_run_dependencies/opencv_cam
[0.256s] -- Up-to-date symlink: /home/parallels/ros2_ws/install/opencv_cam/share/ament_index/resource_index/parent_prefix_path/opencv_cam
[0.257s] -- Up-to-date symlink: /home/parallels/ros2_ws/install/opencv_cam/share/opencv_cam/environment/ament_prefix_path.sh
[0.257s] -- Up-to-date symlink: /home/parallels/ros2_ws/install/opencv_cam/share/opencv_cam/environment/ament_prefix_path.dsv
[0.257s] -- Up-to-date symlink: /home/parallels/ros2_ws/install/opencv_cam/share/opencv_cam/environment/path.sh
[0.258s] -- Up-to-date symlink: /home/parallels/ros2_ws/install/opencv_cam/share/opencv_cam/environment/path.dsv
[0.258s] -- Up-to-date symlink: /home/parallels/ros2_ws/install/opencv_cam/share/opencv_cam/local_setup.bash
[0.258s] -- Up-to-date symlink: /home/parallels/ros2_ws/install/opencv_cam/share/opencv_cam/local_setup.sh
[0.259s] -- Up-to-date symlink: /home/parallels/ros2_ws/install/opencv_cam/share/opencv_cam/local_setup.zsh
[0.259s] -- Up-to-date symlink: /home/parallels/ros2_ws/install/opencv_cam/share/opencv_cam/local_setup.dsv
[0.259s] -- Symlinking: /home/parallels/ros2_ws/install/opencv_cam/share/opencv_cam/package.dsv
[0.264s] -- Up-to-date symlink: /home/parallels/ros2_ws/install/opencv_cam/share/ament_index/resource_index/packages/opencv_cam
[0.265s] -- Up-to-date symlink: /home/parallels/ros2_ws/install/opencv_cam/share/ament_index/resource_index/rclcpp_components/opencv_cam
[0.265s] -- Up-to-date symlink: /home/parallels/ros2_ws/install/opencv_cam/share/opencv_cam/cmake/ament_cmake_export_dependencies-extras.cmake
[0.266s] -- Up-to-date symlink: /home/parallels/ros2_ws/install/opencv_cam/share/opencv_cam/cmake/ament_cmake_export_include_directories-extras.cmake
[0.266s] -- Up-to-date symlink: /home/parallels/ros2_ws/install/opencv_cam/share/opencv_cam/cmake/ament_cmake_export_targets-extras.cmake
[0.267s] -- Up-to-date symlink: /home/parallels/ros2_ws/install/opencv_cam/share/opencv_cam/cmake/ament_cmake_export_libraries-extras.cmake
[0.267s] -- Up-to-date symlink: /home/parallels/ros2_ws/install/opencv_cam/share/opencv_cam/cmake/opencv_camConfig.cmake
[0.267s] -- Up-to-date symlink: /home/parallels/ros2_ws/install/opencv_cam/share/opencv_cam/cmake/opencv_camConfig-version.cmake
[0.269s] -- Up-to-date symlink: /home/parallels/ros2_ws/install/opencv_cam/share/opencv_cam/package.xml
[0.269s] -- Up-to-date symlink: /home/parallels/ros2_ws/install/opencv_cam/lib/opencv_cam/opencv_cam_main
[0.269s] -- Up-to-date symlink: /home/parallels/ros2_ws/install/opencv_cam/lib/opencv_cam/ipc_test_main
[0.270s] -- Up-to-date symlink: /home/parallels/ros2_ws/install/opencv_cam/share/opencv_cam/launch/composition_launch.py
[0.271s] -- Up-to-date: /home/parallels/ros2_ws/install/opencv_cam/share/opencv_cam/cmake/export_opencv_cam_nodeExport.cmake
[0.271s] -- Up-to-date: /home/parallels/ros2_ws/install/opencv_cam/share/opencv_cam/cmake/export_opencv_cam_nodeExport-noconfig.cmake
[0.272s] -- Up-to-date: /home/parallels/ros2_ws/install/opencv_cam/share/opencv_cam/cmake/export_subscriber_nodeExport.cmake
[0.272s] -- Up-to-date: /home/parallels/ros2_ws/install/opencv_cam/share/opencv_cam/cmake/export_subscriber_nodeExport-noconfig.cmake
[0.274s] -- Up-to-date: /home/parallels/ros2_ws/install/opencv_cam/lib/libopencv_cam_node.so
[0.276s] -- Up-to-date: /home/parallels/ros2_ws/install/opencv_cam/lib/libsubscriber_node.so
[0.283s] Invoked command in '/home/parallels/ros2_ws/build/opencv_cam' returned '0': AMENT_PREFIX_PATH=/home/parallels/ros2_ws/install/ros2_shared CMAKE_PREFIX_PATH=/home/parallels/ros2_ws/install/ros2_shared /usr/bin/cmake --install /home/parallels/ros2_ws/build/opencv_cam
