[0.077s] Invoking command in '/home/parallels/ros2_ws/build/vision_opencv': CMAKE_PREFIX_PATH=/home/parallels/ros2_ws/install/image_geometry:/home/parallels/ros2_ws/install/cv_bridge:/home/parallels/ros2_ws/install/vision_opencv:/home/parallels/ros2_ws/install/turtlesim:/home/parallels/ros2_ws/install/opencv_cam:/home/parallels/ros2_ws/install/ros2_shared:/home/parallels/ros2_ws/install/py_pubsub:/home/parallels/ros2_ws/install/opencv_tests:/opt/ros/humble LD_LIBRARY_PATH=/home/parallels/ros2_ws/install/image_geometry/lib:/home/parallels/ros2_ws/install/cv_bridge/lib:/home/parallels/ros2_ws/install/turtlesim/lib:/home/parallels/ros2_ws/install/opencv_cam/lib:/opt/ros/humble/opt/rviz_ogre_vendor/lib:/opt/ros/humble/lib/aarch64-linux-gnu:/opt/ros/humble/lib /usr/bin/cmake --build /home/parallels/ros2_ws/build/vision_opencv -- -j2 -l2
[0.213s] Invoked command in '/home/parallels/ros2_ws/build/vision_opencv' returned '0': CMAKE_PREFIX_PATH=/home/parallels/ros2_ws/install/image_geometry:/home/parallels/ros2_ws/install/cv_bridge:/home/parallels/ros2_ws/install/vision_opencv:/home/parallels/ros2_ws/install/turtlesim:/home/parallels/ros2_ws/install/opencv_cam:/home/parallels/ros2_ws/install/ros2_shared:/home/parallels/ros2_ws/install/py_pubsub:/home/parallels/ros2_ws/install/opencv_tests:/opt/ros/humble LD_LIBRARY_PATH=/home/parallels/ros2_ws/install/image_geometry/lib:/home/parallels/ros2_ws/install/cv_bridge/lib:/home/parallels/ros2_ws/install/turtlesim/lib:/home/parallels/ros2_ws/install/opencv_cam/lib:/opt/ros/humble/opt/rviz_ogre_vendor/lib:/opt/ros/humble/lib/aarch64-linux-gnu:/opt/ros/humble/lib /usr/bin/cmake --build /home/parallels/ros2_ws/build/vision_opencv -- -j2 -l2
[0.341s] Invoking command in '/home/parallels/ros2_ws/build/vision_opencv': CMAKE_PREFIX_PATH=/home/parallels/ros2_ws/install/image_geometry:/home/parallels/ros2_ws/install/cv_bridge:/home/parallels/ros2_ws/install/vision_opencv:/home/parallels/ros2_ws/install/turtlesim:/home/parallels/ros2_ws/install/opencv_cam:/home/parallels/ros2_ws/install/ros2_shared:/home/parallels/ros2_ws/install/py_pubsub:/home/parallels/ros2_ws/install/opencv_tests:/opt/ros/humble LD_LIBRARY_PATH=/home/parallels/ros2_ws/install/image_geometry/lib:/home/parallels/ros2_ws/install/cv_bridge/lib:/home/parallels/ros2_ws/install/turtlesim/lib:/home/parallels/ros2_ws/install/opencv_cam/lib:/opt/ros/humble/opt/rviz_ogre_vendor/lib:/opt/ros/humble/lib/aarch64-linux-gnu:/opt/ros/humble/lib /usr/bin/cmake --install /home/parallels/ros2_ws/build/vision_opencv
[0.357s] -- Install configuration: ""
[0.358s] -- Execute custom install script
[0.359s] -- Up-to-date symlink: /home/parallels/ros2_ws/install/vision_opencv/share/ament_index/resource_index/package_run_dependencies/vision_opencv
[0.360s] -- Up-to-date symlink: /home/parallels/ros2_ws/install/vision_opencv/share/ament_index/resource_index/parent_prefix_path/vision_opencv
[0.360s] -- Up-to-date symlink: /home/parallels/ros2_ws/install/vision_opencv/share/vision_opencv/environment/ament_prefix_path.sh
[0.360s] -- Up-to-date symlink: /home/parallels/ros2_ws/install/vision_opencv/share/vision_opencv/environment/ament_prefix_path.dsv
[0.361s] -- Up-to-date symlink: /home/parallels/ros2_ws/install/vision_opencv/share/vision_opencv/environment/path.sh
[0.361s] -- Up-to-date symlink: /home/parallels/ros2_ws/install/vision_opencv/share/vision_opencv/environment/path.dsv
[0.362s] -- Up-to-date symlink: /home/parallels/ros2_ws/install/vision_opencv/share/vision_opencv/local_setup.bash
[0.362s] -- Up-to-date symlink: /home/parallels/ros2_ws/install/vision_opencv/share/vision_opencv/local_setup.sh
[0.363s] -- Up-to-date symlink: /home/parallels/ros2_ws/install/vision_opencv/share/vision_opencv/local_setup.zsh
[0.363s] -- Up-to-date symlink: /home/parallels/ros2_ws/install/vision_opencv/share/vision_opencv/local_setup.dsv
[0.363s] -- Symlinking: /home/parallels/ros2_ws/install/vision_opencv/share/vision_opencv/package.dsv
[0.419s] -- Up-to-date symlink: /home/parallels/ros2_ws/install/vision_opencv/share/ament_index/resource_index/packages/vision_opencv
[0.420s] -- Up-to-date symlink: /home/parallels/ros2_ws/install/vision_opencv/share/vision_opencv/cmake/vision_opencvConfig.cmake
[0.420s] -- Up-to-date symlink: /home/parallels/ros2_ws/install/vision_opencv/share/vision_opencv/cmake/vision_opencvConfig-version.cmake
[0.420s] -- Up-to-date symlink: /home/parallels/ros2_ws/install/vision_opencv/share/vision_opencv/package.xml
[0.426s] Invoked command in '/home/parallels/ros2_ws/build/vision_opencv' returned '0': CMAKE_PREFIX_PATH=/home/parallels/ros2_ws/install/image_geometry:/home/parallels/ros2_ws/install/cv_bridge:/home/parallels/ros2_ws/install/vision_opencv:/home/parallels/ros2_ws/install/turtlesim:/home/parallels/ros2_ws/install/opencv_cam:/home/parallels/ros2_ws/install/ros2_shared:/home/parallels/ros2_ws/install/py_pubsub:/home/parallels/ros2_ws/install/opencv_tests:/opt/ros/humble LD_LIBRARY_PATH=/home/parallels/ros2_ws/install/image_geometry/lib:/home/parallels/ros2_ws/install/cv_bridge/lib:/home/parallels/ros2_ws/install/turtlesim/lib:/home/parallels/ros2_ws/install/opencv_cam/lib:/opt/ros/humble/opt/rviz_ogre_vendor/lib:/opt/ros/humble/lib/aarch64-linux-gnu:/opt/ros/humble/lib /usr/bin/cmake --install /home/parallels/ros2_ws/build/vision_opencv
