[0.112s] Invoking command in '/home/parallels/ros2_ws/build/opencv_cam': CMAKE_PREFIX_PATH=/home/parallels/ros2_ws/install/ros2_shared:/home/parallels/ros2_ws/install/vision_opencv:/home/parallels/ros2_ws/install/turtlesim:/home/parallels/ros2_ws/install/opencv_cam:/home/parallels/ros2_ws/install/image_geometry:/home/parallels/ros2_ws/install/cv_bridge:/home/parallels/ros2_ws/install/py_pubsub:/home/parallels/ros2_ws/install/opencv_tests:/opt/ros/humble /usr/bin/cmake /home/parallels/ros2_ws/src/opencv_cam -DCMAKE_INSTALL_PREFIX=/home/parallels/ros2_ws/install/opencv_cam
[0.215s] -- Found OpenCV version 4.5.4
[0.216s] -- Found ament_cmake: 1.3.7 (/opt/ros/humble/share/ament_cmake/cmake)
[0.368s] -- Override CMake install command with custom implementation using symlinks instead of copying resources
[0.380s] -- Found camera_calibration_parsers: 3.1.8 (/opt/ros/humble/share/camera_calibration_parsers/cmake)
[0.481s] -- Found rosidl_generator_c: 3.1.5 (/opt/ros/humble/share/rosidl_generator_c/cmake)
[0.487s] -- Found rosidl_adapter: 3.1.5 (/opt/ros/humble/share/rosidl_adapter/cmake)
[0.530s] -- Found rosidl_generator_cpp: 3.1.5 (/opt/ros/humble/share/rosidl_generator_cpp/cmake)
[0.562s] -- Using all available rosidl_typesupport_c: rosidl_typesupport_fastrtps_c;rosidl_typesupport_introspection_c
[0.606s] -- Using all available rosidl_typesupport_cpp: rosidl_typesupport_fastrtps_cpp;rosidl_typesupport_introspection_cpp
[0.821s] -- Found rmw_implementation_cmake: 6.1.1 (/opt/ros/humble/share/rmw_implementation_cmake/cmake)
[0.832s] -- Found rmw_fastrtps_cpp: 6.2.6 (/opt/ros/humble/share/rmw_fastrtps_cpp/cmake)
[0.941s] -- Using RMW implementation 'rmw_fastrtps_cpp' as default
[1.531s] -- Found class_loader: 2.2.0 (/opt/ros/humble/share/class_loader/cmake)
[1.537s] -- Found rclcpp_components: 16.0.8 (/opt/ros/humble/share/rclcpp_components/cmake)
[1.654s] -- Found ros2_shared: 0.1.0 (/home/parallels/ros2_ws/install/ros2_shared/share/ros2_shared/cmake)
[1.777s] -- Configuring done
[1.854s] -- Generating done
[1.861s] -- Build files have been written to: /home/parallels/ros2_ws/build/opencv_cam
[1.967s] Invoked command in '/home/parallels/ros2_ws/build/opencv_cam' returned '0': CMAKE_PREFIX_PATH=/home/parallels/ros2_ws/install/ros2_shared:/home/parallels/ros2_ws/install/vision_opencv:/home/parallels/ros2_ws/install/turtlesim:/home/parallels/ros2_ws/install/opencv_cam:/home/parallels/ros2_ws/install/image_geometry:/home/parallels/ros2_ws/install/cv_bridge:/home/parallels/ros2_ws/install/py_pubsub:/home/parallels/ros2_ws/install/opencv_tests:/opt/ros/humble /usr/bin/cmake /home/parallels/ros2_ws/src/opencv_cam -DCMAKE_INSTALL_PREFIX=/home/parallels/ros2_ws/install/opencv_cam
[1.967s] Invoking command in '/home/parallels/ros2_ws/build/opencv_cam': CMAKE_PREFIX_PATH=/home/parallels/ros2_ws/install/ros2_shared:/home/parallels/ros2_ws/install/vision_opencv:/home/parallels/ros2_ws/install/turtlesim:/home/parallels/ros2_ws/install/opencv_cam:/home/parallels/ros2_ws/install/image_geometry:/home/parallels/ros2_ws/install/cv_bridge:/home/parallels/ros2_ws/install/py_pubsub:/home/parallels/ros2_ws/install/opencv_tests:/opt/ros/humble /usr/bin/cmake --build /home/parallels/ros2_ws/build/opencv_cam -- -j2 -l2
[2.067s] [35m[1mConsolidate compiler generated dependencies of target opencv_cam_node[0m
[2.100s] [35m[1mConsolidate compiler generated dependencies of target subscriber_node[0m
[2.143s] [ 25%] Built target opencv_cam_node
[2.145s] [ 50%] Built target subscriber_node
[2.182s] [35m[1mConsolidate compiler generated dependencies of target ipc_test_main[0m
[2.251s] [ 75%] Built target ipc_test_main
[2.253s] [35m[1mConsolidate compiler generated dependencies of target opencv_cam_main[0m
[2.314s] [100%] Built target opencv_cam_main
[2.321s] Invoked command in '/home/parallels/ros2_ws/build/opencv_cam' returned '0': CMAKE_PREFIX_PATH=/home/parallels/ros2_ws/install/ros2_shared:/home/parallels/ros2_ws/install/vision_opencv:/home/parallels/ros2_ws/install/turtlesim:/home/parallels/ros2_ws/install/opencv_cam:/home/parallels/ros2_ws/install/image_geometry:/home/parallels/ros2_ws/install/cv_bridge:/home/parallels/ros2_ws/install/py_pubsub:/home/parallels/ros2_ws/install/opencv_tests:/opt/ros/humble /usr/bin/cmake --build /home/parallels/ros2_ws/build/opencv_cam -- -j2 -l2
[2.348s] Invoking command in '/home/parallels/ros2_ws/build/opencv_cam': CMAKE_PREFIX_PATH=/home/parallels/ros2_ws/install/ros2_shared:/home/parallels/ros2_ws/install/vision_opencv:/home/parallels/ros2_ws/install/turtlesim:/home/parallels/ros2_ws/install/opencv_cam:/home/parallels/ros2_ws/install/image_geometry:/home/parallels/ros2_ws/install/cv_bridge:/home/parallels/ros2_ws/install/py_pubsub:/home/parallels/ros2_ws/install/opencv_tests:/opt/ros/humble /usr/bin/cmake --install /home/parallels/ros2_ws/build/opencv_cam
[2.373s] -- Install configuration: ""
[2.374s] -- Execute custom install script
[2.374s] -- Up-to-date symlink: /home/parallels/ros2_ws/install/opencv_cam/share/opencv_cam/environment/library_path.sh
[2.374s] -- Up-to-date symlink: /home/parallels/ros2_ws/install/opencv_cam/share/opencv_cam/environment/library_path.dsv
[2.374s] -- Up-to-date symlink: /home/parallels/ros2_ws/install/opencv_cam/share/ament_index/resource_index/package_run_dependencies/opencv_cam
[2.374s] -- Up-to-date symlink: /home/parallels/ros2_ws/install/opencv_cam/share/ament_index/resource_index/parent_prefix_path/opencv_cam
[2.374s] -- Up-to-date symlink: /home/parallels/ros2_ws/install/opencv_cam/share/opencv_cam/environment/ament_prefix_path.sh
[2.374s] -- Up-to-date symlink: /home/parallels/ros2_ws/install/opencv_cam/share/opencv_cam/environment/ament_prefix_path.dsv
[2.374s] -- Up-to-date symlink: /home/parallels/ros2_ws/install/opencv_cam/share/opencv_cam/environment/path.sh
[2.375s] -- Up-to-date symlink: /home/parallels/ros2_ws/install/opencv_cam/share/opencv_cam/environment/path.dsv
[2.375s] -- Up-to-date symlink: /home/parallels/ros2_ws/install/opencv_cam/share/opencv_cam/local_setup.bash
[2.375s] -- Up-to-date symlink: /home/parallels/ros2_ws/install/opencv_cam/share/opencv_cam/local_setup.sh
[2.375s] -- Up-to-date symlink: /home/parallels/ros2_ws/install/opencv_cam/share/opencv_cam/local_setup.zsh
[2.375s] -- Up-to-date symlink: /home/parallels/ros2_ws/install/opencv_cam/share/opencv_cam/local_setup.dsv
[2.375s] -- Symlinking: /home/parallels/ros2_ws/install/opencv_cam/share/opencv_cam/package.dsv
[2.379s] -- Up-to-date symlink: /home/parallels/ros2_ws/install/opencv_cam/share/ament_index/resource_index/packages/opencv_cam
[2.379s] -- Up-to-date symlink: /home/parallels/ros2_ws/install/opencv_cam/share/ament_index/resource_index/rclcpp_components/opencv_cam
[2.379s] -- Up-to-date symlink: /home/parallels/ros2_ws/install/opencv_cam/share/opencv_cam/cmake/ament_cmake_export_dependencies-extras.cmake
[2.379s] -- Up-to-date symlink: /home/parallels/ros2_ws/install/opencv_cam/share/opencv_cam/cmake/ament_cmake_export_include_directories-extras.cmake
[2.380s] -- Up-to-date symlink: /home/parallels/ros2_ws/install/opencv_cam/share/opencv_cam/cmake/ament_cmake_export_targets-extras.cmake
[2.380s] -- Up-to-date symlink: /home/parallels/ros2_ws/install/opencv_cam/share/opencv_cam/cmake/ament_cmake_export_libraries-extras.cmake
[2.380s] -- Up-to-date symlink: /home/parallels/ros2_ws/install/opencv_cam/share/opencv_cam/cmake/opencv_camConfig.cmake
[2.380s] -- Up-to-date symlink: /home/parallels/ros2_ws/install/opencv_cam/share/opencv_cam/cmake/opencv_camConfig-version.cmake
[2.380s] -- Up-to-date symlink: /home/parallels/ros2_ws/install/opencv_cam/share/opencv_cam/package.xml
[2.380s] -- Up-to-date symlink: /home/parallels/ros2_ws/install/opencv_cam/lib/opencv_cam/opencv_cam_main
[2.380s] -- Up-to-date symlink: /home/parallels/ros2_ws/install/opencv_cam/lib/opencv_cam/ipc_test_main
[2.380s] -- Up-to-date symlink: /home/parallels/ros2_ws/install/opencv_cam/share/opencv_cam/launch/composition_launch.py
[2.381s] -- Up-to-date: /home/parallels/ros2_ws/install/opencv_cam/share/opencv_cam/cmake/export_opencv_cam_nodeExport.cmake
[2.381s] -- Up-to-date: /home/parallels/ros2_ws/install/opencv_cam/share/opencv_cam/cmake/export_opencv_cam_nodeExport-noconfig.cmake
[2.381s] -- Up-to-date: /home/parallels/ros2_ws/install/opencv_cam/share/opencv_cam/cmake/export_subscriber_nodeExport.cmake
[2.381s] -- Up-to-date: /home/parallels/ros2_ws/install/opencv_cam/share/opencv_cam/cmake/export_subscriber_nodeExport-noconfig.cmake
[2.382s] -- Up-to-date: /home/parallels/ros2_ws/install/opencv_cam/lib/libopencv_cam_node.so
[2.382s] -- Up-to-date: /home/parallels/ros2_ws/install/opencv_cam/lib/libsubscriber_node.so
[2.395s] Invoked command in '/home/parallels/ros2_ws/build/opencv_cam' returned '0': CMAKE_PREFIX_PATH=/home/parallels/ros2_ws/install/ros2_shared:/home/parallels/ros2_ws/install/vision_opencv:/home/parallels/ros2_ws/install/turtlesim:/home/parallels/ros2_ws/install/opencv_cam:/home/parallels/ros2_ws/install/image_geometry:/home/parallels/ros2_ws/install/cv_bridge:/home/parallels/ros2_ws/install/py_pubsub:/home/parallels/ros2_ws/install/opencv_tests:/opt/ros/humble /usr/bin/cmake --install /home/parallels/ros2_ws/build/opencv_cam
