[0.106s] Invoking command in '/home/parallels/ros2_ws/build/opencv_cam': CMAKE_PREFIX_PATH=/home/parallels/ros2_ws/install/ros2_shared:/home/parallels/ros2_ws/install/vision_opencv:/home/parallels/ros2_ws/install/turtlesim:/home/parallels/ros2_ws/install/opencv_cam:/home/parallels/ros2_ws/install/image_geometry:/home/parallels/ros2_ws/install/cv_bridge:/home/parallels/ros2_ws/install/py_pubsub:/home/parallels/ros2_ws/install/opencv_tests:/opt/ros/humble /usr/bin/cmake --build /home/parallels/ros2_ws/build/opencv_cam -- -j2 -l2
[0.249s] [ 25%] Built target subscriber_node
[0.267s] [ 50%] Built target opencv_cam_node
[0.349s] [ 75%] Built target opencv_cam_main
[0.393s] [100%] Built target ipc_test_main
[0.472s] Invoked command in '/home/parallels/ros2_ws/build/opencv_cam' returned '0': CMAKE_PREFIX_PATH=/home/parallels/ros2_ws/install/ros2_shared:/home/parallels/ros2_ws/install/vision_opencv:/home/parallels/ros2_ws/install/turtlesim:/home/parallels/ros2_ws/install/opencv_cam:/home/parallels/ros2_ws/install/image_geometry:/home/parallels/ros2_ws/install/cv_bridge:/home/parallels/ros2_ws/install/py_pubsub:/home/parallels/ros2_ws/install/opencv_tests:/opt/ros/humble /usr/bin/cmake --build /home/parallels/ros2_ws/build/opencv_cam -- -j2 -l2
[0.552s] Invoking command in '/home/parallels/ros2_ws/build/opencv_cam': CMAKE_PREFIX_PATH=/home/parallels/ros2_ws/install/ros2_shared:/home/parallels/ros2_ws/install/vision_opencv:/home/parallels/ros2_ws/install/turtlesim:/home/parallels/ros2_ws/install/opencv_cam:/home/parallels/ros2_ws/install/image_geometry:/home/parallels/ros2_ws/install/cv_bridge:/home/parallels/ros2_ws/install/py_pubsub:/home/parallels/ros2_ws/install/opencv_tests:/opt/ros/humble /usr/bin/cmake --install /home/parallels/ros2_ws/build/opencv_cam
[0.558s] -- Install configuration: ""
[0.559s] -- Execute custom install script
[0.559s] -- Up-to-date symlink: /home/parallels/ros2_ws/install/opencv_cam/share/opencv_cam/environment/library_path.sh
[0.559s] -- Up-to-date symlink: /home/parallels/ros2_ws/install/opencv_cam/share/opencv_cam/environment/library_path.dsv
[0.560s] -- Up-to-date symlink: /home/parallels/ros2_ws/install/opencv_cam/share/ament_index/resource_index/package_run_dependencies/opencv_cam
[0.560s] -- Up-to-date symlink: /home/parallels/ros2_ws/install/opencv_cam/share/ament_index/resource_index/parent_prefix_path/opencv_cam
[0.563s] -- Up-to-date symlink: /home/parallels/ros2_ws/install/opencv_cam/share/opencv_cam/environment/ament_prefix_path.sh
[0.563s] -- Up-to-date symlink: /home/parallels/ros2_ws/install/opencv_cam/share/opencv_cam/environment/ament_prefix_path.dsv
[0.564s] -- Up-to-date symlink: /home/parallels/ros2_ws/install/opencv_cam/share/opencv_cam/environment/path.sh
[0.564s] -- Up-to-date symlink: /home/parallels/ros2_ws/install/opencv_cam/share/opencv_cam/environment/path.dsv
[0.564s] -- Up-to-date symlink: /home/parallels/ros2_ws/install/opencv_cam/share/opencv_cam/local_setup.bash
[0.565s] -- Up-to-date symlink: /home/parallels/ros2_ws/install/opencv_cam/share/opencv_cam/local_setup.sh
[0.565s] -- Up-to-date symlink: /home/parallels/ros2_ws/install/opencv_cam/share/opencv_cam/local_setup.zsh
[0.566s] -- Up-to-date symlink: /home/parallels/ros2_ws/install/opencv_cam/share/opencv_cam/local_setup.dsv
[0.567s] -- Symlinking: /home/parallels/ros2_ws/install/opencv_cam/share/opencv_cam/package.dsv
[0.572s] -- Up-to-date symlink: /home/parallels/ros2_ws/install/opencv_cam/share/ament_index/resource_index/packages/opencv_cam
[0.573s] -- Up-to-date symlink: /home/parallels/ros2_ws/install/opencv_cam/share/ament_index/resource_index/rclcpp_components/opencv_cam
[0.573s] -- Up-to-date symlink: /home/parallels/ros2_ws/install/opencv_cam/share/opencv_cam/cmake/ament_cmake_export_dependencies-extras.cmake
[0.573s] -- Up-to-date symlink: /home/parallels/ros2_ws/install/opencv_cam/share/opencv_cam/cmake/ament_cmake_export_include_directories-extras.cmake
[0.573s] -- Up-to-date symlink: /home/parallels/ros2_ws/install/opencv_cam/share/opencv_cam/cmake/ament_cmake_export_targets-extras.cmake
[0.574s] -- Up-to-date symlink: /home/parallels/ros2_ws/install/opencv_cam/share/opencv_cam/cmake/ament_cmake_export_libraries-extras.cmake
[0.574s] -- Up-to-date symlink: /home/parallels/ros2_ws/install/opencv_cam/share/opencv_cam/cmake/opencv_camConfig.cmake
[0.574s] -- Up-to-date symlink: /home/parallels/ros2_ws/install/opencv_cam/share/opencv_cam/cmake/opencv_camConfig-version.cmake
[0.574s] -- Up-to-date symlink: /home/parallels/ros2_ws/install/opencv_cam/share/opencv_cam/package.xml
[0.575s] -- Up-to-date symlink: /home/parallels/ros2_ws/install/opencv_cam/lib/opencv_cam/opencv_cam_main
[0.576s] -- Up-to-date symlink: /home/parallels/ros2_ws/install/opencv_cam/lib/opencv_cam/ipc_test_main
[0.576s] -- Up-to-date symlink: /home/parallels/ros2_ws/install/opencv_cam/share/opencv_cam/launch/composition_launch.py
[0.577s] -- Up-to-date: /home/parallels/ros2_ws/install/opencv_cam/share/opencv_cam/cmake/export_opencv_cam_nodeExport.cmake
[0.577s] -- Up-to-date: /home/parallels/ros2_ws/install/opencv_cam/share/opencv_cam/cmake/export_opencv_cam_nodeExport-noconfig.cmake
[0.578s] -- Up-to-date: /home/parallels/ros2_ws/install/opencv_cam/share/opencv_cam/cmake/export_subscriber_nodeExport.cmake
[0.578s] -- Up-to-date: /home/parallels/ros2_ws/install/opencv_cam/share/opencv_cam/cmake/export_subscriber_nodeExport-noconfig.cmake
[0.580s] -- Up-to-date: /home/parallels/ros2_ws/install/opencv_cam/lib/libopencv_cam_node.so
[0.581s] -- Up-to-date: /home/parallels/ros2_ws/install/opencv_cam/lib/libsubscriber_node.so
[0.585s] Invoked command in '/home/parallels/ros2_ws/build/opencv_cam' returned '0': CMAKE_PREFIX_PATH=/home/parallels/ros2_ws/install/ros2_shared:/home/parallels/ros2_ws/install/vision_opencv:/home/parallels/ros2_ws/install/turtlesim:/home/parallels/ros2_ws/install/opencv_cam:/home/parallels/ros2_ws/install/image_geometry:/home/parallels/ros2_ws/install/cv_bridge:/home/parallels/ros2_ws/install/py_pubsub:/home/parallels/ros2_ws/install/opencv_tests:/opt/ros/humble /usr/bin/cmake --install /home/parallels/ros2_ws/build/opencv_cam
