[0.088s] Invoking command in '/home/parallels/ros2_ws/build/ros2_shared': CMAKE_PREFIX_PATH=/opt/ros/humble /usr/bin/cmake /home/parallels/ros2_ws/src/ros2_shared -DAMENT_CMAKE_SYMLINK_INSTALL=1 -DCMAKE_INSTALL_PREFIX=/home/parallels/ros2_ws/install/ros2_shared
[0.113s] -- Found ament_cmake: 1.3.7 (/opt/ros/humble/share/ament_cmake/cmake)
[0.225s] -- Override CMake install command with custom implementation using symlinks instead of copying resources
[0.239s] -- Found rclcpp: 16.0.8 (/opt/ros/humble/share/rclcpp/cmake)
[0.276s] -- Found rosidl_generator_c: 3.1.5 (/opt/ros/humble/share/rosidl_generator_c/cmake)
[0.279s] -- Found rosidl_adapter: 3.1.5 (/opt/ros/humble/share/rosidl_adapter/cmake)
[0.285s] -- Found rosidl_generator_cpp: 3.1.5 (/opt/ros/humble/share/rosidl_generator_cpp/cmake)
[0.296s] -- Using all available rosidl_typesupport_c: rosidl_typesupport_fastrtps_c;rosidl_typesupport_introspection_c
[0.311s] -- Using all available rosidl_typesupport_cpp: rosidl_typesupport_fastrtps_cpp;rosidl_typesupport_introspection_cpp
[0.366s] -- Found rmw_implementation_cmake: 6.1.1 (/opt/ros/humble/share/rmw_implementation_cmake/cmake)
[0.368s] -- Found rmw_fastrtps_cpp: 6.2.6 (/opt/ros/humble/share/rmw_fastrtps_cpp/cmake)
[0.467s] -- Using RMW implementation 'rmw_fastrtps_cpp' as default
[0.662s] -- Configuring done
[0.669s] -- Generating done
[0.669s] -- Build files have been written to: /home/parallels/ros2_ws/build/ros2_shared
[0.683s] Invoked command in '/home/parallels/ros2_ws/build/ros2_shared' returned '0': CMAKE_PREFIX_PATH=/opt/ros/humble /usr/bin/cmake /home/parallels/ros2_ws/src/ros2_shared -DAMENT_CMAKE_SYMLINK_INSTALL=1 -DCMAKE_INSTALL_PREFIX=/home/parallels/ros2_ws/install/ros2_shared
[0.684s] Invoking command in '/home/parallels/ros2_ws/build/ros2_shared': CMAKE_PREFIX_PATH=/opt/ros/humble /usr/bin/cmake --build /home/parallels/ros2_ws/build/ros2_shared -- -j2 -l2
[0.737s] Invoked command in '/home/parallels/ros2_ws/build/ros2_shared' returned '0': CMAKE_PREFIX_PATH=/opt/ros/humble /usr/bin/cmake --build /home/parallels/ros2_ws/build/ros2_shared -- -j2 -l2
[0.746s] Invoking command in '/home/parallels/ros2_ws/build/ros2_shared': CMAKE_PREFIX_PATH=/opt/ros/humble /usr/bin/cmake --install /home/parallels/ros2_ws/build/ros2_shared
[0.752s] -- Install configuration: ""
[0.752s] -- Execute custom install script
[0.754s] -- Symlinking: /home/parallels/ros2_ws/install/ros2_shared/include/ros2_shared/context_macros.hpp
[0.760s] -- Symlinking: /home/parallels/ros2_ws/install/ros2_shared/include/ros2_shared/param_macros.hpp
[0.764s] -- Symlinking: /home/parallels/ros2_ws/install/ros2_shared/include/ros2_shared/string_printf.hpp
[0.776s] -- Symlinking: /home/parallels/ros2_ws/install/ros2_shared/share/ament_index/resource_index/package_run_dependencies/ros2_shared
[0.780s] -- Symlinking: /home/parallels/ros2_ws/install/ros2_shared/share/ament_index/resource_index/parent_prefix_path/ros2_shared
[0.784s] -- Symlinking: /home/parallels/ros2_ws/install/ros2_shared/share/ros2_shared/environment/ament_prefix_path.sh
[0.789s] -- Symlinking: /home/parallels/ros2_ws/install/ros2_shared/share/ros2_shared/environment/ament_prefix_path.dsv
[0.793s] -- Symlinking: /home/parallels/ros2_ws/install/ros2_shared/share/ros2_shared/environment/path.sh
[0.797s] -- Symlinking: /home/parallels/ros2_ws/install/ros2_shared/share/ros2_shared/environment/path.dsv
[0.801s] -- Symlinking: /home/parallels/ros2_ws/install/ros2_shared/share/ros2_shared/local_setup.bash
[0.807s] -- Symlinking: /home/parallels/ros2_ws/install/ros2_shared/share/ros2_shared/local_setup.sh
[0.811s] -- Symlinking: /home/parallels/ros2_ws/install/ros2_shared/share/ros2_shared/local_setup.zsh
[0.815s] -- Symlinking: /home/parallels/ros2_ws/install/ros2_shared/share/ros2_shared/local_setup.dsv
[0.818s] -- Symlinking: /home/parallels/ros2_ws/install/ros2_shared/share/ros2_shared/package.dsv
[0.822s] -- Symlinking: /home/parallels/ros2_ws/install/ros2_shared/share/ament_index/resource_index/packages/ros2_shared
[0.827s] -- Symlinking: /home/parallels/ros2_ws/install/ros2_shared/share/ros2_shared/cmake/ament_cmake_export_targets-extras.cmake
[0.831s] -- Symlinking: /home/parallels/ros2_ws/install/ros2_shared/share/ros2_shared/cmake/ament_cmake_export_dependencies-extras.cmake
[0.835s] -- Symlinking: /home/parallels/ros2_ws/install/ros2_shared/share/ros2_shared/cmake/ros2_sharedConfig.cmake
[0.839s] -- Symlinking: /home/parallels/ros2_ws/install/ros2_shared/share/ros2_shared/cmake/ros2_sharedConfig-version.cmake
[0.843s] -- Symlinking: /home/parallels/ros2_ws/install/ros2_shared/share/ros2_shared/package.xml
[0.848s] -- Up-to-date: /home/parallels/ros2_ws/install/ros2_shared/share/ros2_shared/cmake/ros2_shared_targetsExport.cmake
[0.851s] Invoked command in '/home/parallels/ros2_ws/build/ros2_shared' returned '0': CMAKE_PREFIX_PATH=/opt/ros/humble /usr/bin/cmake --install /home/parallels/ros2_ws/build/ros2_shared
